#
# There is insufficient memory for the Java Runtime Environment to continue.
# Native memory allocation (malloc) failed to allocate 85983232 bytes for committing reserved memory.
# Possible reasons:
#   The system is out of physical RAM or swap space
#   In 32 bit mode, the process size limit was hit
# Possible solutions:
#   Reduce memory load on the system
#   Increase physical memory or swap space
#   Check if swap backing store is full
#   Use 64 bit Java on a 64 bit OS
#   Decrease Java heap size (-Xmx/-Xms)
#   Decrease number of Java threads
#   Decrease Java thread stack sizes (-Xss)
#   Set larger code cache with -XX:ReservedCodeCacheSize=
# This output file may be truncated or incomplete.
#
#  Out of Memory Error (os_linux.cpp:2798), pid=29379, tid=140018227062528
#
# JRE version: OpenJDK Runtime Environment (7.0_75-b13) (build 1.7.0_75-b13)
# Java VM: OpenJDK 64-Bit Server VM (24.75-b04 mixed mode linux-amd64 compressed oops)
# Derivative: IcedTea 2.5.4
# Distribution: Debian GNU/Linux 7.6 (wheezy), package 7u75-2.5.4-1~deb7u1
# Failed to write core dump. Core dumps have been disabled. To enable core dumping, try "ulimit -c unlimited" before starting Java again
#

---------------  T H R E A D  ---------------

Current thread (0x00007f588c07c800):  VMThread [stack: 0x00007f58889fa000,0x00007f5888afb000] [id=29405]

Stack: [0x00007f58889fa000,0x00007f5888afb000],  sp=0x00007f5888af9500,  free space=1021k
Native frames: (J=compiled Java code, j=interpreted, Vv=VM code, C=native code)
V  [libjvm.so+0x92a085]  VMError::report_and_die()+0x175
V  [libjvm.so+0x490140]  report_vm_out_of_memory(char const*, int, unsigned long, char const*)+0x70
V  [libjvm.so+0x7b35f3]  os::pd_commit_memory(char*, unsigned long, unsigned long, bool)+0x103
V  [libjvm.so+0x7addf6]  os::commit_memory(char*, unsigned long, unsigned long, bool)+0x26
V  [libjvm.so+0x81b0eb]  PSVirtualSpace::expand_by(unsigned long)+0x6b
V  [libjvm.so+0x81beb8]  PSYoungGen::resize_generation(unsigned long, unsigned long)+0xa8
V  [libjvm.so+0x81c512]  PSYoungGen::resize(unsigned long, unsigned long)+0x22
V  [libjvm.so+0x818dd1]  PSScavenge::invoke_no_policy()+0xdc1
V  [libjvm.so+0x819603]  PSScavenge::invoke()+0x43
V  [libjvm.so+0x7d2ace]  ParallelScavengeHeap::failed_mem_allocate(unsigned long)+0x6e
V  [libjvm.so+0x92bb00]  VM_ParallelGCFailedAllocation::doit()+0x90
V  [libjvm.so+0x930212]  VM_Operation::evaluate()+0x52
V  [libjvm.so+0x92eb98]  VMThread::evaluate_operation(VM_Operation*)+0x318
V  [libjvm.so+0x92efbe]  VMThread::loop()+0x1ee
V  [libjvm.so+0x92f402]  VMThread::run()+0x72
V  [libjvm.so+0x7b04d2]  java_start(Thread*)+0xf2

VM_Operation (0x00007f5880312400): ParallelGCFailedAllocation, mode: safepoint, requested by thread 0x00007f588c1f4000


---------------  P R O C E S S  ---------------

Java Threads: ( => current thread )
  0x00007f588c1f9800 JavaThread "pool-1-thread-4" [_thread_blocked, id=29490, stack(0x00007f587beff000,0x00007f587c000000)]
  0x00007f588c1f8800 JavaThread "pool-1-thread-3" [_thread_blocked, id=29487, stack(0x00007f5880011000,0x00007f5880112000)]
  0x00007f588c1f5800 JavaThread "pool-1-thread-2" [_thread_blocked, id=29486, stack(0x00007f5880112000,0x00007f5880213000)]
  0x00007f588c1f4000 JavaThread "pool-2-thread-1" [_thread_blocked, id=29484, stack(0x00007f5880213000,0x00007f5880314000)]
  0x00007f588c1f2800 JavaThread "pool-1-thread-1" [_thread_blocked, id=29482, stack(0x00007f5888069000,0x00007f588816a000)]
  0x00007f588c0b5000 JavaThread "Service Thread" daemon [_thread_blocked, id=29411, stack(0x00007f588826b000,0x00007f588836c000)]
  0x00007f588c0b2800 JavaThread "C2 CompilerThread1" daemon [_thread_blocked, id=29410, stack(0x00007f588836c000,0x00007f588846d000)]
  0x00007f588c0af800 JavaThread "C2 CompilerThread0" daemon [_thread_blocked, id=29409, stack(0x00007f588846d000,0x00007f588856e000)]
  0x00007f588c0ad800 JavaThread "Signal Dispatcher" daemon [_thread_blocked, id=29408, stack(0x00007f588856e000,0x00007f588866f000)]
  0x00007f588c083000 JavaThread "Finalizer" daemon [_thread_blocked, id=29407, stack(0x00007f58887f8000,0x00007f58888f9000)]
  0x00007f588c081000 JavaThread "Reference Handler" daemon [_thread_blocked, id=29406, stack(0x00007f58888f9000,0x00007f58889fa000)]
  0x00007f588c008800 JavaThread "main" [_thread_blocked, id=29391, stack(0x00007f58954b4000,0x00007f58955b5000)]

Other Threads:
=>0x00007f588c07c800 VMThread [stack: 0x00007f58889fa000,0x00007f5888afb000] [id=29405]
  0x00007f588c0c0000 WatcherThread [stack: 0x00007f588816a000,0x00007f588826b000] [id=29412]

VM state:at safepoint (normal execution)

VM Mutex/Monitor currently owned by a thread:  ([mutex/lock_event])
[0x00007f588c006ac0] Threads_lock - owner thread: 0x00007f588c07c800
[0x00007f588c006fc0] Heap_lock - owner thread: 0x00007f588c1f4000

Heap
 PSYoungGen      total 68608K, used 5117K [0x00000000eaa80000, 0x00000000ef280000, 0x0000000100000000)
  eden space 63488K, 0% used [0x00000000eaa80000,0x00000000eaa80000,0x00000000ee880000)
  from space 5120K, 99% used [0x00000000ee880000,0x00000000eed7f678,0x00000000eed80000)
  to   space 5120K, 0% used [0x00000000eed80000,0x00000000eed80000,0x00000000ef280000)
 ParOldGen       total 83456K, used 24275K [0x00000000c0000000, 0x00000000c5180000, 0x00000000eaa80000)
  object space 83456K, 29% used [0x00000000c0000000,0x00000000c17b4d38,0x00000000c5180000)
 PSPermGen       total 21504K, used 6250K [0x00000000b5a00000, 0x00000000b6f00000, 0x00000000c0000000)
  object space 21504K, 29% used [0x00000000b5a00000,0x00000000b601a9a0,0x00000000b6f00000)

Card table byte_map: [0x00007f5892652000,0x00007f58928a6000] byte_map_base: 0x00007f58920a5000

Polling page: 0x00007f58955d7000

Code Cache  [0x00007f5889000000, 0x00007f5889270000, 0x00007f588c000000)
 total_blobs=612 nmethods=381 adapters=184 free_code_cache=47526Kb largest_free_block=48631232

Compilation events (10 events):
Event: 6,473 Thread 0x00007f588c0af800 nmethod 380 0x00007f58891898d0 code [0x00007f5889189a40, 0x00007f5889189c48]
Event: 6,473 Thread 0x00007f588c0af800  381             java.util.HashSet::add (20 bytes)
Event: 6,473 Thread 0x00007f588c0af800 nmethod 381 0x00007f5889189610 code [0x00007f5889189760, 0x00007f5889189808]
Event: 6,473 Thread 0x00007f588c0af800  382             com.android.dx.ssa.SsaRenamer::setNameForSsaReg (54 bytes)
Event: 6,479 Thread 0x00007f588c0b2800 nmethod 371 0x00007f5889081b10 code [0x00007f5889081cc0, 0x00007f5889082268]
Event: 6,479 Thread 0x00007f588c0b2800  383             com.android.dx.ssa.SsaRenamer$BlockRenamer$RenamingMapper::map (28 bytes)
Event: 6,480 Thread 0x00007f588c0b2800 nmethod 383 0x00007f5889081710 code [0x00007f5889081860, 0x00007f5889081968]
Event: 6,480 Thread 0x00007f588c0b2800  384             com.android.dx.ssa.Optimizer::getAdvice (4 bytes)
Event: 6,480 Thread 0x00007f588c0b2800 nmethod 384 0x00007f5889181390 code [0x00007f58891814c0, 0x00007f5889181518]
Event: 6,480 Thread 0x00007f588c0b2800  385             com.android.dx.ssa.SCCP::simulatePhi (169 bytes)

GC Heap History (9 events):
Event: 2,319 GC heap before
{Heap before GC invocations=1 (full 0):
 PSYoungGen      total 36864K, used 31744K [0x00000000eaa80000, 0x00000000ed380000, 0x0000000100000000)
  eden space 31744K, 100% used [0x00000000eaa80000,0x00000000ec980000,0x00000000ec980000)
  from space 5120K, 0% used [0x00000000ece80000,0x00000000ece80000,0x00000000ed380000)
  to   space 5120K, 0% used [0x00000000ec980000,0x00000000ec980000,0x00000000ece80000)
 ParOldGen       total 83456K, used 0K [0x00000000c0000000, 0x00000000c5180000, 0x00000000eaa80000)
  object space 83456K, 0% used [0x00000000c0000000,0x00000000c0000000,0x00000000c5180000)
 PSPermGen       total 21504K, used 6062K [0x00000000b5a00000, 0x00000000b6f00000, 0x00000000c0000000)
  object space 21504K, 28% used [0x00000000b5a00000,0x00000000b5febaf0,0x00000000b6f00000)
Event: 2,340 GC heap after
Heap after GC invocations=1 (full 0):
 PSYoungGen      total 36864K, used 5108K [0x00000000eaa80000, 0x00000000ed380000, 0x0000000100000000)
  eden space 31744K, 0% used [0x00000000eaa80000,0x00000000eaa80000,0x00000000ec980000)
  from space 5120K, 99% used [0x00000000ec980000,0x00000000ece7d3e8,0x00000000ece80000)
  to   space 5120K, 0% used [0x00000000ece80000,0x00000000ece80000,0x00000000ed380000)
 ParOldGen       total 83456K, used 1279K [0x00000000c0000000, 0x00000000c5180000, 0x00000000eaa80000)
  object space 83456K, 1% used [0x00000000c0000000,0x00000000c013fe88,0x00000000c5180000)
 PSPermGen       total 21504K, used 6062K [0x00000000b5a00000, 0x00000000b6f00000, 0x00000000c0000000)
  object space 21504K, 28% used [0x00000000b5a00000,0x00000000b5febaf0,0x00000000b6f00000)
}
Event: 3,969 GC heap before
{Heap before GC invocations=2 (full 0):
 PSYoungGen      total 36864K, used 36852K [0x00000000eaa80000, 0x00000000ed380000, 0x0000000100000000)
  eden space 31744K, 100% used [0x00000000eaa80000,0x00000000ec980000,0x00000000ec980000)
  from space 5120K, 99% used [0x00000000ec980000,0x00000000ece7d3e8,0x00000000ece80000)
  to   space 5120K, 0% used [0x00000000ece80000,0x00000000ece80000,0x00000000ed380000)
 ParOldGen       total 83456K, used 1279K [0x00000000c0000000, 0x00000000c5180000, 0x00000000eaa80000)
  object space 83456K, 1% used [0x00000000c0000000,0x00000000c013fe88,0x00000000c5180000)
 PSPermGen       total 21504K, used 6155K [0x00000000b5a00000, 0x00000000b6f00000, 0x00000000c0000000)
  object space 21504K, 28% used [0x00000000b5a00000,0x00000000b6002e80,0x00000000b6f00000)
Event: 3,985 GC heap after
Heap after GC invocations=2 (full 0):
 PSYoungGen      total 36864K, used 5107K [0x00000000eaa80000, 0x00000000ed380000, 0x0000000100000000)
  eden space 31744K, 0% used [0x00000000eaa80000,0x00000000eaa80000,0x00000000ec980000)
  from space 5120K, 99% used [0x00000000ece80000,0x00000000ed37cdf8,0x00000000ed380000)
  to   space 5120K, 0% used [0x00000000ec980000,0x00000000ec980000,0x00000000ece80000)
 ParOldGen       total 83456K, used 4860K [0x00000000c0000000, 0x00000000c5180000, 0x00000000eaa80000)
  object space 83456K, 5% used [0x00000000c0000000,0x00000000c04bf218,0x00000000c5180000)
 PSPermGen       total 21504K, used 6155K [0x00000000b5a00000, 0x00000000b6f00000, 0x00000000c0000000)
  object space 21504K, 28% used [0x00000000b5a00000,0x00000000b6002e80,0x00000000b6f00000)
}
Event: 4,567 GC heap before
{Heap before GC invocations=3 (full 0):
 PSYoungGen      total 36864K, used 36851K [0x00000000eaa80000, 0x00000000ed380000, 0x0000000100000000)
  eden space 31744K, 100% used [0x00000000eaa80000,0x00000000ec980000,0x00000000ec980000)
  from space 5120K, 99% used [0x00000000ece80000,0x00000000ed37cdf8,0x00000000ed380000)
  to   space 5120K, 0% used [0x00000000ec980000,0x00000000ec980000,0x00000000ece80000)
 ParOldGen       total 83456K, used 4860K [0x00000000c0000000, 0x00000000c5180000, 0x00000000eaa80000)
  object space 83456K, 5% used [0x00000000c0000000,0x00000000c04bf218,0x00000000c5180000)
 PSPermGen       total 21504K, used 6197K [0x00000000b5a00000, 0x00000000b6f00000, 0x00000000c0000000)
  object space 21504K, 28% used [0x00000000b5a00000,0x00000000b600d4d8,0x00000000b6f00000)
Event: 4,608 GC heap after
Heap after GC invocations=3 (full 0):
 PSYoungGen      total 36864K, used 5090K [0x00000000eaa80000, 0x00000000ef280000, 0x0000000100000000)
  eden space 31744K, 0% used [0x00000000eaa80000,0x00000000eaa80000,0x00000000ec980000)
  from space 5120K, 99% used [0x00000000ec980000,0x00000000ece78980,0x00000000ece80000)
  to   space 5120K, 0% used [0x00000000eed80000,0x00000000eed80000,0x00000000ef280000)
 ParOldGen       total 83456K, used 10318K [0x00000000c0000000, 0x00000000c5180000, 0x00000000eaa80000)
  object space 83456K, 12% used [0x00000000c0000000,0x00000000c0a13918,0x00000000c5180000)
 PSPermGen       total 21504K, used 6197K [0x00000000b5a00000, 0x00000000b6f00000, 0x00000000c0000000)
  object space 21504K, 28% used [0x00000000b5a00000,0x00000000b600d4d8,0x00000000b6f00000)
}
Event: 5,075 GC heap before
{Heap before GC invocations=4 (full 0):
 PSYoungGen      total 36864K, used 36834K [0x00000000eaa80000, 0x00000000ef280000, 0x0000000100000000)
  eden space 31744K, 100% used [0x00000000eaa80000,0x00000000ec980000,0x00000000ec980000)
  from space 5120K, 99% used [0x00000000ec980000,0x00000000ece78980,0x00000000ece80000)
  to   space 5120K, 0% used [0x00000000eed80000,0x00000000eed80000,0x00000000ef280000)
 ParOldGen       total 83456K, used 10318K [0x00000000c0000000, 0x00000000c5180000, 0x00000000eaa80000)
  object space 83456K, 12% used [0x00000000c0000000,0x00000000c0a13918,0x00000000c5180000)
 PSPermGen       total 21504K, used 6211K [0x00000000b5a00000, 0x00000000b6f00000, 0x00000000c0000000)
  object space 21504K, 28% used [0x00000000b5a00000,0x00000000b6010dd8,0x00000000b6f00000)
Event: 5,108 GC heap after
Heap after GC invocations=4 (full 0):
 PSYoungGen      total 68608K, used 5090K [0x00000000eaa80000, 0x00000000ef280000, 0x0000000100000000)
  eden space 63488K, 0% used [0x00000000eaa80000,0x00000000eaa80000,0x00000000ee880000)
  from space 5120K, 99% used [0x00000000eed80000,0x00000000ef278960,0x00000000ef280000)
  to   space 5120K, 0% used [0x00000000ee880000,0x00000000ee880000,0x00000000eed80000)
 ParOldGen       total 83456K, used 15281K [0x00000000c0000000, 0x00000000c5180000, 0x00000000eaa80000)
  object space 83456K, 18% used [0x00000000c0000000,0x00000000c0eec7e0,0x00000000c5180000)
 PSPermGen       total 21504K, used 6211K [0x00000000b5a00000, 0x00000000b6f00000, 0x00000000c0000000)
  object space 21504K, 28% used [0x00000000b5a00000,0x00000000b6010dd8,0x00000000b6f00000)
}
Event: 6,517 GC heap before
{Heap before GC invocations=5 (full 0):
 PSYoungGen      total 68608K, used 68578K [0x00000000eaa80000, 0x00000000ef280000, 0x0000000100000000)
  eden space 63488K, 100% used [0x00000000eaa80000,0x00000000ee880000,0x00000000ee880000)
  from space 5120K, 99% used [0x00000000eed80000,0x00000000ef278960,0x00000000ef280000)
  to   space 5120K, 0% used [0x00000000ee880000,0x00000000ee880000,0x00000000eed80000)
 ParOldGen       total 83456K, used 15281K [0x00000000c0000000, 0x00000000c5180000, 0x00000000eaa80000)
  object space 83456K, 18% used [0x00000000c0000000,0x00000000c0eec7e0,0x00000000c5180000)
 PSPermGen       total 21504K, used 6250K [0x00000000b5a00000, 0x00000000b6f00000, 0x00000000c0000000)
  object space 21504K, 29% used [0x00000000b5a00000,0x00000000b601a9a0,0x00000000b6f00000)

Deoptimization events (10 events):
Event: 1,892 Thread 0x00007f588c1f8800 Uncommon trap: reason=bimorphic action=maybe_recompile pc=0x00007f58890921d8 method=com.android.dx.ssa.NormalSsaInsn.accept(Lcom/android/dx/ssa/SsaInsn$Visitor;)V @ 9
Event: 1,892 Thread 0x00007f588c1f8800 Uncommon trap: reason=bimorphic action=maybe_recompile pc=0x00007f58890921d8 method=com.android.dx.ssa.NormalSsaInsn.accept(Lcom/android/dx/ssa/SsaInsn$Visitor;)V @ 9
Event: 2,107 Thread 0x00007f588c1f8800 Uncommon trap: reason=unreached action=reinterpret pc=0x00007f58890a0984 method=com.android.dx.rop.cst.Constant.compareTo(Lcom/android/dx/rop/cst/Constant;)I @ 12
Event: 3,808 Thread 0x00007f588c1f9800 Uncommon trap: reason=null_check action=make_not_entrant pc=0x00007f588908d4a0 method=com.android.dx.ssa.SsaRenamer.getLocalForNewReg(I)Lcom/android/dx/rop/code/LocalItem; @ 19
Event: 6,254 Thread 0x00007f588c008800 Uncommon trap: reason=null_check action=make_not_entrant pc=0x00007f5889162ad4 method=com.android.dx.rop.type.Type.putIntern(Lcom/android/dx/rop/type/Type;)Lcom/android/dx/rop/type/Type; @ 18
Event: 6,268 Thread 0x00007f588c1f5800 Uncommon trap: reason=bimorphic action=maybe_recompile pc=0x00007f5889171d6c method=com.android.dx.cf.code.BytecodeArray.parseInstruction(ILcom/android/dx/cf/code/BytecodeArray$Visitor;)I @ 2484
Event: 6,268 Thread 0x00007f588c1f5800 Uncommon trap: reason=bimorphic action=maybe_recompile pc=0x00007f5889171d6c method=com.android.dx.cf.code.BytecodeArray.parseInstruction(ILcom/android/dx/cf/code/BytecodeArray$Visitor;)I @ 2484
Event: 6,269 Thread 0x00007f588c1f5800 Uncommon trap: reason=bimorphic action=maybe_recompile pc=0x00007f5889171d6c method=com.android.dx.cf.code.BytecodeArray.parseInstruction(ILcom/android/dx/cf/code/BytecodeArray$Visitor;)I @ 2484
Event: 6,269 Thread 0x00007f588c1f5800 Uncommon trap: reason=bimorphic action=maybe_recompile pc=0x00007f5889171d6c method=com.android.dx.cf.code.BytecodeArray.parseInstruction(ILcom/android/dx/cf/code/BytecodeArray$Visitor;)I @ 2484
Event: 6,319 Thread 0x00007f588c1f2800 Uncommon trap: reason=unreached action=reinterpret pc=0x00007f58890cb578 method=com.android.dx.ssa.LocalVariableExtractor.processBlock(I)V @ 251

Internal exceptions (10 events):
Event: 1,967 Thread 0x00007f588c008800 Threw 0x00000000ebf4ee38 at /build/openjdk-7-tNV5mE/openjdk-7-7u75-2.5.4/build/openjdk/hotspot/src/share/vm/prims/jvm.cpp:1284
Event: 2,937 Thread 0x00007f588c1f5800 Threw 0x00000000ebbf65d8 at /build/openjdk-7-tNV5mE/openjdk-7-7u75-2.5.4/build/openjdk/hotspot/src/share/vm/prims/jvm.cpp:1284
Event: 2,937 Thread 0x00007f588c1f5800 Threw 0x00000000ebbfc488 at /build/openjdk-7-tNV5mE/openjdk-7-7u75-2.5.4/build/openjdk/hotspot/src/share/vm/prims/jvm.cpp:1284
Event: 2,939 Thread 0x00007f588c1f5800 Threw 0x00000000ebc02168 at /build/openjdk-7-tNV5mE/openjdk-7-7u75-2.5.4/build/openjdk/hotspot/src/share/vm/prims/jvm.cpp:1284
Event: 3,808 Thread 0x00007f588c1f9800 Implicit null exception at 0x00007f588908cb56 to 0x00007f588908d489
Event: 4,027 Thread 0x00007f588c008800 Threw 0x00000000ead72428 at /build/openjdk-7-tNV5mE/openjdk-7-7u75-2.5.4/build/openjdk/hotspot/src/share/vm/prims/jvm.cpp:1284
Event: 4,067 Thread 0x00007f588c008800 Threw 0x00000000ead75178 at /build/openjdk-7-tNV5mE/openjdk-7-7u75-2.5.4/build/openjdk/hotspot/src/share/vm/prims/jvm.cpp:1284
Event: 4,431 Thread 0x00007f588c1f9800 Threw 0x00000000ec4c1e00 at /build/openjdk-7-tNV5mE/openjdk-7-7u75-2.5.4/build/openjdk/hotspot/src/share/vm/prims/jvm.cpp:1284
Event: 6,254 Thread 0x00007f588c008800 Implicit null exception at 0x00007f588916239f to 0x00007f5889162ac5
Event: 6,309 Thread 0x00007f588c008800 Threw 0x00000000edca5938 at /build/openjdk-7-tNV5mE/openjdk-7-7u75-2.5.4/build/openjdk/hotspot/src/share/vm/prims/jvm.cpp:1284

Events (10 events):
Event: 6,269 Thread 0x00007f588c1f5800 DEOPT UNPACKING pc=0x00007f5889039445 sp=0x00007f58802110a8 mode 2
Event: 6,269 Thread 0x00007f588c1f5800 Uncommon trap: trap_request=0xffffffc6 fr.pc=0x00007f5889171d6c
Event: 6,269 Thread 0x00007f588c1f5800 DEOPT PACKING pc=0x00007f5889171d6c sp=0x00007f58802110f0
Event: 6,269 Thread 0x00007f588c1f5800 DEOPT UNPACKING pc=0x00007f5889039445 sp=0x00007f58802110a8 mode 2
Event: 6,308 loading class 0x00007f588c119700
Event: 6,308 loading class 0x00007f588c119700 done
Event: 6,319 Thread 0x00007f588c1f2800 Uncommon trap: trap_request=0xffffffad fr.pc=0x00007f58890cb578
Event: 6,319 Thread 0x00007f588c1f2800 DEOPT PACKING pc=0x00007f58890cb578 sp=0x00007f58881681d0
Event: 6,319 Thread 0x00007f588c1f2800 DEOPT UNPACKING pc=0x00007f5889039445 sp=0x00007f58881681a0 mode 2
Event: 6,503 Executing VM operation: ParallelGCFailedAllocation


Dynamic libraries:
00400000-00401000 r-xp 00000000 08:03 34081                              /usr/lib/jvm/java-7-openjdk-amd64/jre/bin/java
00600000-00601000 r--p 00000000 08:03 34081                              /usr/lib/jvm/java-7-openjdk-amd64/jre/bin/java
00601000-00602000 rw-p 00001000 08:03 34081                              /usr/lib/jvm/java-7-openjdk-amd64/jre/bin/java
01dd6000-01df7000 rw-p 00000000 00:00 0                                  [heap]
b5a00000-b6f00000 rw-p 00000000 00:00 0 
b6f00000-c0000000 rw-p 00000000 00:00 0 
c0000000-c5180000 rw-p 00000000 00:00 0 
c5180000-eaa80000 rw-p 00000000 00:00 0 
eaa80000-ef280000 rw-p 00000000 00:00 0 
f4480000-100000000 rw-p 00000000 00:00 0 
7f581c000000-7f581c031000 rw-p 00000000 00:00 0 
7f581c031000-7f5820000000 ---p 00000000 00:00 0 
7f5824000000-7f5824021000 rw-p 00000000 00:00 0 
7f5824021000-7f5828000000 ---p 00000000 00:00 0 
7f5828000000-7f5828021000 rw-p 00000000 00:00 0 
7f5828021000-7f582c000000 ---p 00000000 00:00 0 
7f582c000000-7f582c039000 rw-p 00000000 00:00 0 
7f582c039000-7f5830000000 ---p 00000000 00:00 0 
7f5830000000-7f5830021000 rw-p 00000000 00:00 0 
7f5830021000-7f5834000000 ---p 00000000 00:00 0 
7f5834000000-7f5834021000 rw-p 00000000 00:00 0 
7f5834021000-7f5838000000 ---p 00000000 00:00 0 
7f5838000000-7f5838021000 rw-p 00000000 00:00 0 
7f5838021000-7f583c000000 ---p 00000000 00:00 0 
7f583c000000-7f583d722000 rw-p 00000000 00:00 0 
7f583d722000-7f5840000000 ---p 00000000 00:00 0 
7f5840000000-7f5841564000 rw-p 00000000 00:00 0 
7f5841564000-7f5844000000 ---p 00000000 00:00 0 
7f5844000000-7f5844021000 rw-p 00000000 00:00 0 
7f5844021000-7f5848000000 ---p 00000000 00:00 0 
7f5848000000-7f5848021000 rw-p 00000000 00:00 0 
7f5848021000-7f584c000000 ---p 00000000 00:00 0 
7f584c000000-7f584c274000 rw-p 00000000 00:00 0 
7f584c274000-7f5850000000 ---p 00000000 00:00 0 
7f5850000000-7f5850021000 rw-p 00000000 00:00 0 
7f5850021000-7f5854000000 ---p 00000000 00:00 0 
7f5854000000-7f5854021000 rw-p 00000000 00:00 0 
7f5854021000-7f5858000000 ---p 00000000 00:00 0 
7f585c000000-7f585c021000 rw-p 00000000 00:00 0 
7f585c021000-7f5860000000 ---p 00000000 00:00 0 
7f5860000000-7f5860021000 rw-p 00000000 00:00 0 
7f5860021000-7f5864000000 ---p 00000000 00:00 0 
7f5864000000-7f5864021000 rw-p 00000000 00:00 0 
7f5864021000-7f5868000000 ---p 00000000 00:00 0 
7f586c000000-7f586c021000 rw-p 00000000 00:00 0 
7f586c021000-7f5870000000 ---p 00000000 00:00 0 
7f5874000000-7f5874021000 rw-p 00000000 00:00 0 
7f5874021000-7f5878000000 ---p 00000000 00:00 0 
7f587beff000-7f587bf02000 ---p 00000000 00:00 0 
7f587bf02000-7f587c000000 rw-p 00000000 00:00 0                          [stack:29490]
7f587c000000-7f587c021000 rw-p 00000000 00:00 0 
7f587c021000-7f5880000000 ---p 00000000 00:00 0 
7f5880011000-7f5880014000 ---p 00000000 00:00 0 
7f5880014000-7f5880112000 rw-p 00000000 00:00 0                          [stack:29487]
7f5880112000-7f5880115000 ---p 00000000 00:00 0 
7f5880115000-7f5880213000 rw-p 00000000 00:00 0                          [stack:29486]
7f5880213000-7f5880216000 ---p 00000000 00:00 0 
7f5880216000-7f5880314000 rw-p 00000000 00:00 0                          [stack:29484]
7f5880314000-7f5880380000 r-xp 00000000 08:03 3757                       /lib/x86_64-linux-gnu/libpcre.so.3.13.1
7f5880380000-7f5880580000 ---p 0006c000 08:03 3757                       /lib/x86_64-linux-gnu/libpcre.so.3.13.1
7f5880580000-7f5880581000 r--p 0006c000 08:03 3757                       /lib/x86_64-linux-gnu/libpcre.so.3.13.1
7f5880581000-7f5880582000 rw-p 0006d000 08:03 3757                       /lib/x86_64-linux-gnu/libpcre.so.3.13.1
7f5880582000-7f5880589000 r-xp 00000000 08:03 12387                      /usr/lib/x86_64-linux-gnu/libffi.so.6.0.2
7f5880589000-7f5880788000 ---p 00007000 08:03 12387                      /usr/lib/x86_64-linux-gnu/libffi.so.6.0.2
7f5880788000-7f5880789000 r--p 00006000 08:03 12387                      /usr/lib/x86_64-linux-gnu/libffi.so.6.0.2
7f5880789000-7f588078a000 rw-p 00007000 08:03 12387                      /usr/lib/x86_64-linux-gnu/libffi.so.6.0.2
7f588078a000-7f588079e000 r-xp 00000000 08:03 26220                      /lib/x86_64-linux-gnu/libresolv-2.19.so
7f588079e000-7f588099d000 ---p 00014000 08:03 26220                      /lib/x86_64-linux-gnu/libresolv-2.19.so
7f588099d000-7f588099e000 r--p 00013000 08:03 26220                      /lib/x86_64-linux-gnu/libresolv-2.19.so
7f588099e000-7f588099f000 rw-p 00014000 08:03 26220                      /lib/x86_64-linux-gnu/libresolv-2.19.so
7f588099f000-7f58809a1000 rw-p 00000000 00:00 0 
7f58809a1000-7f58809c2000 r-xp 00000000 08:03 4512                       /lib/x86_64-linux-gnu/libselinux.so.1
7f58809c2000-7f5880bc2000 ---p 00021000 08:03 4512                       /lib/x86_64-linux-gnu/libselinux.so.1
7f5880bc2000-7f5880bc3000 r--p 00021000 08:03 4512                       /lib/x86_64-linux-gnu/libselinux.so.1
7f5880bc3000-7f5880bc4000 rw-p 00022000 08:03 4512                       /lib/x86_64-linux-gnu/libselinux.so.1
7f5880bc4000-7f5880bc6000 rw-p 00000000 00:00 0 
7f5880bc6000-7f5880bc9000 r-xp 00000000 08:03 47946                      /usr/lib/x86_64-linux-gnu/libgmodule-2.0.so.0.4200.1
7f5880bc9000-7f5880dc8000 ---p 00003000 08:03 47946                      /usr/lib/x86_64-linux-gnu/libgmodule-2.0.so.0.4200.1
7f5880dc8000-7f5880dc9000 r--p 00002000 08:03 47946                      /usr/lib/x86_64-linux-gnu/libgmodule-2.0.so.0.4200.1
7f5880dc9000-7f5880dca000 rw-p 00003000 08:03 47946                      /usr/lib/x86_64-linux-gnu/libgmodule-2.0.so.0.4200.1
7f5880dca000-7f5880ed6000 r-xp 00000000 08:03 23782                      /lib/x86_64-linux-gnu/libglib-2.0.so.0.4200.1
7f5880ed6000-7f58810d6000 ---p 0010c000 08:03 23782                      /lib/x86_64-linux-gnu/libglib-2.0.so.0.4200.1
7f58810d6000-7f58810d7000 r--p 0010c000 08:03 23782                      /lib/x86_64-linux-gnu/libglib-2.0.so.0.4200.1
7f58810d7000-7f58810d8000 rw-p 0010d000 08:03 23782                      /lib/x86_64-linux-gnu/libglib-2.0.so.0.4200.1
7f58810d8000-7f58810d9000 rw-p 00000000 00:00 0 
7f58810d9000-7f588112a000 r-xp 00000000 08:03 47944                      /usr/lib/x86_64-linux-gnu/libgobject-2.0.so.0.4200.1
7f588112a000-7f588132a000 ---p 00051000 08:03 47944                      /usr/lib/x86_64-linux-gnu/libgobject-2.0.so.0.4200.1
7f588132a000-7f588132b000 r--p 00051000 08:03 47944                      /usr/lib/x86_64-linux-gnu/libgobject-2.0.so.0.4200.1
7f588132b000-7f588132c000 rw-p 00052000 08:03 47944                      /usr/lib/x86_64-linux-gnu/libgobject-2.0.so.0.4200.1
7f588132c000-7f588149e000 r-xp 00000000 08:03 47950                      /usr/lib/x86_64-linux-gnu/libgio-2.0.so.0.4200.1
7f588149e000-7f588169e000 ---p 00172000 08:03 47950                      /usr/lib/x86_64-linux-gnu/libgio-2.0.so.0.4200.1
7f588169e000-7f58816a2000 r--p 00172000 08:03 47950                      /usr/lib/x86_64-linux-gnu/libgio-2.0.so.0.4200.1
7f58816a2000-7f58816a4000 rw-p 00176000 08:03 47950                      /usr/lib/x86_64-linux-gnu/libgio-2.0.so.0.4200.1
7f58816a4000-7f58816a6000 rw-p 00000000 00:00 0 
7f58816a6000-7f58816bd000 r-xp 00000000 08:03 34190                      /usr/lib/jvm/java-7-openjdk-amd64/jre/lib/amd64/libnet.so
7f58816bd000-7f58818bc000 ---p 00017000 08:03 34190                      /usr/lib/jvm/java-7-openjdk-amd64/jre/lib/amd64/libnet.so
7f58818bc000-7f58818bd000 r--p 00016000 08:03 34190                      /usr/lib/jvm/java-7-openjdk-amd64/jre/lib/amd64/libnet.so
7f58818bd000-7f58818be000 rw-p 00017000 08:03 34190                      /usr/lib/jvm/java-7-openjdk-amd64/jre/lib/amd64/libnet.so
7f58818be000-7f58818ce000 r-xp 00000000 08:03 34191                      /usr/lib/jvm/java-7-openjdk-amd64/jre/lib/amd64/libnio.so
7f58818ce000-7f5881ace000 ---p 00010000 08:03 34191                      /usr/lib/jvm/java-7-openjdk-amd64/jre/lib/amd64/libnio.so
7f5881ace000-7f5881acf000 r--p 00010000 08:03 34191                      /usr/lib/jvm/java-7-openjdk-amd64/jre/lib/amd64/libnio.so
7f5881acf000-7f5881ad0000 rw-p 00011000 08:03 34191                      /usr/lib/jvm/java-7-openjdk-amd64/jre/lib/amd64/libnio.so
7f5881ad0000-7f5884000000 rw-p 00000000 00:00 0 
7f5884000000-7f5884021000 rw-p 00000000 00:00 0 
7f5884021000-7f5888000000 ---p 00000000 00:00 0 
7f5888069000-7f588806c000 ---p 00000000 00:00 0 
7f588806c000-7f588816a000 rw-p 00000000 00:00 0                          [stack:29482]
7f588816a000-7f588816b000 ---p 00000000 00:00 0 
7f588816b000-7f588826b000 rw-p 00000000 00:00 0                          [stack:29412]
7f588826b000-7f588826e000 ---p 00000000 00:00 0 
7f588826e000-7f588836c000 rw-p 00000000 00:00 0                          [stack:29411]
7f588836c000-7f588836f000 ---p 00000000 00:00 0 
7f588836f000-7f588846d000 rw-p 00000000 00:00 0                          [stack:29410]
7f588846d000-7f5888470000 ---p 00000000 00:00 0 
7f5888470000-7f588856e000 rw-p 00000000 00:00 0                          [stack:29409]
7f588856e000-7f5888571000 ---p 00000000 00:00 0 
7f5888571000-7f588866f000 rw-p 00000000 00:00 0                          [stack:29408]
7f588866f000-7f58887f8000 r--p 00000000 08:03 16539                      /usr/lib/locale/locale-archive
7f58887f8000-7f58887fb000 ---p 00000000 00:00 0 
7f58887fb000-7f58888f9000 rw-p 00000000 00:00 0                          [stack:29407]
7f58888f9000-7f58888fc000 ---p 00000000 00:00 0 
7f58888fc000-7f58889fa000 rw-p 00000000 00:00 0                          [stack:29406]
7f58889fa000-7f58889fb000 ---p 00000000 00:00 0 
7f58889fb000-7f5889000000 rw-p 00000000 00:00 0                          [stack:29405]
7f5889000000-7f5889270000 rwxp 00000000 00:00 0 
7f5889270000-7f588c232000 rw-p 00000000 00:00 0 
7f588c232000-7f5890000000 ---p 00000000 00:00 0 
7f5890066000-7f589006d000 r--s 00000000 08:03 26200                      /usr/lib/x86_64-linux-gnu/gconv/gconv-modules.cache
7f589006d000-7f5890092000 r--p 00000000 08:03 148678                     /usr/share/locale/es/LC_MESSAGES/libc.mo
7f5890092000-7f5890096000 r--s 00045000 08:03 23857891                   /export/estudiantes/dfrancisco.hernandez/LabsCompuMovil/Lab2Activities/app/build/intermediates/exploded-aar/com.android.support/recyclerview-v7/23.4.0/jars/classes.jar
7f5890096000-7f589181e000 rw-p 00000000 00:00 0 
7f589181e000-7f58919d0000 r--s 01d23000 08:03 34224                      /usr/lib/jvm/java-7-openjdk-amd64/jre/lib/rt.jar
7f58919d0000-7f5891cf4000 rw-p 00000000 00:00 0 
7f5891cf4000-7f5891cf5000 ---p 00000000 00:00 0 
7f5891cf5000-7f5891df5000 rw-p 00000000 00:00 0                          [stack:29399]
7f5891df5000-7f5891df6000 ---p 00000000 00:00 0 
7f5891df6000-7f5891ef6000 rw-p 00000000 00:00 0                          [stack:29398]
7f5891ef6000-7f5891ef7000 ---p 00000000 00:00 0 
7f5891ef7000-7f5891ff7000 rw-p 00000000 00:00 0                          [stack:29397]
7f5891ff7000-7f5891ff8000 ---p 00000000 00:00 0 
7f5891ff8000-7f58920f8000 rw-p 00000000 00:00 0                          [stack:29396]
7f58920f8000-7f58920f9000 ---p 00000000 00:00 0 
7f58920f9000-7f58921f9000 rw-p 00000000 00:00 0                          [stack:29395]
7f58921f9000-7f58921fa000 ---p 00000000 00:00 0 
7f58921fa000-7f58922fa000 rw-p 00000000 00:00 0                          [stack:29394]
7f58922fa000-7f58922fb000 ---p 00000000 00:00 0 
7f58922fb000-7f58923fb000 rw-p 00000000 00:00 0                          [stack:29393]
7f58923fb000-7f58923fc000 ---p 00000000 00:00 0 
7f58923fc000-7f5892525000 rw-p 00000000 00:00 0                          [stack:29392]
7f5892525000-7f5892652000 rw-p 00000000 00:00 0 
7f5892652000-7f589265d000 rw-p 00000000 00:00 0 
7f589265d000-7f58926a5000 rw-p 00000000 00:00 0 
7f58926a5000-7f58926ce000 rw-p 00000000 00:00 0 
7f58926ce000-7f58927fa000 rw-p 00000000 00:00 0 
7f58927fa000-7f589281f000 rw-p 00000000 00:00 0 
7f589281f000-7f58928a5000 rw-p 00000000 00:00 0 
7f58928a5000-7f58928b0000 rw-p 00000000 00:00 0 
7f58928b0000-7f5892966000 rw-p 00000000 00:00 0 
7f5892966000-7f589296e000 r-xp 00000000 08:03 34198                      /usr/lib/jvm/java-7-openjdk-amd64/jre/lib/amd64/libzip.so
7f589296e000-7f5892b6d000 ---p 00008000 08:03 34198                      /usr/lib/jvm/java-7-openjdk-amd64/jre/lib/amd64/libzip.so
7f5892b6d000-7f5892b6e000 r--p 00007000 08:03 34198                      /usr/lib/jvm/java-7-openjdk-amd64/jre/lib/amd64/libzip.so
7f5892b6e000-7f5892b6f000 rw-p 00008000 08:03 34198                      /usr/lib/jvm/java-7-openjdk-amd64/jre/lib/amd64/libzip.so
7f5892b6f000-7f5892b9a000 r-xp 00000000 08:03 34174                      /usr/lib/jvm/java-7-openjdk-amd64/jre/lib/amd64/libjava.so
7f5892b9a000-7f5892d99000 ---p 0002b000 08:03 34174                      /usr/lib/jvm/java-7-openjdk-amd64/jre/lib/amd64/libjava.so
7f5892d99000-7f5892d9a000 r--p 0002a000 08:03 34174                      /usr/lib/jvm/java-7-openjdk-amd64/jre/lib/amd64/libjava.so
7f5892d9a000-7f5892d9c000 rw-p 0002b000 08:03 34174                      /usr/lib/jvm/java-7-openjdk-amd64/jre/lib/amd64/libjava.so
7f5892d9c000-7f5892dab000 r-xp 00000000 08:03 34197                      /usr/lib/jvm/java-7-openjdk-amd64/jre/lib/amd64/libverify.so
7f5892dab000-7f5892faa000 ---p 0000f000 08:03 34197                      /usr/lib/jvm/java-7-openjdk-amd64/jre/lib/amd64/libverify.so
7f5892faa000-7f5892fac000 r--p 0000e000 08:03 34197                      /usr/lib/jvm/java-7-openjdk-amd64/jre/lib/amd64/libverify.so
7f5892fac000-7f5892fad000 rw-p 00010000 08:03 34197                      /usr/lib/jvm/java-7-openjdk-amd64/jre/lib/amd64/libverify.so
7f5892fad000-7f5892fb4000 r-xp 00000000 08:03 26221                      /lib/x86_64-linux-gnu/librt-2.19.so
7f5892fb4000-7f58931b3000 ---p 00007000 08:03 26221                      /lib/x86_64-linux-gnu/librt-2.19.so
7f58931b3000-7f58931b4000 r--p 00006000 08:03 26221                      /lib/x86_64-linux-gnu/librt-2.19.so
7f58931b4000-7f58931b5000 rw-p 00007000 08:03 26221                      /lib/x86_64-linux-gnu/librt-2.19.so
7f58931b5000-7f58931cb000 r-xp 00000000 08:03 3409                       /lib/x86_64-linux-gnu/libgcc_s.so.1
7f58931cb000-7f58933ca000 ---p 00016000 08:03 3409                       /lib/x86_64-linux-gnu/libgcc_s.so.1
7f58933ca000-7f58933cb000 rw-p 00015000 08:03 3409                       /lib/x86_64-linux-gnu/libgcc_s.so.1
7f58933cb000-7f58934cb000 r-xp 00000000 08:03 26210                      /lib/x86_64-linux-gnu/libm-2.19.so
7f58934cb000-7f58936ca000 ---p 00100000 08:03 26210                      /lib/x86_64-linux-gnu/libm-2.19.so
7f58936ca000-7f58936cb000 r--p 000ff000 08:03 26210                      /lib/x86_64-linux-gnu/libm-2.19.so
7f58936cb000-7f58936cc000 rw-p 00100000 08:03 26210                      /lib/x86_64-linux-gnu/libm-2.19.so
7f58936cc000-7f58937b8000 r-xp 00000000 08:03 13098                      /usr/lib/x86_64-linux-gnu/libstdc++.so.6.0.20
7f58937b8000-7f58939b8000 ---p 000ec000 08:03 13098                      /usr/lib/x86_64-linux-gnu/libstdc++.so.6.0.20
7f58939b8000-7f58939c0000 r--p 000ec000 08:03 13098                      /usr/lib/x86_64-linux-gnu/libstdc++.so.6.0.20
7f58939c0000-7f58939c2000 rw-p 000f4000 08:03 13098                      /usr/lib/x86_64-linux-gnu/libstdc++.so.6.0.20
7f58939c2000-7f58939d7000 rw-p 00000000 00:00 0 
7f58939d7000-7f58944d5000 r-xp 00000000 08:03 34199                      /usr/lib/jvm/java-7-openjdk-amd64/jre/lib/amd64/server/libjvm.so
7f58944d5000-7f58946d4000 ---p 00afe000 08:03 34199                      /usr/lib/jvm/java-7-openjdk-amd64/jre/lib/amd64/server/libjvm.so
7f58946d4000-7f5894775000 r--p 00afd000 08:03 34199                      /usr/lib/jvm/java-7-openjdk-amd64/jre/lib/amd64/server/libjvm.so
7f5894775000-7f5894798000 rw-p 00b9e000 08:03 34199                      /usr/lib/jvm/java-7-openjdk-amd64/jre/lib/amd64/server/libjvm.so
7f5894798000-7f58947c5000 rw-p 00000000 00:00 0 
7f58947c5000-7f58947df000 r-xp 00000000 08:03 21771                      /lib/x86_64-linux-gnu/libz.so.1.2.8
7f58947df000-7f58949de000 ---p 0001a000 08:03 21771                      /lib/x86_64-linux-gnu/libz.so.1.2.8
7f58949de000-7f58949df000 r--p 00019000 08:03 21771                      /lib/x86_64-linux-gnu/libz.so.1.2.8
7f58949df000-7f58949e0000 rw-p 0001a000 08:03 21771                      /lib/x86_64-linux-gnu/libz.so.1.2.8
7f58949e0000-7f5894b82000 r-xp 00000000 08:03 26206                      /lib/x86_64-linux-gnu/libc-2.19.so
7f5894b82000-7f5894d81000 ---p 001a2000 08:03 26206                      /lib/x86_64-linux-gnu/libc-2.19.so
7f5894d81000-7f5894d85000 r--p 001a1000 08:03 26206                      /lib/x86_64-linux-gnu/libc-2.19.so
7f5894d85000-7f5894d87000 rw-p 001a5000 08:03 26206                      /lib/x86_64-linux-gnu/libc-2.19.so
7f5894d87000-7f5894d8b000 rw-p 00000000 00:00 0 
7f5894d8b000-7f5894d8e000 r-xp 00000000 08:03 26209                      /lib/x86_64-linux-gnu/libdl-2.19.so
7f5894d8e000-7f5894f8d000 ---p 00003000 08:03 26209                      /lib/x86_64-linux-gnu/libdl-2.19.so
7f5894f8d000-7f5894f8e000 r--p 00002000 08:03 26209                      /lib/x86_64-linux-gnu/libdl-2.19.so
7f5894f8e000-7f5894f8f000 rw-p 00003000 08:03 26209                      /lib/x86_64-linux-gnu/libdl-2.19.so
7f5894f8f000-7f5894f9c000 r-xp 00000000 08:03 34204                      /usr/lib/jvm/java-7-openjdk-amd64/jre/lib/amd64/jli/libjli.so
7f5894f9c000-7f589519b000 ---p 0000d000 08:03 34204                      /usr/lib/jvm/java-7-openjdk-amd64/jre/lib/amd64/jli/libjli.so
7f589519b000-7f589519c000 r--p 0000c000 08:03 34204                      /usr/lib/jvm/java-7-openjdk-amd64/jre/lib/amd64/jli/libjli.so
7f589519c000-7f589519d000 rw-p 0000d000 08:03 34204                      /usr/lib/jvm/java-7-openjdk-amd64/jre/lib/amd64/jli/libjli.so
7f589519d000-7f58951b5000 r-xp 00000000 08:03 26202                      /lib/x86_64-linux-gnu/libpthread-2.19.so
7f58951b5000-7f58953b4000 ---p 00018000 08:03 26202                      /lib/x86_64-linux-gnu/libpthread-2.19.so
7f58953b4000-7f58953b5000 r--p 00017000 08:03 26202                      /lib/x86_64-linux-gnu/libpthread-2.19.so
7f58953b5000-7f58953b6000 rw-p 00018000 08:03 26202                      /lib/x86_64-linux-gnu/libpthread-2.19.so
7f58953b6000-7f58953ba000 rw-p 00000000 00:00 0 
7f58953ba000-7f58953da000 r-xp 00000000 08:03 26203                      /lib/x86_64-linux-gnu/ld-2.19.so
7f58953dd000-7f58953ec000 r--s 000df000 08:03 1054622                    /apps/Sdk/build-tools/23.0.2/lib/dx.jar
7f58953ec000-7f5895437000 rw-p 00000000 00:00 0 
7f5895437000-7f589547f000 rw-p 00000000 00:00 0 
7f589547f000-7f58954b4000 r--s 00000000 08:03 21581                      /var/cache/nscd/passwd
7f58954b4000-7f58954b7000 ---p 00000000 00:00 0 
7f58954b7000-7f58955bb000 rw-p 00000000 00:00 0                          [stack:29391]
7f58955bb000-7f58955bd000 r--s 00012000 08:03 34210                      /usr/lib/jvm/java-7-openjdk-amd64/jre/lib/ext/zipfs.jar
7f58955bd000-7f58955be000 r--s 00002000 08:03 34216                      /usr/lib/jvm/java-7-openjdk-amd64/jre/lib/ext/dnsns.jar
7f58955be000-7f58955c0000 r--s 00006000 08:03 29962                      /usr/share/java/java-atk-wrapper.jar
7f58955c0000-7f58955c3000 r--s 00086000 08:03 34214                      /usr/lib/jvm/java-7-openjdk-amd64/jre/lib/ext/localedata.jar
7f58955c3000-7f58955c6000 r--s 0000f000 08:03 34220                      /usr/lib/jvm/java-7-openjdk-amd64/jre/lib/ext/icedtea-sound.jar
7f58955c6000-7f58955ca000 r--s 0003c000 08:03 34218                      /usr/lib/jvm/java-7-openjdk-amd64/jre/lib/ext/sunpkcs11.jar
7f58955ca000-7f58955ce000 r--s 00034000 08:03 34212                      /usr/lib/jvm/java-7-openjdk-amd64/jre/lib/ext/sunjce_provider.jar
7f58955ce000-7f58955d6000 rw-s 00000000 08:03 16518785                   /tmp/hsperfdata_dfrancisco.hernandez/29379
7f58955d6000-7f58955d7000 rw-p 00000000 00:00 0 
7f58955d7000-7f58955d8000 ---p 00000000 00:00 0 
7f58955d8000-7f58955da000 rw-p 00000000 00:00 0 
7f58955da000-7f58955db000 r--p 00020000 08:03 26203                      /lib/x86_64-linux-gnu/ld-2.19.so
7f58955db000-7f58955dc000 rw-p 00021000 08:03 26203                      /lib/x86_64-linux-gnu/ld-2.19.so
7f58955dc000-7f58955dd000 rw-p 00000000 00:00 0 
7fffa197a000-7fffa199b000 rw-p 00000000 00:00 0                          [stack]
7fffa19fe000-7fffa1a00000 r-xp 00000000 00:00 0                          [vdso]
ffffffffff600000-ffffffffff601000 r-xp 00000000 00:00 0                  [vsyscall]

VM Arguments:
jvm_args: -Djava.awt.headless=true -Xmx1024M -Dfile.encoding=UTF-8 -Duser.country=CO -Duser.language=es -Duser.variant 
java_command: com.android.dx.command.Main --dex --force-jumbo --num-threads=4 --output /export/estudiantes/dfrancisco.hernandez/LabsCompuMovil/Lab2Activities/app/build/intermediates/pre-dexed/debug/com.android.support-recyclerview-v7-23.4.0_bbb5036e0b43fa0ff11d265ad083431743047740.jar /export/estudiantes/dfrancisco.hernandez/LabsCompuMovil/Lab2Activities/app/build/intermediates/exploded-aar/com.android.support/recyclerview-v7/23.4.0/jars/classes.jar
Launcher Type: SUN_STANDARD

Environment Variables:
PATH=~/.npm-global/bin:/usr/local/heroku/bin:/usr/local/sbin:/usr/local/bin:/usr/sbin:/usr/bin:/sbin:/bin:/usr/bin/X11
USERNAME=dfrancisco.hernandez
LD_LIBRARY_PATH=/apps/android-studio/bin:
SHELL=/bin/bash
DISPLAY=:20.0

Signal Handlers:
SIGSEGV: [libjvm.so+0x92ab50], sa_mask[0]=0x7ffbfeff, sa_flags=0x10000004
SIGBUS: [libjvm.so+0x92ab50], sa_mask[0]=0x7ffbfeff, sa_flags=0x10000004
SIGFPE: [libjvm.so+0x7aea00], sa_mask[0]=0x7ffbfeff, sa_flags=0x10000004
SIGPIPE: [libjvm.so+0x7aea00], sa_mask[0]=0x7ffbfeff, sa_flags=0x10000004
SIGXFSZ: [libjvm.so+0x7aea00], sa_mask[0]=0x7ffbfeff, sa_flags=0x10000004
SIGILL: [libjvm.so+0x7aea00], sa_mask[0]=0x7ffbfeff, sa_flags=0x10000004
SIGUSR1: SIG_DFL, sa_mask[0]=0x00000000, sa_flags=0x00000000
SIGUSR2: [libjvm.so+0x7aed40], sa_mask[0]=0x00000004, sa_flags=0x10000004
SIGHUP: [libjvm.so+0x7aeeb0], sa_mask[0]=0x7ffbfeff, sa_flags=0x10000004
SIGINT: [libjvm.so+0x7aeeb0], sa_mask[0]=0x7ffbfeff, sa_flags=0x10000004
SIGTERM: [libjvm.so+0x7aeeb0], sa_mask[0]=0x7ffbfeff, sa_flags=0x10000004
SIGQUIT: [libjvm.so+0x7aeeb0], sa_mask[0]=0x7ffbfeff, sa_flags=0x10000004
SIGTRAP: SIG_DFL, sa_mask[0]=0x00000000, sa_flags=0x00000000


---------------  S Y S T E M  ---------------

OS:LinuxMint 1 (debian)
uname:Linux 3.11-2-amd64 #1 SMP Debian 3.11.8-1 (2013-11-13) x86_64
libc:glibc 2.19 NPTL 2.19 
rlimit: STACK 8192k, CORE 0k, NPROC 62422, NOFILE 4096, AS infinity
load average:11,49 6,91 7,85

/proc/meminfo:
MemTotal:        8016148 kB
MemFree:          156044 kB
Buffers:            4888 kB
Cached:           714140 kB
SwapCached:            0 kB
Active:          4222232 kB
Inactive:         702948 kB
Active(anon):    4213276 kB
Inactive(anon):   580216 kB
Active(file):       8956 kB
Inactive(file):   122732 kB
Unevictable:        5620 kB
Mlocked:            3540 kB
SwapTotal:             0 kB
SwapFree:              0 kB
Dirty:               252 kB
Writeback:           120 kB
AnonPages:       4212052 kB
Mapped:          2959488 kB
Shmem:            582752 kB
Slab:             108076 kB
SReclaimable:      29268 kB
SUnreclaim:        78808 kB
KernelStack:        8712 kB
PageTables:        68288 kB
NFS_Unstable:          0 kB
Bounce:                0 kB
WritebackTmp:          0 kB
CommitLimit:     4008072 kB
Committed_AS:   14554700 kB
VmallocTotal:   34359738367 kB
VmallocUsed:      378828 kB
VmallocChunk:   34359353132 kB
HardwareCorrupted:     0 kB
AnonHugePages:         0 kB
HugePages_Total:       0
HugePages_Free:        0
HugePages_Rsvd:        0
HugePages_Surp:        0
Hugepagesize:       2048 kB
DirectMap4k:       67740 kB
DirectMap2M:     8138752 kB


CPU:total 8 (4 cores per cpu, 2 threads per core) family 6 model 58 stepping 9, cmov, cx8, fxsr, mmx, sse, sse2, sse3, ssse3, sse4.1, sse4.2, popcnt, avx, aes, erms, ht, tsc, tscinvbit, tscinv

/proc/cpuinfo:
processor	: 0
vendor_id	: GenuineIntel
cpu family	: 6
model		: 58
model name	: Intel(R) Core(TM) i7-3770 CPU @ 3.40GHz
stepping	: 9
microcode	: 0x17
cpu MHz		: 3672.000
cache size	: 8192 KB
physical id	: 0
siblings	: 8
core id		: 0
cpu cores	: 4
apicid		: 0
initial apicid	: 0
fpu		: yes
fpu_exception	: yes
cpuid level	: 13
wp		: yes
flags		: fpu vme de pse tsc msr pae mce cx8 apic sep mtrr pge mca cmov pat pse36 clflush dts acpi mmx fxsr sse sse2 ss ht tm pbe syscall nx rdtscp lm constant_tsc arch_perfmon pebs bts rep_good nopl xtopology nonstop_tsc aperfmperf eagerfpu pni pclmulqdq dtes64 monitor ds_cpl vmx smx est tm2 ssse3 cx16 xtpr pdcm pcid sse4_1 sse4_2 x2apic popcnt tsc_deadline_timer aes xsave avx f16c rdrand lahf_lm ida arat epb xsaveopt pln pts dtherm tpr_shadow vnmi flexpriority ept vpid fsgsbase smep erms
bogomips	: 6784.59
clflush size	: 64
cache_alignment	: 64
address sizes	: 36 bits physical, 48 bits virtual
power management:

processor	: 1
vendor_id	: GenuineIntel
cpu family	: 6
model		: 58
model name	: Intel(R) Core(TM) i7-3770 CPU @ 3.40GHz
stepping	: 9
microcode	: 0x17
cpu MHz		: 3740.000
cache size	: 8192 KB
physical id	: 0
siblings	: 8
core id		: 1
cpu cores	: 4
apicid		: 2
initial apicid	: 2
fpu		: yes
fpu_exception	: yes
cpuid level	: 13
wp		: yes
flags		: fpu vme de pse tsc msr pae mce cx8 apic sep mtrr pge mca cmov pat pse36 clflush dts acpi mmx fxsr sse sse2 ss ht tm pbe syscall nx rdtscp lm constant_tsc arch_perfmon pebs bts rep_good nopl xtopology nonstop_tsc aperfmperf eagerfpu pni pclmulqdq dtes64 monitor ds_cpl vmx smx est tm2 ssse3 cx16 xtpr pdcm pcid sse4_1 sse4_2 x2apic popcnt tsc_deadline_timer aes xsave avx f16c rdrand lahf_lm ida arat epb xsaveopt pln pts dtherm tpr_shadow vnmi flexpriority ept vpid fsgsbase smep erms
bogomips	: 6784.59
clflush size	: 64
cache_alignment	: 64
address sizes	: 36 bits physical, 48 bits virtual
power management:

processor	: 2
vendor_id	: GenuineIntel
cpu family	: 6
model		: 58
model name	: Intel(R) Core(TM) i7-3770 CPU @ 3.40GHz
stepping	: 9
microcode	: 0x17
cpu MHz		: 3672.000
cache size	: 8192 KB
physical id	: 0
siblings	: 8
core id		: 2
cpu cores	: 4
apicid		: 4
initial apicid	: 4
fpu		: yes
fpu_exception	: yes
cpuid level	: 13
wp		: yes
flags		: fpu vme de pse tsc msr pae mce cx8 apic sep mtrr pge mca cmov pat pse36 clflush dts acpi mmx fxsr sse sse2 ss ht tm pbe syscall nx rdtscp lm constant_tsc arch_perfmon pebs bts rep_good nopl xtopology nonstop_tsc aperfmperf eagerfpu pni pclmulqdq dtes64 monitor ds_cpl vmx smx est tm2 ssse3 cx16 xtpr pdcm pcid sse4_1 sse4_2 x2apic popcnt tsc_deadline_timer aes xsave avx f16c rdrand lahf_lm ida arat epb xsaveopt pln pts dtherm tpr_shadow vnmi flexpriority ept vpid fsgsbase smep erms
bogomips	: 6784.59
clflush size	: 64
cache_alignment	: 64
address sizes	: 36 bits physical, 48 bits virtual
power management:

processor	: 3
vendor_id	: GenuineIntel
cpu family	: 6
model		: 58
model name	: Intel(R) Core(TM) i7-3770 CPU @ 3.40GHz
stepping	: 9
microcode	: 0x17
cpu MHz		: 3672.000
cache size	: 8192 KB
physical id	: 0
siblings	: 8
core id		: 3
cpu cores	: 4
apicid		: 6
initial apicid	: 6
fpu		: yes
fpu_exception	: yes
cpuid level	: 13
wp		: yes
flags		: fpu vme de pse tsc msr pae mce cx8 apic sep mtrr pge mca cmov pat pse36 clflush dts acpi mmx fxsr sse sse2 ss ht tm pbe syscall nx rdtscp lm constant_tsc arch_perfmon pebs bts rep_good nopl xtopology nonstop_tsc aperfmperf eagerfpu pni pclmulqdq dtes64 monitor ds_cpl vmx smx est tm2 ssse3 cx16 xtpr pdcm pcid sse4_1 sse4_2 x2apic popcnt tsc_deadline_timer aes xsave avx f16c rdrand lahf_lm ida arat epb xsaveopt pln pts dtherm tpr_shadow vnmi flexpriority ept vpid fsgsbase smep erms
bogomips	: 6784.59
clflush size	: 64
cache_alignment	: 64
address sizes	: 36 bits physical, 48 bits virtual
power management:

processor	: 4
vendor_id	: GenuineIntel
cpu family	: 6
model		: 58
model name	: Intel(R) Core(TM) i7-3770 CPU @ 3.40GHz
stepping	: 9
microcode	: 0x17
cpu MHz		: 3468.000
cache size	: 8192 KB
physical id	: 0
siblings	: 8
core id		: 0
cpu cores	: 4
apicid		: 1
initial apicid	: 1
fpu		: yes
fpu_exception	: yes
cpuid level	: 13
wp		: yes
flags		: fpu vme de pse tsc msr pae mce cx8 apic sep mtrr pge mca cmov pat pse36 clflush dts acpi mmx fxsr sse sse2 ss ht tm pbe syscall nx rdtscp lm constant_tsc arch_perfmon pebs bts rep_good nopl xtopology nonstop_tsc aperfmperf eagerfpu pni pclmulqdq dtes64 monitor ds_cpl vmx smx est tm2 ssse3 cx16 xtpr pdcm pcid sse4_1 sse4_2 x2apic popcnt tsc_deadline_timer aes xsave avx f16c rdrand lahf_lm ida arat epb xsaveopt pln pts dtherm tpr_shadow vnmi flexpriority ept vpid fsgsbase smep erms
bogomips	: 6784.59
clflush size	: 64
cache_alignment	: 64
address sizes	: 36 bits physical, 48 bits virtual
power management:

processor	: 5
vendor_id	: GenuineIntel
cpu family	: 6
model		: 58
model name	: Intel(R) Core(TM) i7-3770 CPU @ 3.40GHz
stepping	: 9
microcode	: 0x17
cpu MHz		: 3740.000
cache size	: 8192 KB
physical id	: 0
siblings	: 8
core id		: 1
cpu cores	: 4
apicid		: 3
initial apicid	: 3
fpu		: yes
fpu_exception	: yes
cpuid level	: 13
wp		: yes
flags		: fpu vme de pse tsc msr pae mce cx8 apic sep mtrr pge mca cmov pat pse36 clflush dts acpi mmx fxsr sse sse2 ss ht tm pbe syscall nx rdtscp lm constant_tsc arch_perfmon pebs bts rep_good nopl xtopology nonstop_tsc aperfmperf eagerfpu pni pclmulqdq dtes64 monitor ds_cpl vmx smx est tm2 ssse3 cx16 xtpr pdcm pcid sse4_1 sse4_2 x2apic popcnt tsc_deadline_timer aes xsave avx f16c rdrand lahf_lm ida arat epb xsaveopt pln pts dtherm tpr_shadow vnmi flexpriority ept vpid fsgsbase smep erms
bogomips	: 6784.59
clflush size	: 64
cache_alignment	: 64
address sizes	: 36 bits physical, 48 bits virtual
power management:

processor	: 6
vendor_id	: GenuineIntel
cpu family	: 6
model		: 58
model name	: Intel(R) Core(TM) i7-3770 CPU @ 3.40GHz
stepping	: 9
microcode	: 0x17
cpu MHz		: 3672.000
cache size	: 8192 KB
physical id	: 0
siblings	: 8
core id		: 2
cpu cores	: 4
apicid		: 5
initial apicid	: 5
fpu		: yes
fpu_exception	: yes
cpuid level	: 13
wp		: yes
flags		: fpu vme de pse tsc msr pae mce cx8 apic sep mtrr pge mca cmov pat pse36 clflush dts acpi mmx fxsr sse sse2 ss ht tm pbe syscall nx rdtscp lm constant_tsc arch_perfmon pebs bts rep_good nopl xtopology nonstop_tsc aperfmperf eagerfpu pni pclmulqdq dtes64 monitor ds_cpl vmx smx est tm2 ssse3 cx16 xtpr pdcm pcid sse4_1 sse4_2 x2apic popcnt tsc_deadline_timer aes xsave avx f16c rdrand lahf_lm ida arat epb xsaveopt pln pts dtherm tpr_shadow vnmi flexpriority ept vpid fsgsbase smep erms
bogomips	: 6784.59
clflush size	: 64
cache_alignment	: 64
address sizes	: 36 bits physical, 48 bits virtual
power management:

processor	: 7
vendor_id	: GenuineIntel
cpu family	: 6
model		: 58
model name	: Intel(R) Core(TM) i7-3770 CPU @ 3.40GHz
stepping	: 9
microcode	: 0x17
cpu MHz		: 3672.000
cache size	: 8192 KB
physical id	: 0
siblings	: 8
core id		: 3
cpu cores	: 4
apicid		: 7
initial apicid	: 7
fpu		: yes
fpu_exception	: yes
cpuid level	: 13
wp		: yes
flags		: fpu vme de pse tsc msr pae mce cx8 apic sep mtrr pge mca cmov pat pse36 clflush dts acpi mmx fxsr sse sse2 ss ht tm pbe syscall nx rdtscp lm constant_tsc arch_perfmon pebs bts rep_good nopl xtopology nonstop_tsc aperfmperf eagerfpu pni pclmulqdq dtes64 monitor ds_cpl vmx smx est tm2 ssse3 cx16 xtpr pdcm pcid sse4_1 sse4_2 x2apic popcnt tsc_deadline_timer aes xsave avx f16c rdrand lahf_lm ida arat epb xsaveopt pln pts dtherm tpr_shadow vnmi flexpriority ept vpid fsgsbase smep erms
bogomips	: 6784.59
clflush size	: 64
cache_alignment	: 64
address sizes	: 36 bits physical, 48 bits virtual
power management:



Memory: 4k page, physical 8016148k(155796k free), swap 0k(0k free)

vm_info: OpenJDK 64-Bit Server VM (24.75-b04) for linux-amd64 JRE (1.7.0_75-b13), built on Jan 29 2015 14:43:34 by "buildd" with gcc 4.7.2

time: Mon Sep  5 12:33:34 2016
elapsed time: 19 seconds

