#
# There is insufficient memory for the Java Runtime Environment to continue.
# Native memory allocation (malloc) failed to allocate 85458944 bytes for committing reserved memory.
# Possible reasons:
#   The system is out of physical RAM or swap space
#   In 32 bit mode, the process size limit was hit
# Possible solutions:
#   Reduce memory load on the system
#   Increase physical memory or swap space
#   Check if swap backing store is full
#   Use 64 bit Java on a 64 bit OS
#   Decrease Java heap size (-Xmx/-Xms)
#   Decrease number of Java threads
#   Decrease Java thread stack sizes (-Xss)
#   Set larger code cache with -XX:ReservedCodeCacheSize=
# This output file may be truncated or incomplete.
#
#  Out of Memory Error (os_linux.cpp:2798), pid=1073, tid=139807111468800
#
# JRE version:  (7.0_75-b13) (build )
# Java VM: OpenJDK 64-Bit Server VM (24.75-b04 mixed mode linux-amd64 compressed oops)
# Derivative: IcedTea 2.5.4
# Distribution: Debian GNU/Linux 7.6 (wheezy), package 7u75-2.5.4-1~deb7u1
# Failed to write core dump. Core dumps have been disabled. To enable core dumping, try "ulimit -c unlimited" before starting Java again
#

---------------  T H R E A D  ---------------

Current thread (0x00007f2758008800):  JavaThread "Unknown thread" [_thread_in_vm, id=1078, stack(0x00007f2761275000,0x00007f2761376000)]

Stack: [0x00007f2761275000,0x00007f2761376000],  sp=0x00007f2761374590,  free space=1021k
Native frames: (J=compiled Java code, j=interpreted, Vv=VM code, C=native code)
V  [libjvm.so+0x92a085]  VMError::report_and_die()+0x175
V  [libjvm.so+0x490140]  report_vm_out_of_memory(char const*, int, unsigned long, char const*)+0x70
V  [libjvm.so+0x7b35f3]  os::pd_commit_memory(char*, unsigned long, unsigned long, bool)+0x103
V  [libjvm.so+0x7addf6]  os::commit_memory(char*, unsigned long, unsigned long, bool)+0x26
V  [libjvm.so+0x81b0eb]  PSVirtualSpace::expand_by(unsigned long)+0x6b
V  [libjvm.so+0x80b9a9]  PSOldGen::initialize(ReservedSpace, unsigned long, char const*, int)+0xd9
V  [libjvm.so+0x2b1124]  AdjoiningGenerations::AdjoiningGenerations(ReservedSpace, unsigned long, unsigned long, unsigned long, unsigned long, unsigned long, unsigned long, unsigned long)+0x384
V  [libjvm.so+0x7d2124]  ParallelScavengeHeap::initialize()+0x504
V  [libjvm.so+0x8fda1c]  Universe::initialize_heap()+0x13c
V  [libjvm.so+0x8fdcd5]  universe_init()+0x65
V  [libjvm.so+0x59902f]  init_globals()+0x4f
V  [libjvm.so+0x8e0bbf]  Threads::create_vm(JavaVMInitArgs*, bool*)+0x38f
V  [libjvm.so+0x601ab8]  JNI_CreateJavaVM+0x58
C  [libjli.so+0x2b34]


---------------  P R O C E S S  ---------------

Java Threads: ( => current thread )

Other Threads:

=>0x00007f2758008800 (exited) JavaThread "Unknown thread" [_thread_in_vm, id=1078, stack(0x00007f2761275000,0x00007f2761376000)]

VM state:not at safepoint (not fully initialized)

VM Mutex/Monitor currently owned by a thread: None

GC Heap History (0 events):
No events

Deoptimization events (0 events):
No events

Internal exceptions (0 events):
No events

Events (0 events):
No events


Dynamic libraries:
00400000-00401000 r-xp 00000000 08:03 34081                              /usr/lib/jvm/java-7-openjdk-amd64/jre/bin/java
00600000-00601000 r--p 00000000 08:03 34081                              /usr/lib/jvm/java-7-openjdk-amd64/jre/bin/java
00601000-00602000 rw-p 00001000 08:03 34081                              /usr/lib/jvm/java-7-openjdk-amd64/jre/bin/java
01448000-01469000 rw-p 00000000 00:00 0                                  [heap]
b5a00000-c0000000 rw-p 00000000 00:00 0 
c5180000-eaa80000 rw-p 00000000 00:00 0 
eaa80000-ed380000 rw-p 00000000 00:00 0 
ed380000-100000000 rw-p 00000000 00:00 0 
7f2755000000-7f2755270000 rwxp 00000000 00:00 0 
7f2755270000-7f2758021000 rw-p 00000000 00:00 0 
7f2758021000-7f275c000000 ---p 00000000 00:00 0 
7f275e1c0000-7f275e413000 rw-p 00000000 00:00 0 
7f275e413000-7f275e5bb000 rw-p 00000000 00:00 0 
7f275e5bb000-7f275e5d0000 rw-p 00000000 00:00 0 
7f275e5d0000-7f275e666000 rw-p 00000000 00:00 0 
7f275e666000-7f275e671000 rw-p 00000000 00:00 0 
7f275e671000-7f275e727000 rw-p 00000000 00:00 0 
7f275e727000-7f275e72f000 r-xp 00000000 08:03 34198                      /usr/lib/jvm/java-7-openjdk-amd64/jre/lib/amd64/libzip.so
7f275e72f000-7f275e92e000 ---p 00008000 08:03 34198                      /usr/lib/jvm/java-7-openjdk-amd64/jre/lib/amd64/libzip.so
7f275e92e000-7f275e92f000 r--p 00007000 08:03 34198                      /usr/lib/jvm/java-7-openjdk-amd64/jre/lib/amd64/libzip.so
7f275e92f000-7f275e930000 rw-p 00008000 08:03 34198                      /usr/lib/jvm/java-7-openjdk-amd64/jre/lib/amd64/libzip.so
7f275e930000-7f275e95b000 r-xp 00000000 08:03 34174                      /usr/lib/jvm/java-7-openjdk-amd64/jre/lib/amd64/libjava.so
7f275e95b000-7f275eb5a000 ---p 0002b000 08:03 34174                      /usr/lib/jvm/java-7-openjdk-amd64/jre/lib/amd64/libjava.so
7f275eb5a000-7f275eb5b000 r--p 0002a000 08:03 34174                      /usr/lib/jvm/java-7-openjdk-amd64/jre/lib/amd64/libjava.so
7f275eb5b000-7f275eb5d000 rw-p 0002b000 08:03 34174                      /usr/lib/jvm/java-7-openjdk-amd64/jre/lib/amd64/libjava.so
7f275eb5d000-7f275eb6c000 r-xp 00000000 08:03 34197                      /usr/lib/jvm/java-7-openjdk-amd64/jre/lib/amd64/libverify.so
7f275eb6c000-7f275ed6b000 ---p 0000f000 08:03 34197                      /usr/lib/jvm/java-7-openjdk-amd64/jre/lib/amd64/libverify.so
7f275ed6b000-7f275ed6d000 r--p 0000e000 08:03 34197                      /usr/lib/jvm/java-7-openjdk-amd64/jre/lib/amd64/libverify.so
7f275ed6d000-7f275ed6e000 rw-p 00010000 08:03 34197                      /usr/lib/jvm/java-7-openjdk-amd64/jre/lib/amd64/libverify.so
7f275ed6e000-7f275ed75000 r-xp 00000000 08:03 26221                      /lib/x86_64-linux-gnu/librt-2.19.so
7f275ed75000-7f275ef74000 ---p 00007000 08:03 26221                      /lib/x86_64-linux-gnu/librt-2.19.so
7f275ef74000-7f275ef75000 r--p 00006000 08:03 26221                      /lib/x86_64-linux-gnu/librt-2.19.so
7f275ef75000-7f275ef76000 rw-p 00007000 08:03 26221                      /lib/x86_64-linux-gnu/librt-2.19.so
7f275ef76000-7f275ef8c000 r-xp 00000000 08:03 3409                       /lib/x86_64-linux-gnu/libgcc_s.so.1
7f275ef8c000-7f275f18b000 ---p 00016000 08:03 3409                       /lib/x86_64-linux-gnu/libgcc_s.so.1
7f275f18b000-7f275f18c000 rw-p 00015000 08:03 3409                       /lib/x86_64-linux-gnu/libgcc_s.so.1
7f275f18c000-7f275f28c000 r-xp 00000000 08:03 26210                      /lib/x86_64-linux-gnu/libm-2.19.so
7f275f28c000-7f275f48b000 ---p 00100000 08:03 26210                      /lib/x86_64-linux-gnu/libm-2.19.so
7f275f48b000-7f275f48c000 r--p 000ff000 08:03 26210                      /lib/x86_64-linux-gnu/libm-2.19.so
7f275f48c000-7f275f48d000 rw-p 00100000 08:03 26210                      /lib/x86_64-linux-gnu/libm-2.19.so
7f275f48d000-7f275f579000 r-xp 00000000 08:03 13098                      /usr/lib/x86_64-linux-gnu/libstdc++.so.6.0.20
7f275f579000-7f275f779000 ---p 000ec000 08:03 13098                      /usr/lib/x86_64-linux-gnu/libstdc++.so.6.0.20
7f275f779000-7f275f781000 r--p 000ec000 08:03 13098                      /usr/lib/x86_64-linux-gnu/libstdc++.so.6.0.20
7f275f781000-7f275f783000 rw-p 000f4000 08:03 13098                      /usr/lib/x86_64-linux-gnu/libstdc++.so.6.0.20
7f275f783000-7f275f798000 rw-p 00000000 00:00 0 
7f275f798000-7f2760296000 r-xp 00000000 08:03 34199                      /usr/lib/jvm/java-7-openjdk-amd64/jre/lib/amd64/server/libjvm.so
7f2760296000-7f2760495000 ---p 00afe000 08:03 34199                      /usr/lib/jvm/java-7-openjdk-amd64/jre/lib/amd64/server/libjvm.so
7f2760495000-7f2760536000 r--p 00afd000 08:03 34199                      /usr/lib/jvm/java-7-openjdk-amd64/jre/lib/amd64/server/libjvm.so
7f2760536000-7f2760559000 rw-p 00b9e000 08:03 34199                      /usr/lib/jvm/java-7-openjdk-amd64/jre/lib/amd64/server/libjvm.so
7f2760559000-7f2760586000 rw-p 00000000 00:00 0 
7f2760586000-7f27605a0000 r-xp 00000000 08:03 21771                      /lib/x86_64-linux-gnu/libz.so.1.2.8
7f27605a0000-7f276079f000 ---p 0001a000 08:03 21771                      /lib/x86_64-linux-gnu/libz.so.1.2.8
7f276079f000-7f27607a0000 r--p 00019000 08:03 21771                      /lib/x86_64-linux-gnu/libz.so.1.2.8
7f27607a0000-7f27607a1000 rw-p 0001a000 08:03 21771                      /lib/x86_64-linux-gnu/libz.so.1.2.8
7f27607a1000-7f2760943000 r-xp 00000000 08:03 26206                      /lib/x86_64-linux-gnu/libc-2.19.so
7f2760943000-7f2760b42000 ---p 001a2000 08:03 26206                      /lib/x86_64-linux-gnu/libc-2.19.so
7f2760b42000-7f2760b46000 r--p 001a1000 08:03 26206                      /lib/x86_64-linux-gnu/libc-2.19.so
7f2760b46000-7f2760b48000 rw-p 001a5000 08:03 26206                      /lib/x86_64-linux-gnu/libc-2.19.so
7f2760b48000-7f2760b4c000 rw-p 00000000 00:00 0 
7f2760b4c000-7f2760b4f000 r-xp 00000000 08:03 26209                      /lib/x86_64-linux-gnu/libdl-2.19.so
7f2760b4f000-7f2760d4e000 ---p 00003000 08:03 26209                      /lib/x86_64-linux-gnu/libdl-2.19.so
7f2760d4e000-7f2760d4f000 r--p 00002000 08:03 26209                      /lib/x86_64-linux-gnu/libdl-2.19.so
7f2760d4f000-7f2760d50000 rw-p 00003000 08:03 26209                      /lib/x86_64-linux-gnu/libdl-2.19.so
7f2760d50000-7f2760d5d000 r-xp 00000000 08:03 34204                      /usr/lib/jvm/java-7-openjdk-amd64/jre/lib/amd64/jli/libjli.so
7f2760d5d000-7f2760f5c000 ---p 0000d000 08:03 34204                      /usr/lib/jvm/java-7-openjdk-amd64/jre/lib/amd64/jli/libjli.so
7f2760f5c000-7f2760f5d000 r--p 0000c000 08:03 34204                      /usr/lib/jvm/java-7-openjdk-amd64/jre/lib/amd64/jli/libjli.so
7f2760f5d000-7f2760f5e000 rw-p 0000d000 08:03 34204                      /usr/lib/jvm/java-7-openjdk-amd64/jre/lib/amd64/jli/libjli.so
7f2760f5e000-7f2760f76000 r-xp 00000000 08:03 26202                      /lib/x86_64-linux-gnu/libpthread-2.19.so
7f2760f76000-7f2761175000 ---p 00018000 08:03 26202                      /lib/x86_64-linux-gnu/libpthread-2.19.so
7f2761175000-7f2761176000 r--p 00017000 08:03 26202                      /lib/x86_64-linux-gnu/libpthread-2.19.so
7f2761176000-7f2761177000 rw-p 00018000 08:03 26202                      /lib/x86_64-linux-gnu/libpthread-2.19.so
7f2761177000-7f276117b000 rw-p 00000000 00:00 0 
7f276117b000-7f276119b000 r-xp 00000000 08:03 26203                      /lib/x86_64-linux-gnu/ld-2.19.so
7f2761240000-7f2761275000 r--s 00000000 08:03 21581                      /var/cache/nscd/passwd
7f2761275000-7f2761278000 ---p 00000000 00:00 0 
7f2761278000-7f276137b000 rw-p 00000000 00:00 0                          [stack:1078]
7f276138d000-7f276138f000 rw-p 00000000 00:00 0 
7f276138f000-7f2761397000 rw-s 00000000 08:03 16518783                   /tmp/hsperfdata_dfrancisco.hernandez/1073
7f2761397000-7f2761398000 rw-p 00000000 00:00 0 
7f2761398000-7f2761399000 r--p 00000000 00:00 0 
7f2761399000-7f276139b000 rw-p 00000000 00:00 0 
7f276139b000-7f276139c000 r--p 00020000 08:03 26203                      /lib/x86_64-linux-gnu/ld-2.19.so
7f276139c000-7f276139d000 rw-p 00021000 08:03 26203                      /lib/x86_64-linux-gnu/ld-2.19.so
7f276139d000-7f276139e000 rw-p 00000000 00:00 0 
7fff469fc000-7fff46a1d000 rw-p 00000000 00:00 0                          [stack]
7fff46aff000-7fff46b01000 r-xp 00000000 00:00 0                          [vdso]
ffffffffff600000-ffffffffff601000 r-xp 00000000 00:00 0                  [vsyscall]

VM Arguments:
jvm_args: -Djava.awt.headless=true -Xmx1024M -Dfile.encoding=UTF-8 -Duser.country=CO -Duser.language=es -Duser.variant 
java_command: com.android.dx.command.Main --dex --force-jumbo --num-threads=4 --output /export/estudiantes/dfrancisco.hernandez/LabsCompuMovil/Lab2Activities/app/build/intermediates/pre-dexed/debug/com.google.android.gms-play-services-analytics-impl-9.0.0_16364c45b19329b734c0b68e5378e953f5e7bd3a.jar /export/estudiantes/dfrancisco.hernandez/LabsCompuMovil/Lab2Activities/app/build/intermediates/exploded-aar/com.google.android.gms/play-services-analytics-impl/9.0.0/jars/classes.jar
Launcher Type: SUN_STANDARD

Environment Variables:
PATH=~/.npm-global/bin:/usr/local/heroku/bin:/usr/local/sbin:/usr/local/bin:/usr/sbin:/usr/bin:/sbin:/bin:/usr/bin/X11
USERNAME=dfrancisco.hernandez
LD_LIBRARY_PATH=/apps/android-studio/bin:
SHELL=/bin/bash
DISPLAY=:20.0

Signal Handlers:
SIGSEGV: [libjvm.so+0x92ab50], sa_mask[0]=0x7ffbfeff, sa_flags=0x10000004
SIGBUS: [libjvm.so+0x92ab50], sa_mask[0]=0x7ffbfeff, sa_flags=0x10000004
SIGFPE: [libjvm.so+0x7aea00], sa_mask[0]=0x7ffbfeff, sa_flags=0x10000004
SIGPIPE: [libjvm.so+0x7aea00], sa_mask[0]=0x7ffbfeff, sa_flags=0x10000004
SIGXFSZ: [libjvm.so+0x7aea00], sa_mask[0]=0x7ffbfeff, sa_flags=0x10000004
SIGILL: [libjvm.so+0x7aea00], sa_mask[0]=0x7ffbfeff, sa_flags=0x10000004
SIGUSR1: SIG_DFL, sa_mask[0]=0x00000000, sa_flags=0x00000000
SIGUSR2: [libjvm.so+0x7aed40], sa_mask[0]=0x00000004, sa_flags=0x10000004
SIGHUP: SIG_DFL, sa_mask[0]=0x00000000, sa_flags=0x00000000
SIGINT: SIG_DFL, sa_mask[0]=0x00000000, sa_flags=0x00000000
SIGTERM: SIG_DFL, sa_mask[0]=0x00000000, sa_flags=0x00000000
SIGQUIT: SIG_DFL, sa_mask[0]=0x00000000, sa_flags=0x00000000
SIGTRAP: SIG_DFL, sa_mask[0]=0x00000000, sa_flags=0x00000000


---------------  S Y S T E M  ---------------

OS:LinuxMint 1 (debian)
uname:Linux 3.11-2-amd64 #1 SMP Debian 3.11.8-1 (2013-11-13) x86_64
libc:glibc 2.19 NPTL 2.19 
rlimit: STACK 8192k, CORE 0k, NPROC 62422, NOFILE 4096, AS infinity
load average:28.04 21.64 13.56

/proc/meminfo:
MemTotal:        8016148 kB
MemFree:          771216 kB
Buffers:            2116 kB
Cached:           672352 kB
SwapCached:            0 kB
Active:          3692916 kB
Inactive:         637184 kB
Active(anon):    3662876 kB
Inactive(anon):   613684 kB
Active(file):      30040 kB
Inactive(file):    23500 kB
Unevictable:        5620 kB
Mlocked:            3540 kB
SwapTotal:             0 kB
SwapFree:              0 kB
Dirty:                60 kB
Writeback:           304 kB
AnonPages:       3661380 kB
Mapped:          2990360 kB
Shmem:            615984 kB
Slab:             105228 kB
SReclaimable:      27736 kB
SUnreclaim:        77492 kB
KernelStack:        7168 kB
PageTables:        56592 kB
NFS_Unstable:          0 kB
Bounce:                0 kB
WritebackTmp:          0 kB
CommitLimit:     4008072 kB
Committed_AS:   11863832 kB
VmallocTotal:   34359738367 kB
VmallocUsed:      378828 kB
VmallocChunk:   34359353132 kB
HardwareCorrupted:     0 kB
AnonHugePages:         0 kB
HugePages_Total:       0
HugePages_Free:        0
HugePages_Rsvd:        0
HugePages_Surp:        0
Hugepagesize:       2048 kB
DirectMap4k:       67740 kB
DirectMap2M:     8138752 kB


CPU:total 8 (4 cores per cpu, 2 threads per core) family 6 model 58 stepping 9, cmov, cx8, fxsr, mmx, sse, sse2, sse3, ssse3, sse4.1, sse4.2, popcnt, avx, aes, erms, ht, tsc, tscinvbit, tscinv

/proc/cpuinfo:
processor	: 0
vendor_id	: GenuineIntel
cpu family	: 6
model		: 58
model name	: Intel(R) Core(TM) i7-3770 CPU @ 3.40GHz
stepping	: 9
microcode	: 0x17
cpu MHz		: 3672.000
cache size	: 8192 KB
physical id	: 0
siblings	: 8
core id		: 0
cpu cores	: 4
apicid		: 0
initial apicid	: 0
fpu		: yes
fpu_exception	: yes
cpuid level	: 13
wp		: yes
flags		: fpu vme de pse tsc msr pae mce cx8 apic sep mtrr pge mca cmov pat pse36 clflush dts acpi mmx fxsr sse sse2 ss ht tm pbe syscall nx rdtscp lm constant_tsc arch_perfmon pebs bts rep_good nopl xtopology nonstop_tsc aperfmperf eagerfpu pni pclmulqdq dtes64 monitor ds_cpl vmx smx est tm2 ssse3 cx16 xtpr pdcm pcid sse4_1 sse4_2 x2apic popcnt tsc_deadline_timer aes xsave avx f16c rdrand lahf_lm ida arat epb xsaveopt pln pts dtherm tpr_shadow vnmi flexpriority ept vpid fsgsbase smep erms
bogomips	: 6784.59
clflush size	: 64
cache_alignment	: 64
address sizes	: 36 bits physical, 48 bits virtual
power management:

processor	: 1
vendor_id	: GenuineIntel
cpu family	: 6
model		: 58
model name	: Intel(R) Core(TM) i7-3770 CPU @ 3.40GHz
stepping	: 9
microcode	: 0x17
cpu MHz		: 3672.000
cache size	: 8192 KB
physical id	: 0
siblings	: 8
core id		: 1
cpu cores	: 4
apicid		: 2
initial apicid	: 2
fpu		: yes
fpu_exception	: yes
cpuid level	: 13
wp		: yes
flags		: fpu vme de pse tsc msr pae mce cx8 apic sep mtrr pge mca cmov pat pse36 clflush dts acpi mmx fxsr sse sse2 ss ht tm pbe syscall nx rdtscp lm constant_tsc arch_perfmon pebs bts rep_good nopl xtopology nonstop_tsc aperfmperf eagerfpu pni pclmulqdq dtes64 monitor ds_cpl vmx smx est tm2 ssse3 cx16 xtpr pdcm pcid sse4_1 sse4_2 x2apic popcnt tsc_deadline_timer aes xsave avx f16c rdrand lahf_lm ida arat epb xsaveopt pln pts dtherm tpr_shadow vnmi flexpriority ept vpid fsgsbase smep erms
bogomips	: 6784.59
clflush size	: 64
cache_alignment	: 64
address sizes	: 36 bits physical, 48 bits virtual
power management:

processor	: 2
vendor_id	: GenuineIntel
cpu family	: 6
model		: 58
model name	: Intel(R) Core(TM) i7-3770 CPU @ 3.40GHz
stepping	: 9
microcode	: 0x17
cpu MHz		: 3672.000
cache size	: 8192 KB
physical id	: 0
siblings	: 8
core id		: 2
cpu cores	: 4
apicid		: 4
initial apicid	: 4
fpu		: yes
fpu_exception	: yes
cpuid level	: 13
wp		: yes
flags		: fpu vme de pse tsc msr pae mce cx8 apic sep mtrr pge mca cmov pat pse36 clflush dts acpi mmx fxsr sse sse2 ss ht tm pbe syscall nx rdtscp lm constant_tsc arch_perfmon pebs bts rep_good nopl xtopology nonstop_tsc aperfmperf eagerfpu pni pclmulqdq dtes64 monitor ds_cpl vmx smx est tm2 ssse3 cx16 xtpr pdcm pcid sse4_1 sse4_2 x2apic popcnt tsc_deadline_timer aes xsave avx f16c rdrand lahf_lm ida arat epb xsaveopt pln pts dtherm tpr_shadow vnmi flexpriority ept vpid fsgsbase smep erms
bogomips	: 6784.59
clflush size	: 64
cache_alignment	: 64
address sizes	: 36 bits physical, 48 bits virtual
power management:

processor	: 3
vendor_id	: GenuineIntel
cpu family	: 6
model		: 58
model name	: Intel(R) Core(TM) i7-3770 CPU @ 3.40GHz
stepping	: 9
microcode	: 0x17
cpu MHz		: 3672.000
cache size	: 8192 KB
physical id	: 0
siblings	: 8
core id		: 3
cpu cores	: 4
apicid		: 6
initial apicid	: 6
fpu		: yes
fpu_exception	: yes
cpuid level	: 13
wp		: yes
flags		: fpu vme de pse tsc msr pae mce cx8 apic sep mtrr pge mca cmov pat pse36 clflush dts acpi mmx fxsr sse sse2 ss ht tm pbe syscall nx rdtscp lm constant_tsc arch_perfmon pebs bts rep_good nopl xtopology nonstop_tsc aperfmperf eagerfpu pni pclmulqdq dtes64 monitor ds_cpl vmx smx est tm2 ssse3 cx16 xtpr pdcm pcid sse4_1 sse4_2 x2apic popcnt tsc_deadline_timer aes xsave avx f16c rdrand lahf_lm ida arat epb xsaveopt pln pts dtherm tpr_shadow vnmi flexpriority ept vpid fsgsbase smep erms
bogomips	: 6784.59
clflush size	: 64
cache_alignment	: 64
address sizes	: 36 bits physical, 48 bits virtual
power management:

processor	: 4
vendor_id	: GenuineIntel
cpu family	: 6
model		: 58
model name	: Intel(R) Core(TM) i7-3770 CPU @ 3.40GHz
stepping	: 9
microcode	: 0x17
cpu MHz		: 3672.000
cache size	: 8192 KB
physical id	: 0
siblings	: 8
core id		: 0
cpu cores	: 4
apicid		: 1
initial apicid	: 1
fpu		: yes
fpu_exception	: yes
cpuid level	: 13
wp		: yes
flags		: fpu vme de pse tsc msr pae mce cx8 apic sep mtrr pge mca cmov pat pse36 clflush dts acpi mmx fxsr sse sse2 ss ht tm pbe syscall nx rdtscp lm constant_tsc arch_perfmon pebs bts rep_good nopl xtopology nonstop_tsc aperfmperf eagerfpu pni pclmulqdq dtes64 monitor ds_cpl vmx smx est tm2 ssse3 cx16 xtpr pdcm pcid sse4_1 sse4_2 x2apic popcnt tsc_deadline_timer aes xsave avx f16c rdrand lahf_lm ida arat epb xsaveopt pln pts dtherm tpr_shadow vnmi flexpriority ept vpid fsgsbase smep erms
bogomips	: 6784.59
clflush size	: 64
cache_alignment	: 64
address sizes	: 36 bits physical, 48 bits virtual
power management:

processor	: 5
vendor_id	: GenuineIntel
cpu family	: 6
model		: 58
model name	: Intel(R) Core(TM) i7-3770 CPU @ 3.40GHz
stepping	: 9
microcode	: 0x17
cpu MHz		: 3672.000
cache size	: 8192 KB
physical id	: 0
siblings	: 8
core id		: 1
cpu cores	: 4
apicid		: 3
initial apicid	: 3
fpu		: yes
fpu_exception	: yes
cpuid level	: 13
wp		: yes
flags		: fpu vme de pse tsc msr pae mce cx8 apic sep mtrr pge mca cmov pat pse36 clflush dts acpi mmx fxsr sse sse2 ss ht tm pbe syscall nx rdtscp lm constant_tsc arch_perfmon pebs bts rep_good nopl xtopology nonstop_tsc aperfmperf eagerfpu pni pclmulqdq dtes64 monitor ds_cpl vmx smx est tm2 ssse3 cx16 xtpr pdcm pcid sse4_1 sse4_2 x2apic popcnt tsc_deadline_timer aes xsave avx f16c rdrand lahf_lm ida arat epb xsaveopt pln pts dtherm tpr_shadow vnmi flexpriority ept vpid fsgsbase smep erms
bogomips	: 6784.59
clflush size	: 64
cache_alignment	: 64
address sizes	: 36 bits physical, 48 bits virtual
power management:

processor	: 6
vendor_id	: GenuineIntel
cpu family	: 6
model		: 58
model name	: Intel(R) Core(TM) i7-3770 CPU @ 3.40GHz
stepping	: 9
microcode	: 0x17
cpu MHz		: 3672.000
cache size	: 8192 KB
physical id	: 0
siblings	: 8
core id		: 2
cpu cores	: 4
apicid		: 5
initial apicid	: 5
fpu		: yes
fpu_exception	: yes
cpuid level	: 13
wp		: yes
flags		: fpu vme de pse tsc msr pae mce cx8 apic sep mtrr pge mca cmov pat pse36 clflush dts acpi mmx fxsr sse sse2 ss ht tm pbe syscall nx rdtscp lm constant_tsc arch_perfmon pebs bts rep_good nopl xtopology nonstop_tsc aperfmperf eagerfpu pni pclmulqdq dtes64 monitor ds_cpl vmx smx est tm2 ssse3 cx16 xtpr pdcm pcid sse4_1 sse4_2 x2apic popcnt tsc_deadline_timer aes xsave avx f16c rdrand lahf_lm ida arat epb xsaveopt pln pts dtherm tpr_shadow vnmi flexpriority ept vpid fsgsbase smep erms
bogomips	: 6784.59
clflush size	: 64
cache_alignment	: 64
address sizes	: 36 bits physical, 48 bits virtual
power management:

processor	: 7
vendor_id	: GenuineIntel
cpu family	: 6
model		: 58
model name	: Intel(R) Core(TM) i7-3770 CPU @ 3.40GHz
stepping	: 9
microcode	: 0x17
cpu MHz		: 3672.000
cache size	: 8192 KB
physical id	: 0
siblings	: 8
core id		: 3
cpu cores	: 4
apicid		: 7
initial apicid	: 7
fpu		: yes
fpu_exception	: yes
cpuid level	: 13
wp		: yes
flags		: fpu vme de pse tsc msr pae mce cx8 apic sep mtrr pge mca cmov pat pse36 clflush dts acpi mmx fxsr sse sse2 ss ht tm pbe syscall nx rdtscp lm constant_tsc arch_perfmon pebs bts rep_good nopl xtopology nonstop_tsc aperfmperf eagerfpu pni pclmulqdq dtes64 monitor ds_cpl vmx smx est tm2 ssse3 cx16 xtpr pdcm pcid sse4_1 sse4_2 x2apic popcnt tsc_deadline_timer aes xsave avx f16c rdrand lahf_lm ida arat epb xsaveopt pln pts dtherm tpr_shadow vnmi flexpriority ept vpid fsgsbase smep erms
bogomips	: 6784.59
clflush size	: 64
cache_alignment	: 64
address sizes	: 36 bits physical, 48 bits virtual
power management:



Memory: 4k page, physical 8016148k(771216k free), swap 0k(0k free)

vm_info: OpenJDK 64-Bit Server VM (24.75-b04) for linux-amd64 JRE (1.7.0_75-b13), built on Jan 29 2015 14:43:34 by "buildd" with gcc 4.7.2

time: Mon Sep  5 12:44:53 2016
elapsed time: 3 seconds

