#
# There is insufficient memory for the Java Runtime Environment to continue.
# Native memory allocation (malloc) failed to allocate 32505856 bytes for committing reserved memory.
# Possible reasons:
#   The system is out of physical RAM or swap space
#   In 32 bit mode, the process size limit was hit
# Possible solutions:
#   Reduce memory load on the system
#   Increase physical memory or swap space
#   Check if swap backing store is full
#   Use 64 bit Java on a 64 bit OS
#   Decrease Java heap size (-Xmx/-Xms)
#   Decrease number of Java threads
#   Decrease Java thread stack sizes (-Xss)
#   Set larger code cache with -XX:ReservedCodeCacheSize=
# This output file may be truncated or incomplete.
#
#  Out of Memory Error (os_linux.cpp:2798), pid=29514, tid=139962055243520
#
# JRE version: OpenJDK Runtime Environment (7.0_75-b13) (build 1.7.0_75-b13)
# Java VM: OpenJDK 64-Bit Server VM (24.75-b04 mixed mode linux-amd64 compressed oops)
# Derivative: IcedTea 2.5.4
# Distribution: Debian GNU/Linux 7.6 (wheezy), package 7u75-2.5.4-1~deb7u1
# Failed to write core dump. Core dumps have been disabled. To enable core dumping, try "ulimit -c unlimited" before starting Java again
#

---------------  T H R E A D  ---------------

Current thread (0x00007f4b8007c800):  VMThread [stack: 0x00007f4b7485b000,0x00007f4b7495c000] [id=29527]

Stack: [0x00007f4b7485b000,0x00007f4b7495c000],  sp=0x00007f4b7495a500,  free space=1021k
Native frames: (J=compiled Java code, j=interpreted, Vv=VM code, C=native code)
V  [libjvm.so+0x92a085]  VMError::report_and_die()+0x175
V  [libjvm.so+0x490140]  report_vm_out_of_memory(char const*, int, unsigned long, char const*)+0x70
V  [libjvm.so+0x7b35f3]  os::pd_commit_memory(char*, unsigned long, unsigned long, bool)+0x103
V  [libjvm.so+0x7addf6]  os::commit_memory(char*, unsigned long, unsigned long, bool)+0x26
V  [libjvm.so+0x81b0eb]  PSVirtualSpace::expand_by(unsigned long)+0x6b
V  [libjvm.so+0x81beb8]  PSYoungGen::resize_generation(unsigned long, unsigned long)+0xa8
V  [libjvm.so+0x81c512]  PSYoungGen::resize(unsigned long, unsigned long)+0x22
V  [libjvm.so+0x818dd1]  PSScavenge::invoke_no_policy()+0xdc1
V  [libjvm.so+0x819603]  PSScavenge::invoke()+0x43
V  [libjvm.so+0x7d2ace]  ParallelScavengeHeap::failed_mem_allocate(unsigned long)+0x6e
V  [libjvm.so+0x92bb00]  VM_ParallelGCFailedAllocation::doit()+0x90
V  [libjvm.so+0x930212]  VM_Operation::evaluate()+0x52
V  [libjvm.so+0x92eb98]  VMThread::evaluate_operation(VM_Operation*)+0x318
V  [libjvm.so+0x92efbe]  VMThread::loop()+0x1ee
V  [libjvm.so+0x92f402]  VMThread::run()+0x72
V  [libjvm.so+0x7b04d2]  java_start(Thread*)+0xf2

VM_Operation (0x00007f4b6e53f100): ParallelGCFailedAllocation, mode: safepoint, requested by thread 0x00007f4b801a4000


---------------  P R O C E S S  ---------------

Java Threads: ( => current thread )
  0x00007f4b801a7800 JavaThread "pool-1-thread-4" [_thread_blocked, id=29556, stack(0x00007f4b6e23e000,0x00007f4b6e33f000)]
  0x00007f4b801a5800 JavaThread "pool-1-thread-3" [_thread_blocked, id=29555, stack(0x00007f4b6e33f000,0x00007f4b6e440000)]
  0x00007f4b801a4000 JavaThread "pool-1-thread-2" [_thread_blocked, id=29554, stack(0x00007f4b6e440000,0x00007f4b6e541000)]
  0x00007f4b80197000 JavaThread "pool-2-thread-1" [_thread_blocked, id=29553, stack(0x00007f4b6e541000,0x00007f4b6e642000)]
  0x00007f4b80195000 JavaThread "pool-1-thread-1" [_thread_blocked, id=29552, stack(0x00007f4b6e642000,0x00007f4b6e743000)]
  0x00007f4b800b5000 JavaThread "Service Thread" daemon [_thread_blocked, id=29533, stack(0x00007f4b740cc000,0x00007f4b741cd000)]
  0x00007f4b800b2800 JavaThread "C2 CompilerThread1" daemon [_thread_blocked, id=29532, stack(0x00007f4b741cd000,0x00007f4b742ce000)]
  0x00007f4b800af800 JavaThread "C2 CompilerThread0" daemon [_thread_blocked, id=29531, stack(0x00007f4b742ce000,0x00007f4b743cf000)]
  0x00007f4b800ad800 JavaThread "Signal Dispatcher" daemon [_thread_blocked, id=29530, stack(0x00007f4b743cf000,0x00007f4b744d0000)]
  0x00007f4b80083000 JavaThread "Finalizer" daemon [_thread_blocked, id=29529, stack(0x00007f4b74659000,0x00007f4b7475a000)]
  0x00007f4b80081000 JavaThread "Reference Handler" daemon [_thread_blocked, id=29528, stack(0x00007f4b7475a000,0x00007f4b7485b000)]
  0x00007f4b80008800 JavaThread "main" [_thread_blocked, id=29518, stack(0x00007f4b877ba000,0x00007f4b878bb000)]

Other Threads:
=>0x00007f4b8007c800 VMThread [stack: 0x00007f4b7485b000,0x00007f4b7495c000] [id=29527]
  0x00007f4b800c0000 WatcherThread [stack: 0x00007f4b6feff000,0x00007f4b70000000] [id=29534]

VM state:at safepoint (normal execution)

VM Mutex/Monitor currently owned by a thread:  ([mutex/lock_event])
[0x00007f4b80006ac0] Threads_lock - owner thread: 0x00007f4b8007c800
[0x00007f4b80006fc0] Heap_lock - owner thread: 0x00007f4b801a4000

Heap
 PSYoungGen      total 36864K, used 5100K [0x00000000eaa80000, 0x00000000ed380000, 0x0000000100000000)
  eden space 31744K, 0% used [0x00000000eaa80000,0x00000000eaa80000,0x00000000ec980000)
  from space 5120K, 99% used [0x00000000ece80000,0x00000000ed37b350,0x00000000ed380000)
  to   space 5120K, 0% used [0x00000000ec980000,0x00000000ec980000,0x00000000ece80000)
 ParOldGen       total 83456K, used 3399K [0x00000000c0000000, 0x00000000c5180000, 0x00000000eaa80000)
  object space 83456K, 4% used [0x00000000c0000000,0x00000000c0351d98,0x00000000c5180000)
 PSPermGen       total 21504K, used 6145K [0x00000000b5a00000, 0x00000000b6f00000, 0x00000000c0000000)
  object space 21504K, 28% used [0x00000000b5a00000,0x00000000b6000438,0x00000000b6f00000)

Card table byte_map: [0x00007f4b84958000,0x00007f4b84bac000] byte_map_base: 0x00007f4b843ab000

Polling page: 0x00007f4b878dd000

Code Cache  [0x00007f4b7d000000, 0x00007f4b7d270000, 0x00007f4b80000000)
 total_blobs=422 nmethods=191 adapters=184 free_code_cache=48365Kb largest_free_block=49492864

Compilation events (10 events):
Event: 2,798 Thread 0x00007f4b800b2800 nmethod 187 0x00007f4b7d0af390 code [0x00007f4b7d0af5c0, 0x00007f4b7d0afd40]
Event: 2,798 Thread 0x00007f4b800b2800  188             com.android.dx.ssa.NormalSsaInsn::isNormalMoveInsn (20 bytes)
Event: 2,798 Thread 0x00007f4b800b2800 nmethod 188 0x00007f4b7d0aa2d0 code [0x00007f4b7d0aa420, 0x00007f4b7d0aa4b8]
Event: 2,798 Thread 0x00007f4b800b2800  189             com.android.dx.ssa.Dominators::run (506 bytes)
Event: 2,805 Thread 0x00007f4b800af800 nmethod 185 0x00007f4b7d0c5a50 code [0x00007f4b7d0c5e80, 0x00007f4b7d0c87e8]
Event: 2,805 Thread 0x00007f4b800af800  190             com.android.dx.rop.code.RegisterSpec::makeLocalOptional (7 bytes)
Event: 2,805 Thread 0x00007f4b800af800 nmethod 190 0x00007f4b7d0aa090 code [0x00007f4b7d0aa1e0, 0x00007f4b7d0aa248]
Event: 2,805 Thread 0x00007f4b800af800  191             com.android.dx.ssa.DeadCodeRemover::access$000 (5 bytes)
Event: 2,808 Thread 0x00007f4b800af800 nmethod 191 0x00007f4b7d0aec90 code [0x00007f4b7d0aee00, 0x00007f4b7d0aefb8]
Event: 2,808 Thread 0x00007f4b800af800  192             com.android.dx.ssa.SsaRenamer$BlockRenamer::process (191 bytes)

GC Heap History (3 events):
Event: 1,967 GC heap before
{Heap before GC invocations=1 (full 0):
 PSYoungGen      total 36864K, used 31744K [0x00000000eaa80000, 0x00000000ed380000, 0x0000000100000000)
  eden space 31744K, 100% used [0x00000000eaa80000,0x00000000ec980000,0x00000000ec980000)
  from space 5120K, 0% used [0x00000000ece80000,0x00000000ece80000,0x00000000ed380000)
  to   space 5120K, 0% used [0x00000000ec980000,0x00000000ec980000,0x00000000ece80000)
 ParOldGen       total 83456K, used 0K [0x00000000c0000000, 0x00000000c5180000, 0x00000000eaa80000)
  object space 83456K, 0% used [0x00000000c0000000,0x00000000c0000000,0x00000000c5180000)
 PSPermGen       total 21504K, used 5927K [0x00000000b5a00000, 0x00000000b6f00000, 0x00000000c0000000)
  object space 21504K, 27% used [0x00000000b5a00000,0x00000000b5fc9d58,0x00000000b6f00000)
Event: 1,974 GC heap after
Heap after GC invocations=1 (full 0):
 PSYoungGen      total 36864K, used 4537K [0x00000000eaa80000, 0x00000000ed380000, 0x0000000100000000)
  eden space 31744K, 0% used [0x00000000eaa80000,0x00000000eaa80000,0x00000000ec980000)
  from space 5120K, 88% used [0x00000000ec980000,0x00000000ecdee5c8,0x00000000ece80000)
  to   space 5120K, 0% used [0x00000000ece80000,0x00000000ece80000,0x00000000ed380000)
 ParOldGen       total 83456K, used 8K [0x00000000c0000000, 0x00000000c5180000, 0x00000000eaa80000)
  object space 83456K, 0% used [0x00000000c0000000,0x00000000c0002000,0x00000000c5180000)
 PSPermGen       total 21504K, used 5927K [0x00000000b5a00000, 0x00000000b6f00000, 0x00000000c0000000)
  object space 21504K, 27% used [0x00000000b5a00000,0x00000000b5fc9d58,0x00000000b6f00000)
}
Event: 2,873 GC heap before
{Heap before GC invocations=2 (full 0):
 PSYoungGen      total 36864K, used 36281K [0x00000000eaa80000, 0x00000000ed380000, 0x0000000100000000)
  eden space 31744K, 100% used [0x00000000eaa80000,0x00000000ec980000,0x00000000ec980000)
  from space 5120K, 88% used [0x00000000ec980000,0x00000000ecdee5c8,0x00000000ece80000)
  to   space 5120K, 0% used [0x00000000ece80000,0x00000000ece80000,0x00000000ed380000)
 ParOldGen       total 83456K, used 8K [0x00000000c0000000, 0x00000000c5180000, 0x00000000eaa80000)
  object space 83456K, 0% used [0x00000000c0000000,0x00000000c0002000,0x00000000c5180000)
 PSPermGen       total 21504K, used 6145K [0x00000000b5a00000, 0x00000000b6f00000, 0x00000000c0000000)
  object space 21504K, 28% used [0x00000000b5a00000,0x00000000b6000438,0x00000000b6f00000)

Deoptimization events (6 events):
Event: 2,442 Thread 0x00007f4b801a4000 Uncommon trap: reason=class_check action=maybe_recompile pc=0x00007f4b7d08ed08 method=com.android.dx.rop.type.Type.equals(Ljava/lang/Object;)Z @ 8
Event: 2,442 Thread 0x00007f4b801a4000 Uncommon trap: reason=class_check action=maybe_recompile pc=0x00007f4b7d08ed08 method=com.android.dx.rop.type.Type.equals(Ljava/lang/Object;)Z @ 8
Event: 2,442 Thread 0x00007f4b801a4000 Uncommon trap: reason=class_check action=maybe_recompile pc=0x00007f4b7d08ed08 method=com.android.dx.rop.type.Type.equals(Ljava/lang/Object;)Z @ 8
Event: 2,454 Thread 0x00007f4b801a4000 Uncommon trap: reason=class_check action=maybe_recompile pc=0x00007f4b7d08ed08 method=com.android.dx.rop.type.Type.equals(Ljava/lang/Object;)Z @ 8
Event: 2,546 Thread 0x00007f4b80008800 Uncommon trap: reason=null_check action=make_not_entrant pc=0x00007f4b7d0ac700 method=com.android.dx.rop.type.Type.putIntern(Lcom/android/dx/rop/type/Type;)Lcom/android/dx/rop/type/Type; @ 18
Event: 2,795 Thread 0x00007f4b801a5800 Uncommon trap: reason=unreached action=reinterpret pc=0x00007f4b7d082f44 method=com.android.dx.rop.cst.Constant.compareTo(Lcom/android/dx/rop/cst/Constant;)I @ 12

Internal exceptions (10 events):
Event: 1,718 Thread 0x00007f4b80008800 Threw 0x00000000ebec81c0 at /build/openjdk-7-tNV5mE/openjdk-7-7u75-2.5.4/build/openjdk/hotspot/src/share/vm/prims/jvm.cpp:1284
Event: 1,729 Thread 0x00007f4b801a5800 Threw 0x00000000ec0b5520 at /build/openjdk-7-tNV5mE/openjdk-7-7u75-2.5.4/build/openjdk/hotspot/src/share/vm/prims/jvm.cpp:1284
Event: 1,729 Thread 0x00007f4b801a5800 Threw 0x00000000ec0bb3d0 at /build/openjdk-7-tNV5mE/openjdk-7-7u75-2.5.4/build/openjdk/hotspot/src/share/vm/prims/jvm.cpp:1284
Event: 1,730 Thread 0x00007f4b801a5800 Threw 0x00000000ec0c0ff8 at /build/openjdk-7-tNV5mE/openjdk-7-7u75-2.5.4/build/openjdk/hotspot/src/share/vm/prims/jvm.cpp:1284
Event: 1,744 Thread 0x00007f4b80195000 Threw 0x00000000ec257078 at /build/openjdk-7-tNV5mE/openjdk-7-7u75-2.5.4/build/openjdk/hotspot/src/share/vm/prims/jvm.cpp:1284
Event: 1,863 Thread 0x00007f4b801a4000 Threw 0x00000000ec340df8 at /build/openjdk-7-tNV5mE/openjdk-7-7u75-2.5.4/build/openjdk/hotspot/src/share/vm/prims/jvm.cpp:1284
Event: 1,989 Thread 0x00007f4b80195000 Threw 0x00000000eab52be8 at /build/openjdk-7-tNV5mE/openjdk-7-7u75-2.5.4/build/openjdk/hotspot/src/share/vm/prims/jvm.cpp:1284
Event: 2,049 Thread 0x00007f4b801a4000 Threw 0x00000000eaedb7d8 at /build/openjdk-7-tNV5mE/openjdk-7-7u75-2.5.4/build/openjdk/hotspot/src/share/vm/prims/jvm.cpp:1284
Event: 2,546 Thread 0x00007f4b80008800 Implicit null exception at 0x00007f4b7d0abfc7 to 0x00007f4b7d0ac6f1
Event: 2,824 Thread 0x00007f4b80008800 Threw 0x00000000ec5a2bf8 at /build/openjdk-7-tNV5mE/openjdk-7-7u75-2.5.4/build/openjdk/hotspot/src/share/vm/prims/jvm.cpp:1284

Events (10 events):
Event: 2,454 Thread 0x00007f4b801a4000 DEOPT UNPACKING pc=0x00007f4b7d039445 sp=0x00007f4b6e53eba8 mode 2
Event: 2,546 Thread 0x00007f4b80008800 Uncommon trap: trap_request=0xfffffff4 fr.pc=0x00007f4b7d0ac700
Event: 2,546 Thread 0x00007f4b80008800 DEOPT PACKING pc=0x00007f4b7d0ac700 sp=0x00007f4b878b8ea0
Event: 2,546 Thread 0x00007f4b80008800 DEOPT UNPACKING pc=0x00007f4b7d039445 sp=0x00007f4b878b8dc0 mode 2
Event: 2,795 Thread 0x00007f4b801a5800 Uncommon trap: trap_request=0xffffffad fr.pc=0x00007f4b7d082f44
Event: 2,795 Thread 0x00007f4b801a5800 DEOPT PACKING pc=0x00007f4b7d082f44 sp=0x00007f4b6e43de20
Event: 2,795 Thread 0x00007f4b801a5800 DEOPT UNPACKING pc=0x00007f4b7d039445 sp=0x00007f4b6e43dde0 mode 2
Event: 2,824 loading class 0x00007f4b8011ab10
Event: 2,824 loading class 0x00007f4b8011ab10 done
Event: 2,868 Executing VM operation: ParallelGCFailedAllocation


Dynamic libraries:
00400000-00401000 r-xp 00000000 08:03 34081                              /usr/lib/jvm/java-7-openjdk-amd64/jre/bin/java
00600000-00601000 r--p 00000000 08:03 34081                              /usr/lib/jvm/java-7-openjdk-amd64/jre/bin/java
00601000-00602000 rw-p 00001000 08:03 34081                              /usr/lib/jvm/java-7-openjdk-amd64/jre/bin/java
016d1000-016f2000 rw-p 00000000 00:00 0                                  [heap]
b5a00000-b6f00000 rw-p 00000000 00:00 0 
b6f00000-c0000000 rw-p 00000000 00:00 0 
c0000000-c5180000 rw-p 00000000 00:00 0 
c5180000-eaa80000 rw-p 00000000 00:00 0 
eaa80000-ed380000 rw-p 00000000 00:00 0 
ef280000-100000000 rw-p 00000000 00:00 0 
7f4b10000000-7f4b10021000 rw-p 00000000 00:00 0 
7f4b10021000-7f4b14000000 ---p 00000000 00:00 0 
7f4b18000000-7f4b18038000 rw-p 00000000 00:00 0 
7f4b18038000-7f4b1c000000 ---p 00000000 00:00 0 
7f4b1c000000-7f4b1c02d000 rw-p 00000000 00:00 0 
7f4b1c02d000-7f4b20000000 ---p 00000000 00:00 0 
7f4b20000000-7f4b2002f000 rw-p 00000000 00:00 0 
7f4b2002f000-7f4b24000000 ---p 00000000 00:00 0 
7f4b24000000-7f4b24021000 rw-p 00000000 00:00 0 
7f4b24021000-7f4b28000000 ---p 00000000 00:00 0 
7f4b28000000-7f4b28021000 rw-p 00000000 00:00 0 
7f4b28021000-7f4b2c000000 ---p 00000000 00:00 0 
7f4b2c000000-7f4b2c021000 rw-p 00000000 00:00 0 
7f4b2c021000-7f4b30000000 ---p 00000000 00:00 0 
7f4b30000000-7f4b30021000 rw-p 00000000 00:00 0 
7f4b30021000-7f4b34000000 ---p 00000000 00:00 0 
7f4b34000000-7f4b345e6000 rw-p 00000000 00:00 0 
7f4b345e6000-7f4b38000000 ---p 00000000 00:00 0 
7f4b38000000-7f4b38021000 rw-p 00000000 00:00 0 
7f4b38021000-7f4b3c000000 ---p 00000000 00:00 0 
7f4b3c000000-7f4b3c76b000 rw-p 00000000 00:00 0 
7f4b3c76b000-7f4b40000000 ---p 00000000 00:00 0 
7f4b40000000-7f4b40021000 rw-p 00000000 00:00 0 
7f4b40021000-7f4b44000000 ---p 00000000 00:00 0 
7f4b44000000-7f4b44021000 rw-p 00000000 00:00 0 
7f4b44021000-7f4b48000000 ---p 00000000 00:00 0 
7f4b48000000-7f4b48021000 rw-p 00000000 00:00 0 
7f4b48021000-7f4b4c000000 ---p 00000000 00:00 0 
7f4b50000000-7f4b50021000 rw-p 00000000 00:00 0 
7f4b50021000-7f4b54000000 ---p 00000000 00:00 0 
7f4b58000000-7f4b58021000 rw-p 00000000 00:00 0 
7f4b58021000-7f4b5c000000 ---p 00000000 00:00 0 
7f4b5c000000-7f4b5c021000 rw-p 00000000 00:00 0 
7f4b5c021000-7f4b60000000 ---p 00000000 00:00 0 
7f4b60000000-7f4b60021000 rw-p 00000000 00:00 0 
7f4b60021000-7f4b64000000 ---p 00000000 00:00 0 
7f4b68000000-7f4b68021000 rw-p 00000000 00:00 0 
7f4b68021000-7f4b6c000000 ---p 00000000 00:00 0 
7f4b6dfeb000-7f4b6e23e000 rw-p 00000000 00:00 0 
7f4b6e23e000-7f4b6e241000 ---p 00000000 00:00 0 
7f4b6e241000-7f4b6e33f000 rw-p 00000000 00:00 0                          [stack:29556]
7f4b6e33f000-7f4b6e342000 ---p 00000000 00:00 0 
7f4b6e342000-7f4b6e440000 rw-p 00000000 00:00 0                          [stack:29555]
7f4b6e440000-7f4b6e443000 ---p 00000000 00:00 0 
7f4b6e443000-7f4b6e541000 rw-p 00000000 00:00 0                          [stack:29554]
7f4b6e541000-7f4b6e544000 ---p 00000000 00:00 0 
7f4b6e544000-7f4b6e642000 rw-p 00000000 00:00 0                          [stack:29553]
7f4b6e642000-7f4b6e645000 ---p 00000000 00:00 0 
7f4b6e645000-7f4b6e743000 rw-p 00000000 00:00 0                          [stack:29552]
7f4b6e743000-7f4b6e7af000 r-xp 00000000 08:03 3757                       /lib/x86_64-linux-gnu/libpcre.so.3.13.1
7f4b6e7af000-7f4b6e9af000 ---p 0006c000 08:03 3757                       /lib/x86_64-linux-gnu/libpcre.so.3.13.1
7f4b6e9af000-7f4b6e9b0000 r--p 0006c000 08:03 3757                       /lib/x86_64-linux-gnu/libpcre.so.3.13.1
7f4b6e9b0000-7f4b6e9b1000 rw-p 0006d000 08:03 3757                       /lib/x86_64-linux-gnu/libpcre.so.3.13.1
7f4b6e9b1000-7f4b6e9b8000 r-xp 00000000 08:03 12387                      /usr/lib/x86_64-linux-gnu/libffi.so.6.0.2
7f4b6e9b8000-7f4b6ebb7000 ---p 00007000 08:03 12387                      /usr/lib/x86_64-linux-gnu/libffi.so.6.0.2
7f4b6ebb7000-7f4b6ebb8000 r--p 00006000 08:03 12387                      /usr/lib/x86_64-linux-gnu/libffi.so.6.0.2
7f4b6ebb8000-7f4b6ebb9000 rw-p 00007000 08:03 12387                      /usr/lib/x86_64-linux-gnu/libffi.so.6.0.2
7f4b6ebb9000-7f4b6ebcd000 r-xp 00000000 08:03 26220                      /lib/x86_64-linux-gnu/libresolv-2.19.so
7f4b6ebcd000-7f4b6edcc000 ---p 00014000 08:03 26220                      /lib/x86_64-linux-gnu/libresolv-2.19.so
7f4b6edcc000-7f4b6edcd000 r--p 00013000 08:03 26220                      /lib/x86_64-linux-gnu/libresolv-2.19.so
7f4b6edcd000-7f4b6edce000 rw-p 00014000 08:03 26220                      /lib/x86_64-linux-gnu/libresolv-2.19.so
7f4b6edce000-7f4b6edd0000 rw-p 00000000 00:00 0 
7f4b6edd0000-7f4b6edf1000 r-xp 00000000 08:03 4512                       /lib/x86_64-linux-gnu/libselinux.so.1
7f4b6edf1000-7f4b6eff1000 ---p 00021000 08:03 4512                       /lib/x86_64-linux-gnu/libselinux.so.1
7f4b6eff1000-7f4b6eff2000 r--p 00021000 08:03 4512                       /lib/x86_64-linux-gnu/libselinux.so.1
7f4b6eff2000-7f4b6eff3000 rw-p 00022000 08:03 4512                       /lib/x86_64-linux-gnu/libselinux.so.1
7f4b6eff3000-7f4b6eff5000 rw-p 00000000 00:00 0 
7f4b6eff5000-7f4b6eff8000 r-xp 00000000 08:03 47946                      /usr/lib/x86_64-linux-gnu/libgmodule-2.0.so.0.4200.1
7f4b6eff8000-7f4b6f1f7000 ---p 00003000 08:03 47946                      /usr/lib/x86_64-linux-gnu/libgmodule-2.0.so.0.4200.1
7f4b6f1f7000-7f4b6f1f8000 r--p 00002000 08:03 47946                      /usr/lib/x86_64-linux-gnu/libgmodule-2.0.so.0.4200.1
7f4b6f1f8000-7f4b6f1f9000 rw-p 00003000 08:03 47946                      /usr/lib/x86_64-linux-gnu/libgmodule-2.0.so.0.4200.1
7f4b6f1f9000-7f4b6f305000 r-xp 00000000 08:03 23782                      /lib/x86_64-linux-gnu/libglib-2.0.so.0.4200.1
7f4b6f305000-7f4b6f505000 ---p 0010c000 08:03 23782                      /lib/x86_64-linux-gnu/libglib-2.0.so.0.4200.1
7f4b6f505000-7f4b6f506000 r--p 0010c000 08:03 23782                      /lib/x86_64-linux-gnu/libglib-2.0.so.0.4200.1
7f4b6f506000-7f4b6f507000 rw-p 0010d000 08:03 23782                      /lib/x86_64-linux-gnu/libglib-2.0.so.0.4200.1
7f4b6f507000-7f4b6f508000 rw-p 00000000 00:00 0 
7f4b6f508000-7f4b6f559000 r-xp 00000000 08:03 47944                      /usr/lib/x86_64-linux-gnu/libgobject-2.0.so.0.4200.1
7f4b6f559000-7f4b6f759000 ---p 00051000 08:03 47944                      /usr/lib/x86_64-linux-gnu/libgobject-2.0.so.0.4200.1
7f4b6f759000-7f4b6f75a000 r--p 00051000 08:03 47944                      /usr/lib/x86_64-linux-gnu/libgobject-2.0.so.0.4200.1
7f4b6f75a000-7f4b6f75b000 rw-p 00052000 08:03 47944                      /usr/lib/x86_64-linux-gnu/libgobject-2.0.so.0.4200.1
7f4b6f75b000-7f4b6f8cd000 r-xp 00000000 08:03 47950                      /usr/lib/x86_64-linux-gnu/libgio-2.0.so.0.4200.1
7f4b6f8cd000-7f4b6facd000 ---p 00172000 08:03 47950                      /usr/lib/x86_64-linux-gnu/libgio-2.0.so.0.4200.1
7f4b6facd000-7f4b6fad1000 r--p 00172000 08:03 47950                      /usr/lib/x86_64-linux-gnu/libgio-2.0.so.0.4200.1
7f4b6fad1000-7f4b6fad3000 rw-p 00176000 08:03 47950                      /usr/lib/x86_64-linux-gnu/libgio-2.0.so.0.4200.1
7f4b6fad3000-7f4b6fad5000 rw-p 00000000 00:00 0 
7f4b6fad5000-7f4b6faec000 r-xp 00000000 08:03 34190                      /usr/lib/jvm/java-7-openjdk-amd64/jre/lib/amd64/libnet.so
7f4b6faec000-7f4b6fceb000 ---p 00017000 08:03 34190                      /usr/lib/jvm/java-7-openjdk-amd64/jre/lib/amd64/libnet.so
7f4b6fceb000-7f4b6fcec000 r--p 00016000 08:03 34190                      /usr/lib/jvm/java-7-openjdk-amd64/jre/lib/amd64/libnet.so
7f4b6fcec000-7f4b6fced000 rw-p 00017000 08:03 34190                      /usr/lib/jvm/java-7-openjdk-amd64/jre/lib/amd64/libnet.so
7f4b6fced000-7f4b6fcfd000 r-xp 00000000 08:03 34191                      /usr/lib/jvm/java-7-openjdk-amd64/jre/lib/amd64/libnio.so
7f4b6fcfd000-7f4b6fefd000 ---p 00010000 08:03 34191                      /usr/lib/jvm/java-7-openjdk-amd64/jre/lib/amd64/libnio.so
7f4b6fefd000-7f4b6fefe000 r--p 00010000 08:03 34191                      /usr/lib/jvm/java-7-openjdk-amd64/jre/lib/amd64/libnio.so
7f4b6fefe000-7f4b6feff000 rw-p 00011000 08:03 34191                      /usr/lib/jvm/java-7-openjdk-amd64/jre/lib/amd64/libnio.so
7f4b6feff000-7f4b6ff00000 ---p 00000000 00:00 0 
7f4b6ff00000-7f4b70000000 rw-p 00000000 00:00 0                          [stack:29534]
7f4b70000000-7f4b70021000 rw-p 00000000 00:00 0 
7f4b70021000-7f4b74000000 ---p 00000000 00:00 0 
7f4b74042000-7f4b74067000 r--p 00000000 08:03 148678                     /usr/share/locale/es/LC_MESSAGES/libc.mo
7f4b74067000-7f4b74098000 rw-p 00000000 00:00 0 
7f4b740b6000-7f4b740cc000 r--s 000f1000 08:03 23857925                   /export/estudiantes/dfrancisco.hernandez/LabsCompuMovil/Lab2Activities/app/build/intermediates/exploded-aar/com.android.support/support-v4/23.4.0/jars/classes.jar
7f4b740cc000-7f4b740cf000 ---p 00000000 00:00 0 
7f4b740cf000-7f4b741cd000 rw-p 00000000 00:00 0                          [stack:29533]
7f4b741cd000-7f4b741d0000 ---p 00000000 00:00 0 
7f4b741d0000-7f4b742ce000 rw-p 00000000 00:00 0                          [stack:29532]
7f4b742ce000-7f4b742d1000 ---p 00000000 00:00 0 
7f4b742d1000-7f4b743cf000 rw-p 00000000 00:00 0                          [stack:29531]
7f4b743cf000-7f4b743d2000 ---p 00000000 00:00 0 
7f4b743d2000-7f4b744d0000 rw-p 00000000 00:00 0                          [stack:29530]
7f4b744d0000-7f4b74659000 r--p 00000000 08:03 16539                      /usr/lib/locale/locale-archive
7f4b74659000-7f4b7465c000 ---p 00000000 00:00 0 
7f4b7465c000-7f4b7475a000 rw-p 00000000 00:00 0                          [stack:29529]
7f4b7475a000-7f4b7475d000 ---p 00000000 00:00 0 
7f4b7475d000-7f4b7485b000 rw-p 00000000 00:00 0                          [stack:29528]
7f4b7485b000-7f4b7485c000 ---p 00000000 00:00 0 
7f4b7485c000-7f4b78000000 rw-p 00000000 00:00 0                          [stack:29527]
7f4b78000000-7f4b78021000 rw-p 00000000 00:00 0 
7f4b78021000-7f4b7c000000 ---p 00000000 00:00 0 
7f4b7c002000-7f4b7cafa000 rw-p 00000000 00:00 0 
7f4b7cafa000-7f4b7ccac000 r--s 01d23000 08:03 34224                      /usr/lib/jvm/java-7-openjdk-amd64/jre/lib/rt.jar
7f4b7ccac000-7f4b7ceff000 rw-p 00000000 00:00 0 
7f4b7ceff000-7f4b7cf00000 ---p 00000000 00:00 0 
7f4b7cf00000-7f4b7d000000 rw-p 00000000 00:00 0                          [stack:29526]
7f4b7d000000-7f4b7d270000 rwxp 00000000 00:00 0 
7f4b7d270000-7f4b801bf000 rw-p 00000000 00:00 0 
7f4b801bf000-7f4b84000000 ---p 00000000 00:00 0 
7f4b84002000-7f4b84009000 r--s 00000000 08:03 26200                      /usr/lib/x86_64-linux-gnu/gconv/gconv-modules.cache
7f4b84009000-7f4b840fb000 rw-p 00000000 00:00 0 
7f4b840fb000-7f4b840fc000 ---p 00000000 00:00 0 
7f4b840fc000-7f4b841fc000 rw-p 00000000 00:00 0                          [stack:29525]
7f4b841fc000-7f4b841fd000 ---p 00000000 00:00 0 
7f4b841fd000-7f4b842fd000 rw-p 00000000 00:00 0                          [stack:29524]
7f4b842fd000-7f4b842fe000 ---p 00000000 00:00 0 
7f4b842fe000-7f4b843fe000 rw-p 00000000 00:00 0                          [stack:29523]
7f4b843fe000-7f4b843ff000 ---p 00000000 00:00 0 
7f4b843ff000-7f4b844ff000 rw-p 00000000 00:00 0                          [stack:29522]
7f4b844ff000-7f4b84500000 ---p 00000000 00:00 0 
7f4b84500000-7f4b84600000 rw-p 00000000 00:00 0                          [stack:29521]
7f4b84600000-7f4b84601000 ---p 00000000 00:00 0 
7f4b84601000-7f4b84701000 rw-p 00000000 00:00 0                          [stack:29520]
7f4b84701000-7f4b84702000 ---p 00000000 00:00 0 
7f4b84702000-7f4b8482b000 rw-p 00000000 00:00 0                          [stack:29519]
7f4b8482b000-7f4b84958000 rw-p 00000000 00:00 0 
7f4b84958000-7f4b84963000 rw-p 00000000 00:00 0 
7f4b84963000-7f4b849ab000 rw-p 00000000 00:00 0 
7f4b849ab000-7f4b849d4000 rw-p 00000000 00:00 0 
7f4b849d4000-7f4b84b00000 rw-p 00000000 00:00 0 
7f4b84b00000-7f4b84b15000 rw-p 00000000 00:00 0 
7f4b84b15000-7f4b84bab000 rw-p 00000000 00:00 0 
7f4b84bab000-7f4b84bb6000 rw-p 00000000 00:00 0 
7f4b84bb6000-7f4b84c6c000 rw-p 00000000 00:00 0 
7f4b84c6c000-7f4b84c74000 r-xp 00000000 08:03 34198                      /usr/lib/jvm/java-7-openjdk-amd64/jre/lib/amd64/libzip.so
7f4b84c74000-7f4b84e73000 ---p 00008000 08:03 34198                      /usr/lib/jvm/java-7-openjdk-amd64/jre/lib/amd64/libzip.so
7f4b84e73000-7f4b84e74000 r--p 00007000 08:03 34198                      /usr/lib/jvm/java-7-openjdk-amd64/jre/lib/amd64/libzip.so
7f4b84e74000-7f4b84e75000 rw-p 00008000 08:03 34198                      /usr/lib/jvm/java-7-openjdk-amd64/jre/lib/amd64/libzip.so
7f4b84e75000-7f4b84ea0000 r-xp 00000000 08:03 34174                      /usr/lib/jvm/java-7-openjdk-amd64/jre/lib/amd64/libjava.so
7f4b84ea0000-7f4b8509f000 ---p 0002b000 08:03 34174                      /usr/lib/jvm/java-7-openjdk-amd64/jre/lib/amd64/libjava.so
7f4b8509f000-7f4b850a0000 r--p 0002a000 08:03 34174                      /usr/lib/jvm/java-7-openjdk-amd64/jre/lib/amd64/libjava.so
7f4b850a0000-7f4b850a2000 rw-p 0002b000 08:03 34174                      /usr/lib/jvm/java-7-openjdk-amd64/jre/lib/amd64/libjava.so
7f4b850a2000-7f4b850b1000 r-xp 00000000 08:03 34197                      /usr/lib/jvm/java-7-openjdk-amd64/jre/lib/amd64/libverify.so
7f4b850b1000-7f4b852b0000 ---p 0000f000 08:03 34197                      /usr/lib/jvm/java-7-openjdk-amd64/jre/lib/amd64/libverify.so
7f4b852b0000-7f4b852b2000 r--p 0000e000 08:03 34197                      /usr/lib/jvm/java-7-openjdk-amd64/jre/lib/amd64/libverify.so
7f4b852b2000-7f4b852b3000 rw-p 00010000 08:03 34197                      /usr/lib/jvm/java-7-openjdk-amd64/jre/lib/amd64/libverify.so
7f4b852b3000-7f4b852ba000 r-xp 00000000 08:03 26221                      /lib/x86_64-linux-gnu/librt-2.19.so
7f4b852ba000-7f4b854b9000 ---p 00007000 08:03 26221                      /lib/x86_64-linux-gnu/librt-2.19.so
7f4b854b9000-7f4b854ba000 r--p 00006000 08:03 26221                      /lib/x86_64-linux-gnu/librt-2.19.so
7f4b854ba000-7f4b854bb000 rw-p 00007000 08:03 26221                      /lib/x86_64-linux-gnu/librt-2.19.so
7f4b854bb000-7f4b854d1000 r-xp 00000000 08:03 3409                       /lib/x86_64-linux-gnu/libgcc_s.so.1
7f4b854d1000-7f4b856d0000 ---p 00016000 08:03 3409                       /lib/x86_64-linux-gnu/libgcc_s.so.1
7f4b856d0000-7f4b856d1000 rw-p 00015000 08:03 3409                       /lib/x86_64-linux-gnu/libgcc_s.so.1
7f4b856d1000-7f4b857d1000 r-xp 00000000 08:03 26210                      /lib/x86_64-linux-gnu/libm-2.19.so
7f4b857d1000-7f4b859d0000 ---p 00100000 08:03 26210                      /lib/x86_64-linux-gnu/libm-2.19.so
7f4b859d0000-7f4b859d1000 r--p 000ff000 08:03 26210                      /lib/x86_64-linux-gnu/libm-2.19.so
7f4b859d1000-7f4b859d2000 rw-p 00100000 08:03 26210                      /lib/x86_64-linux-gnu/libm-2.19.so
7f4b859d2000-7f4b85abe000 r-xp 00000000 08:03 13098                      /usr/lib/x86_64-linux-gnu/libstdc++.so.6.0.20
7f4b85abe000-7f4b85cbe000 ---p 000ec000 08:03 13098                      /usr/lib/x86_64-linux-gnu/libstdc++.so.6.0.20
7f4b85cbe000-7f4b85cc6000 r--p 000ec000 08:03 13098                      /usr/lib/x86_64-linux-gnu/libstdc++.so.6.0.20
7f4b85cc6000-7f4b85cc8000 rw-p 000f4000 08:03 13098                      /usr/lib/x86_64-linux-gnu/libstdc++.so.6.0.20
7f4b85cc8000-7f4b85cdd000 rw-p 00000000 00:00 0 
7f4b85cdd000-7f4b867db000 r-xp 00000000 08:03 34199                      /usr/lib/jvm/java-7-openjdk-amd64/jre/lib/amd64/server/libjvm.so
7f4b867db000-7f4b869da000 ---p 00afe000 08:03 34199                      /usr/lib/jvm/java-7-openjdk-amd64/jre/lib/amd64/server/libjvm.so
7f4b869da000-7f4b86a7b000 r--p 00afd000 08:03 34199                      /usr/lib/jvm/java-7-openjdk-amd64/jre/lib/amd64/server/libjvm.so
7f4b86a7b000-7f4b86a9e000 rw-p 00b9e000 08:03 34199                      /usr/lib/jvm/java-7-openjdk-amd64/jre/lib/amd64/server/libjvm.so
7f4b86a9e000-7f4b86acb000 rw-p 00000000 00:00 0 
7f4b86acb000-7f4b86ae5000 r-xp 00000000 08:03 21771                      /lib/x86_64-linux-gnu/libz.so.1.2.8
7f4b86ae5000-7f4b86ce4000 ---p 0001a000 08:03 21771                      /lib/x86_64-linux-gnu/libz.so.1.2.8
7f4b86ce4000-7f4b86ce5000 r--p 00019000 08:03 21771                      /lib/x86_64-linux-gnu/libz.so.1.2.8
7f4b86ce5000-7f4b86ce6000 rw-p 0001a000 08:03 21771                      /lib/x86_64-linux-gnu/libz.so.1.2.8
7f4b86ce6000-7f4b86e88000 r-xp 00000000 08:03 26206                      /lib/x86_64-linux-gnu/libc-2.19.so
7f4b86e88000-7f4b87087000 ---p 001a2000 08:03 26206                      /lib/x86_64-linux-gnu/libc-2.19.so
7f4b87087000-7f4b8708b000 r--p 001a1000 08:03 26206                      /lib/x86_64-linux-gnu/libc-2.19.so
7f4b8708b000-7f4b8708d000 rw-p 001a5000 08:03 26206                      /lib/x86_64-linux-gnu/libc-2.19.so
7f4b8708d000-7f4b87091000 rw-p 00000000 00:00 0 
7f4b87091000-7f4b87094000 r-xp 00000000 08:03 26209                      /lib/x86_64-linux-gnu/libdl-2.19.so
7f4b87094000-7f4b87293000 ---p 00003000 08:03 26209                      /lib/x86_64-linux-gnu/libdl-2.19.so
7f4b87293000-7f4b87294000 r--p 00002000 08:03 26209                      /lib/x86_64-linux-gnu/libdl-2.19.so
7f4b87294000-7f4b87295000 rw-p 00003000 08:03 26209                      /lib/x86_64-linux-gnu/libdl-2.19.so
7f4b87295000-7f4b872a2000 r-xp 00000000 08:03 34204                      /usr/lib/jvm/java-7-openjdk-amd64/jre/lib/amd64/jli/libjli.so
7f4b872a2000-7f4b874a1000 ---p 0000d000 08:03 34204                      /usr/lib/jvm/java-7-openjdk-amd64/jre/lib/amd64/jli/libjli.so
7f4b874a1000-7f4b874a2000 r--p 0000c000 08:03 34204                      /usr/lib/jvm/java-7-openjdk-amd64/jre/lib/amd64/jli/libjli.so
7f4b874a2000-7f4b874a3000 rw-p 0000d000 08:03 34204                      /usr/lib/jvm/java-7-openjdk-amd64/jre/lib/amd64/jli/libjli.so
7f4b874a3000-7f4b874bb000 r-xp 00000000 08:03 26202                      /lib/x86_64-linux-gnu/libpthread-2.19.so
7f4b874bb000-7f4b876ba000 ---p 00018000 08:03 26202                      /lib/x86_64-linux-gnu/libpthread-2.19.so
7f4b876ba000-7f4b876bb000 r--p 00017000 08:03 26202                      /lib/x86_64-linux-gnu/libpthread-2.19.so
7f4b876bb000-7f4b876bc000 rw-p 00018000 08:03 26202                      /lib/x86_64-linux-gnu/libpthread-2.19.so
7f4b876bc000-7f4b876c0000 rw-p 00000000 00:00 0 
7f4b876c0000-7f4b876e0000 r-xp 00000000 08:03 26203                      /lib/x86_64-linux-gnu/ld-2.19.so
7f4b876e3000-7f4b876f2000 r--s 000df000 08:03 1054622                    /apps/Sdk/build-tools/23.0.2/lib/dx.jar
7f4b876f2000-7f4b8773d000 rw-p 00000000 00:00 0 
7f4b8773d000-7f4b87785000 rw-p 00000000 00:00 0 
7f4b87785000-7f4b877ba000 r--s 00000000 08:03 21581                      /var/cache/nscd/passwd
7f4b877ba000-7f4b877bd000 ---p 00000000 00:00 0 
7f4b877bd000-7f4b878c1000 rw-p 00000000 00:00 0                          [stack:29518]
7f4b878c1000-7f4b878c3000 r--s 00012000 08:03 34210                      /usr/lib/jvm/java-7-openjdk-amd64/jre/lib/ext/zipfs.jar
7f4b878c3000-7f4b878c4000 r--s 00002000 08:03 34216                      /usr/lib/jvm/java-7-openjdk-amd64/jre/lib/ext/dnsns.jar
7f4b878c4000-7f4b878c6000 r--s 00006000 08:03 29962                      /usr/share/java/java-atk-wrapper.jar
7f4b878c6000-7f4b878c9000 r--s 00086000 08:03 34214                      /usr/lib/jvm/java-7-openjdk-amd64/jre/lib/ext/localedata.jar
7f4b878c9000-7f4b878cc000 r--s 0000f000 08:03 34220                      /usr/lib/jvm/java-7-openjdk-amd64/jre/lib/ext/icedtea-sound.jar
7f4b878cc000-7f4b878d0000 r--s 0003c000 08:03 34218                      /usr/lib/jvm/java-7-openjdk-amd64/jre/lib/ext/sunpkcs11.jar
7f4b878d0000-7f4b878d4000 r--s 00034000 08:03 34212                      /usr/lib/jvm/java-7-openjdk-amd64/jre/lib/ext/sunjce_provider.jar
7f4b878d4000-7f4b878dc000 rw-s 00000000 08:03 16518786                   /tmp/hsperfdata_dfrancisco.hernandez/29514
7f4b878dc000-7f4b878dd000 rw-p 00000000 00:00 0 
7f4b878dd000-7f4b878de000 ---p 00000000 00:00 0 
7f4b878de000-7f4b878e0000 rw-p 00000000 00:00 0 
7f4b878e0000-7f4b878e1000 r--p 00020000 08:03 26203                      /lib/x86_64-linux-gnu/ld-2.19.so
7f4b878e1000-7f4b878e2000 rw-p 00021000 08:03 26203                      /lib/x86_64-linux-gnu/ld-2.19.so
7f4b878e2000-7f4b878e3000 rw-p 00000000 00:00 0 
7fff306bc000-7fff306dd000 rw-p 00000000 00:00 0                          [stack]
7fff307fe000-7fff30800000 r-xp 00000000 00:00 0                          [vdso]
ffffffffff600000-ffffffffff601000 r-xp 00000000 00:00 0                  [vsyscall]

VM Arguments:
jvm_args: -Djava.awt.headless=true -Xmx1024M -Dfile.encoding=UTF-8 -Duser.country=CO -Duser.language=es -Duser.variant 
java_command: com.android.dx.command.Main --dex --force-jumbo --num-threads=4 --output /export/estudiantes/dfrancisco.hernandez/LabsCompuMovil/Lab2Activities/app/build/intermediates/pre-dexed/debug/com.android.support-support-v4-23.4.0_030713a7068328019b9f094ccb8d6e0615873f84.jar /export/estudiantes/dfrancisco.hernandez/LabsCompuMovil/Lab2Activities/app/build/intermediates/exploded-aar/com.android.support/support-v4/23.4.0/jars/classes.jar
Launcher Type: SUN_STANDARD

Environment Variables:
PATH=~/.npm-global/bin:/usr/local/heroku/bin:/usr/local/sbin:/usr/local/bin:/usr/sbin:/usr/bin:/sbin:/bin:/usr/bin/X11
USERNAME=dfrancisco.hernandez
LD_LIBRARY_PATH=/apps/android-studio/bin:
SHELL=/bin/bash
DISPLAY=:20.0

Signal Handlers:
SIGSEGV: [libjvm.so+0x92ab50], sa_mask[0]=0x7ffbfeff, sa_flags=0x10000004
SIGBUS: [libjvm.so+0x92ab50], sa_mask[0]=0x7ffbfeff, sa_flags=0x10000004
SIGFPE: [libjvm.so+0x7aea00], sa_mask[0]=0x7ffbfeff, sa_flags=0x10000004
SIGPIPE: [libjvm.so+0x7aea00], sa_mask[0]=0x7ffbfeff, sa_flags=0x10000004
SIGXFSZ: [libjvm.so+0x7aea00], sa_mask[0]=0x7ffbfeff, sa_flags=0x10000004
SIGILL: [libjvm.so+0x7aea00], sa_mask[0]=0x7ffbfeff, sa_flags=0x10000004
SIGUSR1: SIG_DFL, sa_mask[0]=0x00000000, sa_flags=0x00000000
SIGUSR2: [libjvm.so+0x7aed40], sa_mask[0]=0x00000004, sa_flags=0x10000004
SIGHUP: [libjvm.so+0x7aeeb0], sa_mask[0]=0x7ffbfeff, sa_flags=0x10000004
SIGINT: [libjvm.so+0x7aeeb0], sa_mask[0]=0x7ffbfeff, sa_flags=0x10000004
SIGTERM: [libjvm.so+0x7aeeb0], sa_mask[0]=0x7ffbfeff, sa_flags=0x10000004
SIGQUIT: [libjvm.so+0x7aeeb0], sa_mask[0]=0x7ffbfeff, sa_flags=0x10000004
SIGTRAP: SIG_DFL, sa_mask[0]=0x00000000, sa_flags=0x00000000


---------------  S Y S T E M  ---------------

OS:LinuxMint 1 (debian)
uname:Linux 3.11-2-amd64 #1 SMP Debian 3.11.8-1 (2013-11-13) x86_64
libc:glibc 2.19 NPTL 2.19 
rlimit: STACK 8192k, CORE 0k, NPROC 62422, NOFILE 4096, AS infinity
load average:11,49 6,91 7,85

/proc/meminfo:
MemTotal:        8016148 kB
MemFree:          156044 kB
Buffers:            4888 kB
Cached:           714140 kB
SwapCached:            0 kB
Active:          4222232 kB
Inactive:         702948 kB
Active(anon):    4213276 kB
Inactive(anon):   580216 kB
Active(file):       8956 kB
Inactive(file):   122732 kB
Unevictable:        5620 kB
Mlocked:            3540 kB
SwapTotal:             0 kB
SwapFree:              0 kB
Dirty:               252 kB
Writeback:           120 kB
AnonPages:       4212052 kB
Mapped:          2959488 kB
Shmem:            582752 kB
Slab:             108076 kB
SReclaimable:      29268 kB
SUnreclaim:        78808 kB
KernelStack:        8712 kB
PageTables:        68288 kB
NFS_Unstable:          0 kB
Bounce:                0 kB
WritebackTmp:          0 kB
CommitLimit:     4008072 kB
Committed_AS:   14554700 kB
VmallocTotal:   34359738367 kB
VmallocUsed:      378828 kB
VmallocChunk:   34359353132 kB
HardwareCorrupted:     0 kB
AnonHugePages:         0 kB
HugePages_Total:       0
HugePages_Free:        0
HugePages_Rsvd:        0
HugePages_Surp:        0
Hugepagesize:       2048 kB
DirectMap4k:       67740 kB
DirectMap2M:     8138752 kB


CPU:total 8 (4 cores per cpu, 2 threads per core) family 6 model 58 stepping 9, cmov, cx8, fxsr, mmx, sse, sse2, sse3, ssse3, sse4.1, sse4.2, popcnt, avx, aes, erms, ht, tsc, tscinvbit, tscinv

/proc/cpuinfo:
processor	: 0
vendor_id	: GenuineIntel
cpu family	: 6
model		: 58
model name	: Intel(R) Core(TM) i7-3770 CPU @ 3.40GHz
stepping	: 9
microcode	: 0x17
cpu MHz		: 3672.000
cache size	: 8192 KB
physical id	: 0
siblings	: 8
core id		: 0
cpu cores	: 4
apicid		: 0
initial apicid	: 0
fpu		: yes
fpu_exception	: yes
cpuid level	: 13
wp		: yes
flags		: fpu vme de pse tsc msr pae mce cx8 apic sep mtrr pge mca cmov pat pse36 clflush dts acpi mmx fxsr sse sse2 ss ht tm pbe syscall nx rdtscp lm constant_tsc arch_perfmon pebs bts rep_good nopl xtopology nonstop_tsc aperfmperf eagerfpu pni pclmulqdq dtes64 monitor ds_cpl vmx smx est tm2 ssse3 cx16 xtpr pdcm pcid sse4_1 sse4_2 x2apic popcnt tsc_deadline_timer aes xsave avx f16c rdrand lahf_lm ida arat epb xsaveopt pln pts dtherm tpr_shadow vnmi flexpriority ept vpid fsgsbase smep erms
bogomips	: 6784.59
clflush size	: 64
cache_alignment	: 64
address sizes	: 36 bits physical, 48 bits virtual
power management:

processor	: 1
vendor_id	: GenuineIntel
cpu family	: 6
model		: 58
model name	: Intel(R) Core(TM) i7-3770 CPU @ 3.40GHz
stepping	: 9
microcode	: 0x17
cpu MHz		: 3740.000
cache size	: 8192 KB
physical id	: 0
siblings	: 8
core id		: 1
cpu cores	: 4
apicid		: 2
initial apicid	: 2
fpu		: yes
fpu_exception	: yes
cpuid level	: 13
wp		: yes
flags		: fpu vme de pse tsc msr pae mce cx8 apic sep mtrr pge mca cmov pat pse36 clflush dts acpi mmx fxsr sse sse2 ss ht tm pbe syscall nx rdtscp lm constant_tsc arch_perfmon pebs bts rep_good nopl xtopology nonstop_tsc aperfmperf eagerfpu pni pclmulqdq dtes64 monitor ds_cpl vmx smx est tm2 ssse3 cx16 xtpr pdcm pcid sse4_1 sse4_2 x2apic popcnt tsc_deadline_timer aes xsave avx f16c rdrand lahf_lm ida arat epb xsaveopt pln pts dtherm tpr_shadow vnmi flexpriority ept vpid fsgsbase smep erms
bogomips	: 6784.59
clflush size	: 64
cache_alignment	: 64
address sizes	: 36 bits physical, 48 bits virtual
power management:

processor	: 2
vendor_id	: GenuineIntel
cpu family	: 6
model		: 58
model name	: Intel(R) Core(TM) i7-3770 CPU @ 3.40GHz
stepping	: 9
microcode	: 0x17
cpu MHz		: 3672.000
cache size	: 8192 KB
physical id	: 0
siblings	: 8
core id		: 2
cpu cores	: 4
apicid		: 4
initial apicid	: 4
fpu		: yes
fpu_exception	: yes
cpuid level	: 13
wp		: yes
flags		: fpu vme de pse tsc msr pae mce cx8 apic sep mtrr pge mca cmov pat pse36 clflush dts acpi mmx fxsr sse sse2 ss ht tm pbe syscall nx rdtscp lm constant_tsc arch_perfmon pebs bts rep_good nopl xtopology nonstop_tsc aperfmperf eagerfpu pni pclmulqdq dtes64 monitor ds_cpl vmx smx est tm2 ssse3 cx16 xtpr pdcm pcid sse4_1 sse4_2 x2apic popcnt tsc_deadline_timer aes xsave avx f16c rdrand lahf_lm ida arat epb xsaveopt pln pts dtherm tpr_shadow vnmi flexpriority ept vpid fsgsbase smep erms
bogomips	: 6784.59
clflush size	: 64
cache_alignment	: 64
address sizes	: 36 bits physical, 48 bits virtual
power management:

processor	: 3
vendor_id	: GenuineIntel
cpu family	: 6
model		: 58
model name	: Intel(R) Core(TM) i7-3770 CPU @ 3.40GHz
stepping	: 9
microcode	: 0x17
cpu MHz		: 3672.000
cache size	: 8192 KB
physical id	: 0
siblings	: 8
core id		: 3
cpu cores	: 4
apicid		: 6
initial apicid	: 6
fpu		: yes
fpu_exception	: yes
cpuid level	: 13
wp		: yes
flags		: fpu vme de pse tsc msr pae mce cx8 apic sep mtrr pge mca cmov pat pse36 clflush dts acpi mmx fxsr sse sse2 ss ht tm pbe syscall nx rdtscp lm constant_tsc arch_perfmon pebs bts rep_good nopl xtopology nonstop_tsc aperfmperf eagerfpu pni pclmulqdq dtes64 monitor ds_cpl vmx smx est tm2 ssse3 cx16 xtpr pdcm pcid sse4_1 sse4_2 x2apic popcnt tsc_deadline_timer aes xsave avx f16c rdrand lahf_lm ida arat epb xsaveopt pln pts dtherm tpr_shadow vnmi flexpriority ept vpid fsgsbase smep erms
bogomips	: 6784.59
clflush size	: 64
cache_alignment	: 64
address sizes	: 36 bits physical, 48 bits virtual
power management:

processor	: 4
vendor_id	: GenuineIntel
cpu family	: 6
model		: 58
model name	: Intel(R) Core(TM) i7-3770 CPU @ 3.40GHz
stepping	: 9
microcode	: 0x17
cpu MHz		: 3468.000
cache size	: 8192 KB
physical id	: 0
siblings	: 8
core id		: 0
cpu cores	: 4
apicid		: 1
initial apicid	: 1
fpu		: yes
fpu_exception	: yes
cpuid level	: 13
wp		: yes
flags		: fpu vme de pse tsc msr pae mce cx8 apic sep mtrr pge mca cmov pat pse36 clflush dts acpi mmx fxsr sse sse2 ss ht tm pbe syscall nx rdtscp lm constant_tsc arch_perfmon pebs bts rep_good nopl xtopology nonstop_tsc aperfmperf eagerfpu pni pclmulqdq dtes64 monitor ds_cpl vmx smx est tm2 ssse3 cx16 xtpr pdcm pcid sse4_1 sse4_2 x2apic popcnt tsc_deadline_timer aes xsave avx f16c rdrand lahf_lm ida arat epb xsaveopt pln pts dtherm tpr_shadow vnmi flexpriority ept vpid fsgsbase smep erms
bogomips	: 6784.59
clflush size	: 64
cache_alignment	: 64
address sizes	: 36 bits physical, 48 bits virtual
power management:

processor	: 5
vendor_id	: GenuineIntel
cpu family	: 6
model		: 58
model name	: Intel(R) Core(TM) i7-3770 CPU @ 3.40GHz
stepping	: 9
microcode	: 0x17
cpu MHz		: 3740.000
cache size	: 8192 KB
physical id	: 0
siblings	: 8
core id		: 1
cpu cores	: 4
apicid		: 3
initial apicid	: 3
fpu		: yes
fpu_exception	: yes
cpuid level	: 13
wp		: yes
flags		: fpu vme de pse tsc msr pae mce cx8 apic sep mtrr pge mca cmov pat pse36 clflush dts acpi mmx fxsr sse sse2 ss ht tm pbe syscall nx rdtscp lm constant_tsc arch_perfmon pebs bts rep_good nopl xtopology nonstop_tsc aperfmperf eagerfpu pni pclmulqdq dtes64 monitor ds_cpl vmx smx est tm2 ssse3 cx16 xtpr pdcm pcid sse4_1 sse4_2 x2apic popcnt tsc_deadline_timer aes xsave avx f16c rdrand lahf_lm ida arat epb xsaveopt pln pts dtherm tpr_shadow vnmi flexpriority ept vpid fsgsbase smep erms
bogomips	: 6784.59
clflush size	: 64
cache_alignment	: 64
address sizes	: 36 bits physical, 48 bits virtual
power management:

processor	: 6
vendor_id	: GenuineIntel
cpu family	: 6
model		: 58
model name	: Intel(R) Core(TM) i7-3770 CPU @ 3.40GHz
stepping	: 9
microcode	: 0x17
cpu MHz		: 3672.000
cache size	: 8192 KB
physical id	: 0
siblings	: 8
core id		: 2
cpu cores	: 4
apicid		: 5
initial apicid	: 5
fpu		: yes
fpu_exception	: yes
cpuid level	: 13
wp		: yes
flags		: fpu vme de pse tsc msr pae mce cx8 apic sep mtrr pge mca cmov pat pse36 clflush dts acpi mmx fxsr sse sse2 ss ht tm pbe syscall nx rdtscp lm constant_tsc arch_perfmon pebs bts rep_good nopl xtopology nonstop_tsc aperfmperf eagerfpu pni pclmulqdq dtes64 monitor ds_cpl vmx smx est tm2 ssse3 cx16 xtpr pdcm pcid sse4_1 sse4_2 x2apic popcnt tsc_deadline_timer aes xsave avx f16c rdrand lahf_lm ida arat epb xsaveopt pln pts dtherm tpr_shadow vnmi flexpriority ept vpid fsgsbase smep erms
bogomips	: 6784.59
clflush size	: 64
cache_alignment	: 64
address sizes	: 36 bits physical, 48 bits virtual
power management:

processor	: 7
vendor_id	: GenuineIntel
cpu family	: 6
model		: 58
model name	: Intel(R) Core(TM) i7-3770 CPU @ 3.40GHz
stepping	: 9
microcode	: 0x17
cpu MHz		: 3672.000
cache size	: 8192 KB
physical id	: 0
siblings	: 8
core id		: 3
cpu cores	: 4
apicid		: 7
initial apicid	: 7
fpu		: yes
fpu_exception	: yes
cpuid level	: 13
wp		: yes
flags		: fpu vme de pse tsc msr pae mce cx8 apic sep mtrr pge mca cmov pat pse36 clflush dts acpi mmx fxsr sse sse2 ss ht tm pbe syscall nx rdtscp lm constant_tsc arch_perfmon pebs bts rep_good nopl xtopology nonstop_tsc aperfmperf eagerfpu pni pclmulqdq dtes64 monitor ds_cpl vmx smx est tm2 ssse3 cx16 xtpr pdcm pcid sse4_1 sse4_2 x2apic popcnt tsc_deadline_timer aes xsave avx f16c rdrand lahf_lm ida arat epb xsaveopt pln pts dtherm tpr_shadow vnmi flexpriority ept vpid fsgsbase smep erms
bogomips	: 6784.59
clflush size	: 64
cache_alignment	: 64
address sizes	: 36 bits physical, 48 bits virtual
power management:



Memory: 4k page, physical 8016148k(155796k free), swap 0k(0k free)

vm_info: OpenJDK 64-Bit Server VM (24.75-b04) for linux-amd64 JRE (1.7.0_75-b13), built on Jan 29 2015 14:43:34 by "buildd" with gcc 4.7.2

time: Mon Sep  5 12:33:34 2016
elapsed time: 14 seconds

