#
# There is insufficient memory for the Java Runtime Environment to continue.
# Native memory allocation (malloc) failed to allocate 176160768 bytes for committing reserved memory.
# Possible reasons:
#   The system is out of physical RAM or swap space
#   In 32 bit mode, the process size limit was hit
# Possible solutions:
#   Reduce memory load on the system
#   Increase physical memory or swap space
#   Check if swap backing store is full
#   Use 64 bit Java on a 64 bit OS
#   Decrease Java heap size (-Xmx/-Xms)
#   Decrease number of Java threads
#   Decrease Java thread stack sizes (-Xss)
#   Set larger code cache with -XX:ReservedCodeCacheSize=
# This output file may be truncated or incomplete.
#
#  Out of Memory Error (os_linux.cpp:2798), pid=27708, tid=139945082369792
#
# JRE version: OpenJDK Runtime Environment (7.0_75-b13) (build 1.7.0_75-b13)
# Java VM: OpenJDK 64-Bit Server VM (24.75-b04 mixed mode linux-amd64 compressed oops)
# Derivative: IcedTea 2.5.4
# Distribution: Debian GNU/Linux 7.6 (wheezy), package 7u75-2.5.4-1~deb7u1
# Failed to write core dump. Core dumps have been disabled. To enable core dumping, try "ulimit -c unlimited" before starting Java again
#

---------------  T H R E A D  ---------------

Current thread (0x00007f478c07c800):  VMThread [stack: 0x00007f4780dc3000,0x00007f4780ec4000] [id=27721]

Stack: [0x00007f4780dc3000,0x00007f4780ec4000],  sp=0x00007f4780ec2500,  free space=1021k
Native frames: (J=compiled Java code, j=interpreted, Vv=VM code, C=native code)
V  [libjvm.so+0x92a085]  VMError::report_and_die()+0x175
V  [libjvm.so+0x490140]  report_vm_out_of_memory(char const*, int, unsigned long, char const*)+0x70
V  [libjvm.so+0x7b35f3]  os::pd_commit_memory(char*, unsigned long, unsigned long, bool)+0x103
V  [libjvm.so+0x7addf6]  os::commit_memory(char*, unsigned long, unsigned long, bool)+0x26
V  [libjvm.so+0x81b0eb]  PSVirtualSpace::expand_by(unsigned long)+0x6b
V  [libjvm.so+0x81beb8]  PSYoungGen::resize_generation(unsigned long, unsigned long)+0xa8
V  [libjvm.so+0x81c512]  PSYoungGen::resize(unsigned long, unsigned long)+0x22
V  [libjvm.so+0x818dd1]  PSScavenge::invoke_no_policy()+0xdc1
V  [libjvm.so+0x819603]  PSScavenge::invoke()+0x43
V  [libjvm.so+0x7d2ace]  ParallelScavengeHeap::failed_mem_allocate(unsigned long)+0x6e
V  [libjvm.so+0x92bb00]  VM_ParallelGCFailedAllocation::doit()+0x90
V  [libjvm.so+0x930212]  VM_Operation::evaluate()+0x52
V  [libjvm.so+0x92eb98]  VMThread::evaluate_operation(VM_Operation*)+0x318
V  [libjvm.so+0x92efbe]  VMThread::loop()+0x1ee
V  [libjvm.so+0x92f402]  VMThread::run()+0x72
V  [libjvm.so+0x7b04d2]  java_start(Thread*)+0xf2

VM_Operation (0x00007f477aa6a070): ParallelGCFailedAllocation, mode: safepoint, requested by thread 0x00007f478c1cc000


---------------  P R O C E S S  ---------------

Java Threads: ( => current thread )
  0x00007f478c1ce000 JavaThread "pool-1-thread-4" [_thread_blocked, id=27733, stack(0x00007f477a86a000,0x00007f477a96b000)]
  0x00007f478c1cc000 JavaThread "pool-1-thread-3" [_thread_blocked, id=27732, stack(0x00007f477a96b000,0x00007f477aa6c000)]
  0x00007f478c1ca800 JavaThread "pool-1-thread-2" [_thread_blocked, id=27731, stack(0x00007f477aa6c000,0x00007f477ab6d000)]
  0x00007f478c1c9000 JavaThread "pool-2-thread-1" [_thread_blocked, id=27730, stack(0x00007f477ab6d000,0x00007f477ac6e000)]
  0x00007f478c1c7800 JavaThread "pool-1-thread-1" [_thread_blocked, id=27729, stack(0x00007f4780008000,0x00007f4780109000)]
  0x00007f478c0b7000 JavaThread "Service Thread" daemon [_thread_blocked, id=27727, stack(0x00007f4780634000,0x00007f4780735000)]
  0x00007f478c0b4800 JavaThread "C2 CompilerThread1" daemon [_thread_blocked, id=27726, stack(0x00007f4780735000,0x00007f4780836000)]
  0x00007f478c0b2000 JavaThread "C2 CompilerThread0" daemon [_thread_blocked, id=27725, stack(0x00007f4780836000,0x00007f4780937000)]
  0x00007f478c0af800 JavaThread "Signal Dispatcher" daemon [_thread_blocked, id=27724, stack(0x00007f4780937000,0x00007f4780a38000)]
  0x00007f478c083000 JavaThread "Finalizer" daemon [_thread_blocked, id=27723, stack(0x00007f4780bc1000,0x00007f4780cc2000)]
  0x00007f478c081000 JavaThread "Reference Handler" daemon [_thread_blocked, id=27722, stack(0x00007f4780cc2000,0x00007f4780dc3000)]
  0x00007f478c008800 JavaThread "main" [_thread_blocked, id=27712, stack(0x00007f4793dc7000,0x00007f4793ec8000)]

Other Threads:
=>0x00007f478c07c800 VMThread [stack: 0x00007f4780dc3000,0x00007f4780ec4000] [id=27721]
  0x00007f478c0c1800 WatcherThread [stack: 0x00007f4780533000,0x00007f4780634000] [id=27728]

VM state:at safepoint (normal execution)

VM Mutex/Monitor currently owned by a thread:  ([mutex/lock_event])
[0x00007f478c006ac0] Threads_lock - owner thread: 0x00007f478c07c800
[0x00007f478c006fc0] Heap_lock - owner thread: 0x00007f478c1cc000

Heap
 PSYoungGen      total 132096K, used 5105K [0x00000000eaa80000, 0x00000000f3080000, 0x0000000100000000)
  eden space 126976K, 0% used [0x00000000eaa80000,0x00000000eaa80000,0x00000000f2680000)
  from space 5120K, 99% used [0x00000000f2680000,0x00000000f2b7c7b8,0x00000000f2b80000)
  to   space 5120K, 0% used [0x00000000f2b80000,0x00000000f2b80000,0x00000000f3080000)
 ParOldGen       total 83456K, used 43000K [0x00000000c0000000, 0x00000000c5180000, 0x00000000eaa80000)
  object space 83456K, 51% used [0x00000000c0000000,0x00000000c29fe280,0x00000000c5180000)
 PSPermGen       total 21504K, used 6351K [0x00000000b5a00000, 0x00000000b6f00000, 0x00000000c0000000)
  object space 21504K, 29% used [0x00000000b5a00000,0x00000000b6033e48,0x00000000b6f00000)

Card table byte_map: [0x00007f4790f65000,0x00007f47911b9000] byte_map_base: 0x00007f47909b8000

Polling page: 0x00007f4793eea000

Code Cache  [0x00007f4789000000, 0x00007f4789270000, 0x00007f478c000000)
 total_blobs=678 nmethods=447 adapters=184 free_code_cache=47056Kb largest_free_block=48149120

Compilation events (10 events):
Event: 7,053 Thread 0x00007f478c0b2000 nmethod 442 0x00007f4789183cd0 code [0x00007f4789183e60, 0x00007f4789184278]
Event: 7,053 Thread 0x00007f478c0b2000  443             com.android.dx.ssa.SsaRenamer$1::visitBlock (16 bytes)
Event: 7,054 Thread 0x00007f478c0b2000 nmethod 443 0x00007f47891ebc50 code [0x00007f47891ebda0, 0x00007f47891ebeb8]
Event: 7,054 Thread 0x00007f478c0b2000  444   !         com.android.dx.ssa.LocalVariableInfo::setStarts (40 bytes)
Event: 7,055 Thread 0x00007f478c0b2000 nmethod 444 0x00007f47891eb850 code [0x00007f47891eb9a0, 0x00007f47891eba98]
Event: 7,055 Thread 0x00007f478c0b2000  445             com.android.dx.ssa.SsaRenamer::access$1100 (5 bytes)
Event: 7,055 Thread 0x00007f478c0b2000 nmethod 445 0x00007f4789183a90 code [0x00007f4789183bc0, 0x00007f4789183c18]
Event: 7,055 Thread 0x00007f478c0b2000  446             com.android.dx.ssa.SsaRenamer$BlockRenamer$1::<init> (10 bytes)
Event: 7,055 Thread 0x00007f478c0b2000 nmethod 446 0x00007f47891ed710 code [0x00007f47891ed840, 0x00007f47891ed8b8]
Event: 7,055 Thread 0x00007f478c0b2000  447             com.android.dx.ssa.SsaConverter::needsNewSuccessor (53 bytes)

GC Heap History (9 events):
Event: 0,944 GC heap before
{Heap before GC invocations=1 (full 0):
 PSYoungGen      total 36864K, used 31744K [0x00000000eaa80000, 0x00000000ed380000, 0x0000000100000000)
  eden space 31744K, 100% used [0x00000000eaa80000,0x00000000ec980000,0x00000000ec980000)
  from space 5120K, 0% used [0x00000000ece80000,0x00000000ece80000,0x00000000ed380000)
  to   space 5120K, 0% used [0x00000000ec980000,0x00000000ec980000,0x00000000ece80000)
 ParOldGen       total 83456K, used 0K [0x00000000c0000000, 0x00000000c5180000, 0x00000000eaa80000)
  object space 83456K, 0% used [0x00000000c0000000,0x00000000c0000000,0x00000000c5180000)
 PSPermGen       total 21504K, used 5949K [0x00000000b5a00000, 0x00000000b6f00000, 0x00000000c0000000)
  object space 21504K, 27% used [0x00000000b5a00000,0x00000000b5fcf730,0x00000000b6f00000)
Event: 0,961 GC heap after
Heap after GC invocations=1 (full 0):
 PSYoungGen      total 36864K, used 4807K [0x00000000eaa80000, 0x00000000ef280000, 0x0000000100000000)
  eden space 31744K, 0% used [0x00000000eaa80000,0x00000000eaa80000,0x00000000ec980000)
  from space 5120K, 93% used [0x00000000ec980000,0x00000000ece31d20,0x00000000ece80000)
  to   space 5120K, 0% used [0x00000000eed80000,0x00000000eed80000,0x00000000ef280000)
 ParOldGen       total 83456K, used 8K [0x00000000c0000000, 0x00000000c5180000, 0x00000000eaa80000)
  object space 83456K, 0% used [0x00000000c0000000,0x00000000c0002000,0x00000000c5180000)
 PSPermGen       total 21504K, used 5949K [0x00000000b5a00000, 0x00000000b6f00000, 0x00000000c0000000)
  object space 21504K, 27% used [0x00000000b5a00000,0x00000000b5fcf730,0x00000000b6f00000)
}
Event: 1,864 GC heap before
{Heap before GC invocations=2 (full 0):
 PSYoungGen      total 36864K, used 36551K [0x00000000eaa80000, 0x00000000ef280000, 0x0000000100000000)
  eden space 31744K, 100% used [0x00000000eaa80000,0x00000000ec980000,0x00000000ec980000)
  from space 5120K, 93% used [0x00000000ec980000,0x00000000ece31d20,0x00000000ece80000)
  to   space 5120K, 0% used [0x00000000eed80000,0x00000000eed80000,0x00000000ef280000)
 ParOldGen       total 83456K, used 8K [0x00000000c0000000, 0x00000000c5180000, 0x00000000eaa80000)
  object space 83456K, 0% used [0x00000000c0000000,0x00000000c0002000,0x00000000c5180000)
 PSPermGen       total 21504K, used 6148K [0x00000000b5a00000, 0x00000000b6f00000, 0x00000000c0000000)
  object space 21504K, 28% used [0x00000000b5a00000,0x00000000b6001390,0x00000000b6f00000)
Event: 2,217 GC heap after
Heap after GC invocations=2 (full 0):
 PSYoungGen      total 68608K, used 5116K [0x00000000eaa80000, 0x00000000ef280000, 0x0000000100000000)
  eden space 63488K, 0% used [0x00000000eaa80000,0x00000000eaa80000,0x00000000ee880000)
  from space 5120K, 99% used [0x00000000eed80000,0x00000000ef27f360,0x00000000ef280000)
  to   space 5120K, 0% used [0x00000000ee880000,0x00000000ee880000,0x00000000eed80000)
 ParOldGen       total 83456K, used 3333K [0x00000000c0000000, 0x00000000c5180000, 0x00000000eaa80000)
  object space 83456K, 3% used [0x00000000c0000000,0x00000000c0341478,0x00000000c5180000)
 PSPermGen       total 21504K, used 6148K [0x00000000b5a00000, 0x00000000b6f00000, 0x00000000c0000000)
  object space 21504K, 28% used [0x00000000b5a00000,0x00000000b6001390,0x00000000b6f00000)
}
Event: 3,536 GC heap before
{Heap before GC invocations=3 (full 0):
 PSYoungGen      total 68608K, used 68604K [0x00000000eaa80000, 0x00000000ef280000, 0x0000000100000000)
  eden space 63488K, 100% used [0x00000000eaa80000,0x00000000ee880000,0x00000000ee880000)
  from space 5120K, 99% used [0x00000000eed80000,0x00000000ef27f360,0x00000000ef280000)
  to   space 5120K, 0% used [0x00000000ee880000,0x00000000ee880000,0x00000000eed80000)
 ParOldGen       total 83456K, used 3333K [0x00000000c0000000, 0x00000000c5180000, 0x00000000eaa80000)
  object space 83456K, 3% used [0x00000000c0000000,0x00000000c0341478,0x00000000c5180000)
 PSPermGen       total 21504K, used 6215K [0x00000000b5a00000, 0x00000000b6f00000, 0x00000000c0000000)
  object space 21504K, 28% used [0x00000000b5a00000,0x00000000b6011d78,0x00000000b6f00000)
Event: 3,577 GC heap after
Heap after GC invocations=3 (full 0):
 PSYoungGen      total 68608K, used 5105K [0x00000000eaa80000, 0x00000000f3080000, 0x0000000100000000)
  eden space 63488K, 0% used [0x00000000eaa80000,0x00000000eaa80000,0x00000000ee880000)
  from space 5120K, 99% used [0x00000000ee880000,0x00000000eed7c608,0x00000000eed80000)
  to   space 5120K, 0% used [0x00000000f2b80000,0x00000000f2b80000,0x00000000f3080000)
 ParOldGen       total 83456K, used 12643K [0x00000000c0000000, 0x00000000c5180000, 0x00000000eaa80000)
  object space 83456K, 15% used [0x00000000c0000000,0x00000000c0c58f30,0x00000000c5180000)
 PSPermGen       total 21504K, used 6215K [0x00000000b5a00000, 0x00000000b6f00000, 0x00000000c0000000)
  object space 21504K, 28% used [0x00000000b5a00000,0x00000000b6011d78,0x00000000b6f00000)
}
Event: 5,384 GC heap before
{Heap before GC invocations=4 (full 0):
 PSYoungGen      total 68608K, used 68593K [0x00000000eaa80000, 0x00000000f3080000, 0x0000000100000000)
  eden space 63488K, 100% used [0x00000000eaa80000,0x00000000ee880000,0x00000000ee880000)
  from space 5120K, 99% used [0x00000000ee880000,0x00000000eed7c608,0x00000000eed80000)
  to   space 5120K, 0% used [0x00000000f2b80000,0x00000000f2b80000,0x00000000f3080000)
 ParOldGen       total 83456K, used 12643K [0x00000000c0000000, 0x00000000c5180000, 0x00000000eaa80000)
  object space 83456K, 15% used [0x00000000c0000000,0x00000000c0c58f30,0x00000000c5180000)
 PSPermGen       total 21504K, used 6263K [0x00000000b5a00000, 0x00000000b6f00000, 0x00000000c0000000)
  object space 21504K, 29% used [0x00000000b5a00000,0x00000000b601dcb8,0x00000000b6f00000)
Event: 5,443 GC heap after
Heap after GC invocations=4 (full 0):
 PSYoungGen      total 132096K, used 5089K [0x00000000eaa80000, 0x00000000f3080000, 0x0000000100000000)
  eden space 126976K, 0% used [0x00000000eaa80000,0x00000000eaa80000,0x00000000f2680000)
  from space 5120K, 99% used [0x00000000f2b80000,0x00000000f30785f8,0x00000000f3080000)
  to   space 5120K, 0% used [0x00000000f2680000,0x00000000f2680000,0x00000000f2b80000)
 ParOldGen       total 83456K, used 22633K [0x00000000c0000000, 0x00000000c5180000, 0x00000000eaa80000)
  object space 83456K, 27% used [0x00000000c0000000,0x00000000c161a4b0,0x00000000c5180000)
 PSPermGen       total 21504K, used 6263K [0x00000000b5a00000, 0x00000000b6f00000, 0x00000000c0000000)
  object space 21504K, 29% used [0x00000000b5a00000,0x00000000b601dcb8,0x00000000b6f00000)
}
Event: 7,060 GC heap before
{Heap before GC invocations=5 (full 0):
 PSYoungGen      total 132096K, used 132065K [0x00000000eaa80000, 0x00000000f3080000, 0x0000000100000000)
  eden space 126976K, 100% used [0x00000000eaa80000,0x00000000f2680000,0x00000000f2680000)
  from space 5120K, 99% used [0x00000000f2b80000,0x00000000f30785f8,0x00000000f3080000)
  to   space 5120K, 0% used [0x00000000f2680000,0x00000000f2680000,0x00000000f2b80000)
 ParOldGen       total 83456K, used 22633K [0x00000000c0000000, 0x00000000c5180000, 0x00000000eaa80000)
  object space 83456K, 27% used [0x00000000c0000000,0x00000000c161a4b0,0x00000000c5180000)
 PSPermGen       total 21504K, used 6351K [0x00000000b5a00000, 0x00000000b6f00000, 0x00000000c0000000)
  object space 21504K, 29% used [0x00000000b5a00000,0x00000000b6033e48,0x00000000b6f00000)

Deoptimization events (10 events):
Event: 4,584 Thread 0x00007f478c008800 Uncommon trap: reason=unreached action=reinterpret pc=0x00007f47890fa0c0 method=com.android.dx.ssa.SCCP.simulateBranch(Lcom/android/dx/ssa/SsaInsn;)V @ 132
Event: 6,155 Thread 0x00007f478c008800 Uncommon trap: reason=unreached action=reinterpret pc=0x00007f4789160328 method=com.android.dx.rop.code.LocalItem.compareHandlesNulls(Lcom/android/dx/rop/cst/CstString;Lcom/android/dx/rop/cst/CstString;)I @ 14
Event: 6,157 Thread 0x00007f478c1ce000 Uncommon trap: reason=class_check action=maybe_recompile pc=0x00007f4789167b60 method=com.android.dx.ssa.SCCP.replaceConstants()V @ 127
Event: 6,751 Thread 0x00007f478c1c7800 Uncommon trap: reason=bimorphic action=maybe_recompile pc=0x00007f478919379c method=com.android.dx.cf.code.BytecodeArray.parseInstruction(ILcom/android/dx/cf/code/BytecodeArray$Visitor;)I @ 1161
Event: 6,751 Thread 0x00007f478c1c7800 Uncommon trap: reason=bimorphic action=maybe_recompile pc=0x00007f478919379c method=com.android.dx.cf.code.BytecodeArray.parseInstruction(ILcom/android/dx/cf/code/BytecodeArray$Visitor;)I @ 1161
Event: 6,796 Thread 0x00007f478c1c7800 Uncommon trap: reason=bimorphic action=maybe_recompile pc=0x00007f4789193aa8 method=com.android.dx.cf.code.BytecodeArray.parseInstruction(ILcom/android/dx/cf/code/BytecodeArray$Visitor;)I @ 1357
Event: 6,799 Thread 0x00007f478c1c7800 Uncommon trap: reason=bimorphic action=maybe_recompile pc=0x00007f4789193aa8 method=com.android.dx.cf.code.BytecodeArray.parseInstruction(ILcom/android/dx/cf/code/BytecodeArray$Visitor;)I @ 1357
Event: 6,826 Thread 0x00007f478c1ce000 Uncommon trap: reason=unreached action=reinterpret pc=0x00007f478918d02c method=com.android.dx.ssa.MoveParamCombiner$1.visitNonMoveInsn(Lcom/android/dx/ssa/NormalSsaInsn;)V @ 27
Event: 6,887 Thread 0x00007f478c1ce000 Uncommon trap: reason=bimorphic action=maybe_recompile pc=0x00007f47891ab3cc method=com.android.dx.ssa.LiteralOpUpgrader.tryReplacingWithConstant(Lcom/android/dx/ssa/NormalSsaInsn;)Z @ 62
Event: 6,910 Thread 0x00007f478c1ce000 Uncommon trap: reason=bimorphic action=maybe_recompile pc=0x00007f47891ab3cc method=com.android.dx.ssa.LiteralOpUpgrader.tryReplacingWithConstant(Lcom/android/dx/ssa/NormalSsaInsn;)Z @ 62

Internal exceptions (10 events):
Event: 0,828 Thread 0x00007f478c1ca800 Threw 0x00000000ec5d2558 at /build/openjdk-7-tNV5mE/openjdk-7-7u75-2.5.4/build/openjdk/hotspot/src/share/vm/prims/jvm.cpp:1284
Event: 0,873 Thread 0x00007f478c008800 Threw 0x00000000ec6cd498 at /build/openjdk-7-tNV5mE/openjdk-7-7u75-2.5.4/build/openjdk/hotspot/src/share/vm/prims/jvm.cpp:1284
Event: 1,121 Thread 0x00007f478c1c7800 Threw 0x00000000eb203bf0 at /build/openjdk-7-tNV5mE/openjdk-7-7u75-2.5.4/build/openjdk/hotspot/src/share/vm/prims/jvm.cpp:1284
Event: 2,313 Thread 0x00007f478c1ce000 Implicit null exception at 0x00007f47890c4b87 to 0x00007f47890c6b01
Event: 2,360 Thread 0x00007f478c008800 Implicit null exception at 0x00007f47890cd9bb to 0x00007f47890ce0dd
Event: 2,363 Thread 0x00007f478c008800 Threw 0x00000000eb3246c8 at /build/openjdk-7-tNV5mE/openjdk-7-7u75-2.5.4/build/openjdk/hotspot/src/share/vm/prims/jvm.cpp:1284
Event: 2,503 Thread 0x00007f478c1ce000 Threw 0x00000000ebc5bc38 at /build/openjdk-7-tNV5mE/openjdk-7-7u75-2.5.4/build/openjdk/hotspot/src/share/vm/prims/jvm.cpp:1284
Event: 2,858 Thread 0x00007f478c1ce000 Threw 0x00000000ecaa9890 at /build/openjdk-7-tNV5mE/openjdk-7-7u75-2.5.4/build/openjdk/hotspot/src/share/vm/prims/jvm.cpp:1284
Event: 6,015 Thread 0x00007f478c008800 Threw 0x00000000eba674c8 at /build/openjdk-7-tNV5mE/openjdk-7-7u75-2.5.4/build/openjdk/hotspot/src/share/vm/prims/jvm.cpp:1284
Event: 6,155 Thread 0x00007f478c008800 Implicit null exception at 0x00007f47891601f9 to 0x00007f4789160315

Events (10 events):
Event: 6,826 Thread 0x00007f478c1ce000 Uncommon trap: trap_request=0xffffffad fr.pc=0x00007f478918d02c
Event: 6,826 Thread 0x00007f478c1ce000 DEOPT PACKING pc=0x00007f478918d02c sp=0x00007f477a9691a0
Event: 6,826 Thread 0x00007f478c1ce000 DEOPT UNPACKING pc=0x00007f4789039445 sp=0x00007f477a969118 mode 2
Event: 6,887 Thread 0x00007f478c1ce000 Uncommon trap: trap_request=0xffffffc6 fr.pc=0x00007f47891ab3cc
Event: 6,887 Thread 0x00007f478c1ce000 DEOPT PACKING pc=0x00007f47891ab3cc sp=0x00007f477a969170
Event: 6,887 Thread 0x00007f478c1ce000 DEOPT UNPACKING pc=0x00007f4789039445 sp=0x00007f477a969058 mode 2
Event: 6,910 Thread 0x00007f478c1ce000 Uncommon trap: trap_request=0xffffffc6 fr.pc=0x00007f47891ab3cc
Event: 6,910 Thread 0x00007f478c1ce000 DEOPT PACKING pc=0x00007f47891ab3cc sp=0x00007f477a9690e0
Event: 6,910 Thread 0x00007f478c1ce000 DEOPT UNPACKING pc=0x00007f4789039445 sp=0x00007f477a968fc8 mode 2
Event: 7,057 Executing VM operation: ParallelGCFailedAllocation


Dynamic libraries:
00400000-00401000 r-xp 00000000 08:03 34081                              /usr/lib/jvm/java-7-openjdk-amd64/jre/bin/java
00600000-00601000 r--p 00000000 08:03 34081                              /usr/lib/jvm/java-7-openjdk-amd64/jre/bin/java
00601000-00602000 rw-p 00001000 08:03 34081                              /usr/lib/jvm/java-7-openjdk-amd64/jre/bin/java
00c40000-00c61000 rw-p 00000000 00:00 0                                  [heap]
b5a00000-b6f00000 rw-p 00000000 00:00 0 
b6f00000-c0000000 rw-p 00000000 00:00 0 
c0000000-c5180000 rw-p 00000000 00:00 0 
c5180000-eaa80000 rw-p 00000000 00:00 0 
eaa80000-f3080000 rw-p 00000000 00:00 0 
fd880000-100000000 rw-p 00000000 00:00 0 
7f4724000000-7f4724021000 rw-p 00000000 00:00 0 
7f4724021000-7f4728000000 ---p 00000000 00:00 0 
7f472c000000-7f472c035000 rw-p 00000000 00:00 0 
7f472c035000-7f4730000000 ---p 00000000 00:00 0 
7f4730000000-7f4730021000 rw-p 00000000 00:00 0 
7f4730021000-7f4734000000 ---p 00000000 00:00 0 
7f4734000000-7f4734039000 rw-p 00000000 00:00 0 
7f4734039000-7f4738000000 ---p 00000000 00:00 0 
7f4738000000-7f4738021000 rw-p 00000000 00:00 0 
7f4738021000-7f473c000000 ---p 00000000 00:00 0 
7f473c000000-7f473c021000 rw-p 00000000 00:00 0 
7f473c021000-7f4740000000 ---p 00000000 00:00 0 
7f4740000000-7f4740021000 rw-p 00000000 00:00 0 
7f4740021000-7f4744000000 ---p 00000000 00:00 0 
7f4744000000-7f4745955000 rw-p 00000000 00:00 0 
7f4745955000-7f4748000000 ---p 00000000 00:00 0 
7f4748000000-7f474941f000 rw-p 00000000 00:00 0 
7f474941f000-7f474c000000 ---p 00000000 00:00 0 
7f474c000000-7f474c021000 rw-p 00000000 00:00 0 
7f474c021000-7f4750000000 ---p 00000000 00:00 0 
7f4750000000-7f4750021000 rw-p 00000000 00:00 0 
7f4750021000-7f4754000000 ---p 00000000 00:00 0 
7f4754000000-7f4754264000 rw-p 00000000 00:00 0 
7f4754264000-7f4758000000 ---p 00000000 00:00 0 
7f4758000000-7f4758021000 rw-p 00000000 00:00 0 
7f4758021000-7f475c000000 ---p 00000000 00:00 0 
7f475c000000-7f475c021000 rw-p 00000000 00:00 0 
7f475c021000-7f4760000000 ---p 00000000 00:00 0 
7f4760000000-7f4760021000 rw-p 00000000 00:00 0 
7f4760021000-7f4764000000 ---p 00000000 00:00 0 
7f4764000000-7f4764021000 rw-p 00000000 00:00 0 
7f4764021000-7f4768000000 ---p 00000000 00:00 0 
7f476c000000-7f476c021000 rw-p 00000000 00:00 0 
7f476c021000-7f4770000000 ---p 00000000 00:00 0 
7f4770000000-7f4770021000 rw-p 00000000 00:00 0 
7f4770021000-7f4774000000 ---p 00000000 00:00 0 
7f4774000000-7f4774021000 rw-p 00000000 00:00 0 
7f4774021000-7f4778000000 ---p 00000000 00:00 0 
7f477a86a000-7f477a86d000 ---p 00000000 00:00 0 
7f477a86d000-7f477a96b000 rw-p 00000000 00:00 0                          [stack:27733]
7f477a96b000-7f477a96e000 ---p 00000000 00:00 0 
7f477a96e000-7f477aa6c000 rw-p 00000000 00:00 0                          [stack:27732]
7f477aa6c000-7f477aa6f000 ---p 00000000 00:00 0 
7f477aa6f000-7f477ab6d000 rw-p 00000000 00:00 0                          [stack:27731]
7f477ab6d000-7f477ab70000 ---p 00000000 00:00 0 
7f477ab70000-7f477ac6e000 rw-p 00000000 00:00 0                          [stack:27730]
7f477ac6e000-7f477acda000 r-xp 00000000 08:03 3757                       /lib/x86_64-linux-gnu/libpcre.so.3.13.1
7f477acda000-7f477aeda000 ---p 0006c000 08:03 3757                       /lib/x86_64-linux-gnu/libpcre.so.3.13.1
7f477aeda000-7f477aedb000 r--p 0006c000 08:03 3757                       /lib/x86_64-linux-gnu/libpcre.so.3.13.1
7f477aedb000-7f477aedc000 rw-p 0006d000 08:03 3757                       /lib/x86_64-linux-gnu/libpcre.so.3.13.1
7f477aedc000-7f477aee3000 r-xp 00000000 08:03 12387                      /usr/lib/x86_64-linux-gnu/libffi.so.6.0.2
7f477aee3000-7f477b0e2000 ---p 00007000 08:03 12387                      /usr/lib/x86_64-linux-gnu/libffi.so.6.0.2
7f477b0e2000-7f477b0e3000 r--p 00006000 08:03 12387                      /usr/lib/x86_64-linux-gnu/libffi.so.6.0.2
7f477b0e3000-7f477b0e4000 rw-p 00007000 08:03 12387                      /usr/lib/x86_64-linux-gnu/libffi.so.6.0.2
7f477b0e4000-7f477b0f8000 r-xp 00000000 08:03 26220                      /lib/x86_64-linux-gnu/libresolv-2.19.so
7f477b0f8000-7f477b2f7000 ---p 00014000 08:03 26220                      /lib/x86_64-linux-gnu/libresolv-2.19.so
7f477b2f7000-7f477b2f8000 r--p 00013000 08:03 26220                      /lib/x86_64-linux-gnu/libresolv-2.19.so
7f477b2f8000-7f477b2f9000 rw-p 00014000 08:03 26220                      /lib/x86_64-linux-gnu/libresolv-2.19.so
7f477b2f9000-7f477b2fb000 rw-p 00000000 00:00 0 
7f477b2fb000-7f477b31c000 r-xp 00000000 08:03 4512                       /lib/x86_64-linux-gnu/libselinux.so.1
7f477b31c000-7f477b51c000 ---p 00021000 08:03 4512                       /lib/x86_64-linux-gnu/libselinux.so.1
7f477b51c000-7f477b51d000 r--p 00021000 08:03 4512                       /lib/x86_64-linux-gnu/libselinux.so.1
7f477b51d000-7f477b51e000 rw-p 00022000 08:03 4512                       /lib/x86_64-linux-gnu/libselinux.so.1
7f477b51e000-7f477b520000 rw-p 00000000 00:00 0 
7f477b520000-7f477b523000 r-xp 00000000 08:03 47946                      /usr/lib/x86_64-linux-gnu/libgmodule-2.0.so.0.4200.1
7f477b523000-7f477b722000 ---p 00003000 08:03 47946                      /usr/lib/x86_64-linux-gnu/libgmodule-2.0.so.0.4200.1
7f477b722000-7f477b723000 r--p 00002000 08:03 47946                      /usr/lib/x86_64-linux-gnu/libgmodule-2.0.so.0.4200.1
7f477b723000-7f477b724000 rw-p 00003000 08:03 47946                      /usr/lib/x86_64-linux-gnu/libgmodule-2.0.so.0.4200.1
7f477b724000-7f477b830000 r-xp 00000000 08:03 23782                      /lib/x86_64-linux-gnu/libglib-2.0.so.0.4200.1
7f477b830000-7f477ba30000 ---p 0010c000 08:03 23782                      /lib/x86_64-linux-gnu/libglib-2.0.so.0.4200.1
7f477ba30000-7f477ba31000 r--p 0010c000 08:03 23782                      /lib/x86_64-linux-gnu/libglib-2.0.so.0.4200.1
7f477ba31000-7f477ba32000 rw-p 0010d000 08:03 23782                      /lib/x86_64-linux-gnu/libglib-2.0.so.0.4200.1
7f477ba32000-7f477ba33000 rw-p 00000000 00:00 0 
7f477ba33000-7f477ba84000 r-xp 00000000 08:03 47944                      /usr/lib/x86_64-linux-gnu/libgobject-2.0.so.0.4200.1
7f477ba84000-7f477bc84000 ---p 00051000 08:03 47944                      /usr/lib/x86_64-linux-gnu/libgobject-2.0.so.0.4200.1
7f477bc84000-7f477bc85000 r--p 00051000 08:03 47944                      /usr/lib/x86_64-linux-gnu/libgobject-2.0.so.0.4200.1
7f477bc85000-7f477bc86000 rw-p 00052000 08:03 47944                      /usr/lib/x86_64-linux-gnu/libgobject-2.0.so.0.4200.1
7f477bc86000-7f477bdf8000 r-xp 00000000 08:03 47950                      /usr/lib/x86_64-linux-gnu/libgio-2.0.so.0.4200.1
7f477bdf8000-7f477bff8000 ---p 00172000 08:03 47950                      /usr/lib/x86_64-linux-gnu/libgio-2.0.so.0.4200.1
7f477bff8000-7f477bffc000 r--p 00172000 08:03 47950                      /usr/lib/x86_64-linux-gnu/libgio-2.0.so.0.4200.1
7f477bffc000-7f477bffe000 rw-p 00176000 08:03 47950                      /usr/lib/x86_64-linux-gnu/libgio-2.0.so.0.4200.1
7f477bffe000-7f477c000000 rw-p 00000000 00:00 0 
7f477c000000-7f477c021000 rw-p 00000000 00:00 0 
7f477c021000-7f4780000000 ---p 00000000 00:00 0 
7f4780008000-7f478000b000 ---p 00000000 00:00 0 
7f478000b000-7f4780109000 rw-p 00000000 00:00 0                          [stack:27729]
7f4780109000-7f4780120000 r-xp 00000000 08:03 34190                      /usr/lib/jvm/java-7-openjdk-amd64/jre/lib/amd64/libnet.so
7f4780120000-7f478031f000 ---p 00017000 08:03 34190                      /usr/lib/jvm/java-7-openjdk-amd64/jre/lib/amd64/libnet.so
7f478031f000-7f4780320000 r--p 00016000 08:03 34190                      /usr/lib/jvm/java-7-openjdk-amd64/jre/lib/amd64/libnet.so
7f4780320000-7f4780321000 rw-p 00017000 08:03 34190                      /usr/lib/jvm/java-7-openjdk-amd64/jre/lib/amd64/libnet.so
7f4780321000-7f4780331000 r-xp 00000000 08:03 34191                      /usr/lib/jvm/java-7-openjdk-amd64/jre/lib/amd64/libnio.so
7f4780331000-7f4780531000 ---p 00010000 08:03 34191                      /usr/lib/jvm/java-7-openjdk-amd64/jre/lib/amd64/libnio.so
7f4780531000-7f4780532000 r--p 00010000 08:03 34191                      /usr/lib/jvm/java-7-openjdk-amd64/jre/lib/amd64/libnio.so
7f4780532000-7f4780533000 rw-p 00011000 08:03 34191                      /usr/lib/jvm/java-7-openjdk-amd64/jre/lib/amd64/libnio.so
7f4780533000-7f4780534000 ---p 00000000 00:00 0 
7f4780534000-7f4780634000 rw-p 00000000 00:00 0                          [stack:27728]
7f4780634000-7f4780637000 ---p 00000000 00:00 0 
7f4780637000-7f4780735000 rw-p 00000000 00:00 0                          [stack:27727]
7f4780735000-7f4780738000 ---p 00000000 00:00 0 
7f4780738000-7f4780836000 rw-p 00000000 00:00 0                          [stack:27726]
7f4780836000-7f4780839000 ---p 00000000 00:00 0 
7f4780839000-7f4780937000 rw-p 00000000 00:00 0                          [stack:27725]
7f4780937000-7f478093a000 ---p 00000000 00:00 0 
7f478093a000-7f4780a38000 rw-p 00000000 00:00 0                          [stack:27724]
7f4780a38000-7f4780bc1000 r--p 00000000 08:03 16539                      /usr/lib/locale/locale-archive
7f4780bc1000-7f4780bc4000 ---p 00000000 00:00 0 
7f4780bc4000-7f4780cc2000 rw-p 00000000 00:00 0                          [stack:27723]
7f4780cc2000-7f4780cc5000 ---p 00000000 00:00 0 
7f4780cc5000-7f4780dc3000 rw-p 00000000 00:00 0                          [stack:27722]
7f4780dc3000-7f4780dc4000 ---p 00000000 00:00 0 
7f4780dc4000-7f4784000000 rw-p 00000000 00:00 0                          [stack:27721]
7f4784000000-7f4784021000 rw-p 00000000 00:00 0 
7f4784021000-7f4788000000 ---p 00000000 00:00 0 
7f478806d000-7f4788074000 r--s 00000000 08:03 26200                      /usr/lib/x86_64-linux-gnu/gconv/gconv-modules.cache
7f4788074000-7f4788099000 r--p 00000000 08:03 148678                     /usr/share/locale/es/LC_MESSAGES/libc.mo
7f4788099000-7f47880af000 r--s 000f1000 08:03 23857923                   /export/estudiantes/dfrancisco.hernandez/LabsCompuMovil/Lab2Activities/app/build/intermediates/exploded-aar/com.android.support/support-v4/23.4.0/jars/classes.jar
7f47880af000-7f4789000000 rw-p 00000000 00:00 0 
7f4789000000-7f4789270000 rwxp 00000000 00:00 0 
7f4789270000-7f478c211000 rw-p 00000000 00:00 0 
7f478c211000-7f4790000000 ---p 00000000 00:00 0 
7f4790001000-7f4790131000 rw-p 00000000 00:00 0 
7f4790131000-7f47902e3000 r--s 01d23000 08:03 34224                      /usr/lib/jvm/java-7-openjdk-amd64/jre/lib/rt.jar
7f47902e3000-7f4790607000 rw-p 00000000 00:00 0 
7f4790607000-7f4790608000 ---p 00000000 00:00 0 
7f4790608000-7f4790708000 rw-p 00000000 00:00 0                          [stack:27720]
7f4790708000-7f4790709000 ---p 00000000 00:00 0 
7f4790709000-7f4790809000 rw-p 00000000 00:00 0                          [stack:27719]
7f4790809000-7f479080a000 ---p 00000000 00:00 0 
7f479080a000-7f479090a000 rw-p 00000000 00:00 0                          [stack:27718]
7f479090a000-7f479090b000 ---p 00000000 00:00 0 
7f479090b000-7f4790a0b000 rw-p 00000000 00:00 0                          [stack:27717]
7f4790a0b000-7f4790a0c000 ---p 00000000 00:00 0 
7f4790a0c000-7f4790b0c000 rw-p 00000000 00:00 0                          [stack:27716]
7f4790b0c000-7f4790b0d000 ---p 00000000 00:00 0 
7f4790b0d000-7f4790c0d000 rw-p 00000000 00:00 0                          [stack:27715]
7f4790c0d000-7f4790c0e000 ---p 00000000 00:00 0 
7f4790c0e000-7f4790d0e000 rw-p 00000000 00:00 0                          [stack:27714]
7f4790d0e000-7f4790d0f000 ---p 00000000 00:00 0 
7f4790d0f000-7f4790e38000 rw-p 00000000 00:00 0                          [stack:27713]
7f4790e38000-7f4790f65000 rw-p 00000000 00:00 0 
7f4790f65000-7f4790f70000 rw-p 00000000 00:00 0 
7f4790f70000-7f4790fb8000 rw-p 00000000 00:00 0 
7f4790fb8000-7f4790fe1000 rw-p 00000000 00:00 0 
7f4790fe1000-7f479110d000 rw-p 00000000 00:00 0 
7f479110d000-7f4791151000 rw-p 00000000 00:00 0 
7f4791151000-7f47911b8000 rw-p 00000000 00:00 0 
7f47911b8000-7f47911c3000 rw-p 00000000 00:00 0 
7f47911c3000-7f4791279000 rw-p 00000000 00:00 0 
7f4791279000-7f4791281000 r-xp 00000000 08:03 34198                      /usr/lib/jvm/java-7-openjdk-amd64/jre/lib/amd64/libzip.so
7f4791281000-7f4791480000 ---p 00008000 08:03 34198                      /usr/lib/jvm/java-7-openjdk-amd64/jre/lib/amd64/libzip.so
7f4791480000-7f4791481000 r--p 00007000 08:03 34198                      /usr/lib/jvm/java-7-openjdk-amd64/jre/lib/amd64/libzip.so
7f4791481000-7f4791482000 rw-p 00008000 08:03 34198                      /usr/lib/jvm/java-7-openjdk-amd64/jre/lib/amd64/libzip.so
7f4791482000-7f47914ad000 r-xp 00000000 08:03 34174                      /usr/lib/jvm/java-7-openjdk-amd64/jre/lib/amd64/libjava.so
7f47914ad000-7f47916ac000 ---p 0002b000 08:03 34174                      /usr/lib/jvm/java-7-openjdk-amd64/jre/lib/amd64/libjava.so
7f47916ac000-7f47916ad000 r--p 0002a000 08:03 34174                      /usr/lib/jvm/java-7-openjdk-amd64/jre/lib/amd64/libjava.so
7f47916ad000-7f47916af000 rw-p 0002b000 08:03 34174                      /usr/lib/jvm/java-7-openjdk-amd64/jre/lib/amd64/libjava.so
7f47916af000-7f47916be000 r-xp 00000000 08:03 34197                      /usr/lib/jvm/java-7-openjdk-amd64/jre/lib/amd64/libverify.so
7f47916be000-7f47918bd000 ---p 0000f000 08:03 34197                      /usr/lib/jvm/java-7-openjdk-amd64/jre/lib/amd64/libverify.so
7f47918bd000-7f47918bf000 r--p 0000e000 08:03 34197                      /usr/lib/jvm/java-7-openjdk-amd64/jre/lib/amd64/libverify.so
7f47918bf000-7f47918c0000 rw-p 00010000 08:03 34197                      /usr/lib/jvm/java-7-openjdk-amd64/jre/lib/amd64/libverify.so
7f47918c0000-7f47918c7000 r-xp 00000000 08:03 26221                      /lib/x86_64-linux-gnu/librt-2.19.so
7f47918c7000-7f4791ac6000 ---p 00007000 08:03 26221                      /lib/x86_64-linux-gnu/librt-2.19.so
7f4791ac6000-7f4791ac7000 r--p 00006000 08:03 26221                      /lib/x86_64-linux-gnu/librt-2.19.so
7f4791ac7000-7f4791ac8000 rw-p 00007000 08:03 26221                      /lib/x86_64-linux-gnu/librt-2.19.so
7f4791ac8000-7f4791ade000 r-xp 00000000 08:03 3409                       /lib/x86_64-linux-gnu/libgcc_s.so.1
7f4791ade000-7f4791cdd000 ---p 00016000 08:03 3409                       /lib/x86_64-linux-gnu/libgcc_s.so.1
7f4791cdd000-7f4791cde000 rw-p 00015000 08:03 3409                       /lib/x86_64-linux-gnu/libgcc_s.so.1
7f4791cde000-7f4791dde000 r-xp 00000000 08:03 26210                      /lib/x86_64-linux-gnu/libm-2.19.so
7f4791dde000-7f4791fdd000 ---p 00100000 08:03 26210                      /lib/x86_64-linux-gnu/libm-2.19.so
7f4791fdd000-7f4791fde000 r--p 000ff000 08:03 26210                      /lib/x86_64-linux-gnu/libm-2.19.so
7f4791fde000-7f4791fdf000 rw-p 00100000 08:03 26210                      /lib/x86_64-linux-gnu/libm-2.19.so
7f4791fdf000-7f47920cb000 r-xp 00000000 08:03 13098                      /usr/lib/x86_64-linux-gnu/libstdc++.so.6.0.20
7f47920cb000-7f47922cb000 ---p 000ec000 08:03 13098                      /usr/lib/x86_64-linux-gnu/libstdc++.so.6.0.20
7f47922cb000-7f47922d3000 r--p 000ec000 08:03 13098                      /usr/lib/x86_64-linux-gnu/libstdc++.so.6.0.20
7f47922d3000-7f47922d5000 rw-p 000f4000 08:03 13098                      /usr/lib/x86_64-linux-gnu/libstdc++.so.6.0.20
7f47922d5000-7f47922ea000 rw-p 00000000 00:00 0 
7f47922ea000-7f4792de8000 r-xp 00000000 08:03 34199                      /usr/lib/jvm/java-7-openjdk-amd64/jre/lib/amd64/server/libjvm.so
7f4792de8000-7f4792fe7000 ---p 00afe000 08:03 34199                      /usr/lib/jvm/java-7-openjdk-amd64/jre/lib/amd64/server/libjvm.so
7f4792fe7000-7f4793088000 r--p 00afd000 08:03 34199                      /usr/lib/jvm/java-7-openjdk-amd64/jre/lib/amd64/server/libjvm.so
7f4793088000-7f47930ab000 rw-p 00b9e000 08:03 34199                      /usr/lib/jvm/java-7-openjdk-amd64/jre/lib/amd64/server/libjvm.so
7f47930ab000-7f47930d8000 rw-p 00000000 00:00 0 
7f47930d8000-7f47930f2000 r-xp 00000000 08:03 21771                      /lib/x86_64-linux-gnu/libz.so.1.2.8
7f47930f2000-7f47932f1000 ---p 0001a000 08:03 21771                      /lib/x86_64-linux-gnu/libz.so.1.2.8
7f47932f1000-7f47932f2000 r--p 00019000 08:03 21771                      /lib/x86_64-linux-gnu/libz.so.1.2.8
7f47932f2000-7f47932f3000 rw-p 0001a000 08:03 21771                      /lib/x86_64-linux-gnu/libz.so.1.2.8
7f47932f3000-7f4793495000 r-xp 00000000 08:03 26206                      /lib/x86_64-linux-gnu/libc-2.19.so
7f4793495000-7f4793694000 ---p 001a2000 08:03 26206                      /lib/x86_64-linux-gnu/libc-2.19.so
7f4793694000-7f4793698000 r--p 001a1000 08:03 26206                      /lib/x86_64-linux-gnu/libc-2.19.so
7f4793698000-7f479369a000 rw-p 001a5000 08:03 26206                      /lib/x86_64-linux-gnu/libc-2.19.so
7f479369a000-7f479369e000 rw-p 00000000 00:00 0 
7f479369e000-7f47936a1000 r-xp 00000000 08:03 26209                      /lib/x86_64-linux-gnu/libdl-2.19.so
7f47936a1000-7f47938a0000 ---p 00003000 08:03 26209                      /lib/x86_64-linux-gnu/libdl-2.19.so
7f47938a0000-7f47938a1000 r--p 00002000 08:03 26209                      /lib/x86_64-linux-gnu/libdl-2.19.so
7f47938a1000-7f47938a2000 rw-p 00003000 08:03 26209                      /lib/x86_64-linux-gnu/libdl-2.19.so
7f47938a2000-7f47938af000 r-xp 00000000 08:03 34204                      /usr/lib/jvm/java-7-openjdk-amd64/jre/lib/amd64/jli/libjli.so
7f47938af000-7f4793aae000 ---p 0000d000 08:03 34204                      /usr/lib/jvm/java-7-openjdk-amd64/jre/lib/amd64/jli/libjli.so
7f4793aae000-7f4793aaf000 r--p 0000c000 08:03 34204                      /usr/lib/jvm/java-7-openjdk-amd64/jre/lib/amd64/jli/libjli.so
7f4793aaf000-7f4793ab0000 rw-p 0000d000 08:03 34204                      /usr/lib/jvm/java-7-openjdk-amd64/jre/lib/amd64/jli/libjli.so
7f4793ab0000-7f4793ac8000 r-xp 00000000 08:03 26202                      /lib/x86_64-linux-gnu/libpthread-2.19.so
7f4793ac8000-7f4793cc7000 ---p 00018000 08:03 26202                      /lib/x86_64-linux-gnu/libpthread-2.19.so
7f4793cc7000-7f4793cc8000 r--p 00017000 08:03 26202                      /lib/x86_64-linux-gnu/libpthread-2.19.so
7f4793cc8000-7f4793cc9000 rw-p 00018000 08:03 26202                      /lib/x86_64-linux-gnu/libpthread-2.19.so
7f4793cc9000-7f4793ccd000 rw-p 00000000 00:00 0 
7f4793ccd000-7f4793ced000 r-xp 00000000 08:03 26203                      /lib/x86_64-linux-gnu/ld-2.19.so
7f4793cf0000-7f4793cff000 r--s 000df000 08:03 1054622                    /apps/Sdk/build-tools/23.0.2/lib/dx.jar
7f4793cff000-7f4793d4a000 rw-p 00000000 00:00 0 
7f4793d4a000-7f4793d92000 rw-p 00000000 00:00 0 
7f4793d92000-7f4793dc7000 r--s 00000000 08:03 21581                      /var/cache/nscd/passwd
7f4793dc7000-7f4793dca000 ---p 00000000 00:00 0 
7f4793dca000-7f4793ece000 rw-p 00000000 00:00 0                          [stack:27712]
7f4793ece000-7f4793ed0000 r--s 00012000 08:03 34210                      /usr/lib/jvm/java-7-openjdk-amd64/jre/lib/ext/zipfs.jar
7f4793ed0000-7f4793ed1000 r--s 00002000 08:03 34216                      /usr/lib/jvm/java-7-openjdk-amd64/jre/lib/ext/dnsns.jar
7f4793ed1000-7f4793ed3000 r--s 00006000 08:03 29962                      /usr/share/java/java-atk-wrapper.jar
7f4793ed3000-7f4793ed6000 r--s 00086000 08:03 34214                      /usr/lib/jvm/java-7-openjdk-amd64/jre/lib/ext/localedata.jar
7f4793ed6000-7f4793ed9000 r--s 0000f000 08:03 34220                      /usr/lib/jvm/java-7-openjdk-amd64/jre/lib/ext/icedtea-sound.jar
7f4793ed9000-7f4793edd000 r--s 0003c000 08:03 34218                      /usr/lib/jvm/java-7-openjdk-amd64/jre/lib/ext/sunpkcs11.jar
7f4793edd000-7f4793ee1000 r--s 00034000 08:03 34212                      /usr/lib/jvm/java-7-openjdk-amd64/jre/lib/ext/sunjce_provider.jar
7f4793ee1000-7f4793ee9000 rw-s 00000000 08:03 16518784                   /tmp/hsperfdata_dfrancisco.hernandez/27708
7f4793ee9000-7f4793eea000 rw-p 00000000 00:00 0 
7f4793eea000-7f4793eeb000 ---p 00000000 00:00 0 
7f4793eeb000-7f4793eed000 rw-p 00000000 00:00 0 
7f4793eed000-7f4793eee000 r--p 00020000 08:03 26203                      /lib/x86_64-linux-gnu/ld-2.19.so
7f4793eee000-7f4793eef000 rw-p 00021000 08:03 26203                      /lib/x86_64-linux-gnu/ld-2.19.so
7f4793eef000-7f4793ef0000 rw-p 00000000 00:00 0 
7fff30670000-7fff30691000 rw-p 00000000 00:00 0                          [stack]
7fff307fe000-7fff30800000 r-xp 00000000 00:00 0                          [vdso]
ffffffffff600000-ffffffffff601000 r-xp 00000000 00:00 0                  [vsyscall]

VM Arguments:
jvm_args: -Djava.awt.headless=true -Xmx1024M -Dfile.encoding=UTF-8 -Duser.country=CO -Duser.language=es -Duser.variant 
java_command: com.android.dx.command.Main --dex --force-jumbo --num-threads=4 --output /export/estudiantes/dfrancisco.hernandez/LabsCompuMovil/Lab2Activities/app/build/intermediates/pre-dexed/debug/com.android.support-support-v4-23.4.0_030713a7068328019b9f094ccb8d6e0615873f84.jar /export/estudiantes/dfrancisco.hernandez/LabsCompuMovil/Lab2Activities/app/build/intermediates/exploded-aar/com.android.support/support-v4/23.4.0/jars/classes.jar
Launcher Type: SUN_STANDARD

Environment Variables:
PATH=~/.npm-global/bin:/usr/local/heroku/bin:/usr/local/sbin:/usr/local/bin:/usr/sbin:/usr/bin:/sbin:/bin:/usr/bin/X11
USERNAME=dfrancisco.hernandez
LD_LIBRARY_PATH=/apps/android-studio/bin:
SHELL=/bin/bash
DISPLAY=:20.0

Signal Handlers:
SIGSEGV: [libjvm.so+0x92ab50], sa_mask[0]=0x7ffbfeff, sa_flags=0x10000004
SIGBUS: [libjvm.so+0x92ab50], sa_mask[0]=0x7ffbfeff, sa_flags=0x10000004
SIGFPE: [libjvm.so+0x7aea00], sa_mask[0]=0x7ffbfeff, sa_flags=0x10000004
SIGPIPE: [libjvm.so+0x7aea00], sa_mask[0]=0x7ffbfeff, sa_flags=0x10000004
SIGXFSZ: [libjvm.so+0x7aea00], sa_mask[0]=0x7ffbfeff, sa_flags=0x10000004
SIGILL: [libjvm.so+0x7aea00], sa_mask[0]=0x7ffbfeff, sa_flags=0x10000004
SIGUSR1: SIG_DFL, sa_mask[0]=0x00000000, sa_flags=0x00000000
SIGUSR2: [libjvm.so+0x7aed40], sa_mask[0]=0x00000004, sa_flags=0x10000004
SIGHUP: [libjvm.so+0x7aeeb0], sa_mask[0]=0x7ffbfeff, sa_flags=0x10000004
SIGINT: [libjvm.so+0x7aeeb0], sa_mask[0]=0x7ffbfeff, sa_flags=0x10000004
SIGTERM: [libjvm.so+0x7aeeb0], sa_mask[0]=0x7ffbfeff, sa_flags=0x10000004
SIGQUIT: [libjvm.so+0x7aeeb0], sa_mask[0]=0x7ffbfeff, sa_flags=0x10000004
SIGTRAP: SIG_DFL, sa_mask[0]=0x00000000, sa_flags=0x00000000


---------------  S Y S T E M  ---------------

OS:LinuxMint 1 (debian)
uname:Linux 3.11-2-amd64 #1 SMP Debian 3.11.8-1 (2013-11-13) x86_64
libc:glibc 2.19 NPTL 2.19 
rlimit: STACK 8192k, CORE 0k, NPROC 62422, NOFILE 4096, AS infinity
load average:2,58 7,09 8,27

/proc/meminfo:
MemTotal:        8016148 kB
MemFree:          179948 kB
Buffers:            4348 kB
Cached:           669560 kB
SwapCached:            0 kB
Active:          4277740 kB
Inactive:         623536 kB
Active(anon):    4235300 kB
Inactive(anon):   585672 kB
Active(file):      42440 kB
Inactive(file):    37864 kB
Unevictable:        5620 kB
Mlocked:            3540 kB
SwapTotal:             0 kB
SwapFree:              0 kB
Dirty:              1372 kB
Writeback:             0 kB
AnonPages:       4233896 kB
Mapped:          2974520 kB
Shmem:            588620 kB
Slab:             109620 kB
SReclaimable:      30644 kB
SUnreclaim:        78976 kB
KernelStack:        8696 kB
PageTables:        68860 kB
NFS_Unstable:          0 kB
Bounce:                0 kB
WritebackTmp:          0 kB
CommitLimit:     4008072 kB
Committed_AS:   14793092 kB
VmallocTotal:   34359738367 kB
VmallocUsed:      378828 kB
VmallocChunk:   34359353132 kB
HardwareCorrupted:     0 kB
AnonHugePages:         0 kB
HugePages_Total:       0
HugePages_Free:        0
HugePages_Rsvd:        0
HugePages_Surp:        0
Hugepagesize:       2048 kB
DirectMap4k:       67740 kB
DirectMap2M:     8138752 kB


CPU:total 8 (4 cores per cpu, 2 threads per core) family 6 model 58 stepping 9, cmov, cx8, fxsr, mmx, sse, sse2, sse3, ssse3, sse4.1, sse4.2, popcnt, avx, aes, erms, ht, tsc, tscinvbit, tscinv

/proc/cpuinfo:
processor	: 0
vendor_id	: GenuineIntel
cpu family	: 6
model		: 58
model name	: Intel(R) Core(TM) i7-3770 CPU @ 3.40GHz
stepping	: 9
microcode	: 0x17
cpu MHz		: 3672.000
cache size	: 8192 KB
physical id	: 0
siblings	: 8
core id		: 0
cpu cores	: 4
apicid		: 0
initial apicid	: 0
fpu		: yes
fpu_exception	: yes
cpuid level	: 13
wp		: yes
flags		: fpu vme de pse tsc msr pae mce cx8 apic sep mtrr pge mca cmov pat pse36 clflush dts acpi mmx fxsr sse sse2 ss ht tm pbe syscall nx rdtscp lm constant_tsc arch_perfmon pebs bts rep_good nopl xtopology nonstop_tsc aperfmperf eagerfpu pni pclmulqdq dtes64 monitor ds_cpl vmx smx est tm2 ssse3 cx16 xtpr pdcm pcid sse4_1 sse4_2 x2apic popcnt tsc_deadline_timer aes xsave avx f16c rdrand lahf_lm ida arat epb xsaveopt pln pts dtherm tpr_shadow vnmi flexpriority ept vpid fsgsbase smep erms
bogomips	: 6784.59
clflush size	: 64
cache_alignment	: 64
address sizes	: 36 bits physical, 48 bits virtual
power management:

processor	: 1
vendor_id	: GenuineIntel
cpu family	: 6
model		: 58
model name	: Intel(R) Core(TM) i7-3770 CPU @ 3.40GHz
stepping	: 9
microcode	: 0x17
cpu MHz		: 3672.000
cache size	: 8192 KB
physical id	: 0
siblings	: 8
core id		: 1
cpu cores	: 4
apicid		: 2
initial apicid	: 2
fpu		: yes
fpu_exception	: yes
cpuid level	: 13
wp		: yes
flags		: fpu vme de pse tsc msr pae mce cx8 apic sep mtrr pge mca cmov pat pse36 clflush dts acpi mmx fxsr sse sse2 ss ht tm pbe syscall nx rdtscp lm constant_tsc arch_perfmon pebs bts rep_good nopl xtopology nonstop_tsc aperfmperf eagerfpu pni pclmulqdq dtes64 monitor ds_cpl vmx smx est tm2 ssse3 cx16 xtpr pdcm pcid sse4_1 sse4_2 x2apic popcnt tsc_deadline_timer aes xsave avx f16c rdrand lahf_lm ida arat epb xsaveopt pln pts dtherm tpr_shadow vnmi flexpriority ept vpid fsgsbase smep erms
bogomips	: 6784.59
clflush size	: 64
cache_alignment	: 64
address sizes	: 36 bits physical, 48 bits virtual
power management:

processor	: 2
vendor_id	: GenuineIntel
cpu family	: 6
model		: 58
model name	: Intel(R) Core(TM) i7-3770 CPU @ 3.40GHz
stepping	: 9
microcode	: 0x17
cpu MHz		: 3672.000
cache size	: 8192 KB
physical id	: 0
siblings	: 8
core id		: 2
cpu cores	: 4
apicid		: 4
initial apicid	: 4
fpu		: yes
fpu_exception	: yes
cpuid level	: 13
wp		: yes
flags		: fpu vme de pse tsc msr pae mce cx8 apic sep mtrr pge mca cmov pat pse36 clflush dts acpi mmx fxsr sse sse2 ss ht tm pbe syscall nx rdtscp lm constant_tsc arch_perfmon pebs bts rep_good nopl xtopology nonstop_tsc aperfmperf eagerfpu pni pclmulqdq dtes64 monitor ds_cpl vmx smx est tm2 ssse3 cx16 xtpr pdcm pcid sse4_1 sse4_2 x2apic popcnt tsc_deadline_timer aes xsave avx f16c rdrand lahf_lm ida arat epb xsaveopt pln pts dtherm tpr_shadow vnmi flexpriority ept vpid fsgsbase smep erms
bogomips	: 6784.59
clflush size	: 64
cache_alignment	: 64
address sizes	: 36 bits physical, 48 bits virtual
power management:

processor	: 3
vendor_id	: GenuineIntel
cpu family	: 6
model		: 58
model name	: Intel(R) Core(TM) i7-3770 CPU @ 3.40GHz
stepping	: 9
microcode	: 0x17
cpu MHz		: 3672.000
cache size	: 8192 KB
physical id	: 0
siblings	: 8
core id		: 3
cpu cores	: 4
apicid		: 6
initial apicid	: 6
fpu		: yes
fpu_exception	: yes
cpuid level	: 13
wp		: yes
flags		: fpu vme de pse tsc msr pae mce cx8 apic sep mtrr pge mca cmov pat pse36 clflush dts acpi mmx fxsr sse sse2 ss ht tm pbe syscall nx rdtscp lm constant_tsc arch_perfmon pebs bts rep_good nopl xtopology nonstop_tsc aperfmperf eagerfpu pni pclmulqdq dtes64 monitor ds_cpl vmx smx est tm2 ssse3 cx16 xtpr pdcm pcid sse4_1 sse4_2 x2apic popcnt tsc_deadline_timer aes xsave avx f16c rdrand lahf_lm ida arat epb xsaveopt pln pts dtherm tpr_shadow vnmi flexpriority ept vpid fsgsbase smep erms
bogomips	: 6784.59
clflush size	: 64
cache_alignment	: 64
address sizes	: 36 bits physical, 48 bits virtual
power management:

processor	: 4
vendor_id	: GenuineIntel
cpu family	: 6
model		: 58
model name	: Intel(R) Core(TM) i7-3770 CPU @ 3.40GHz
stepping	: 9
microcode	: 0x17
cpu MHz		: 3672.000
cache size	: 8192 KB
physical id	: 0
siblings	: 8
core id		: 0
cpu cores	: 4
apicid		: 1
initial apicid	: 1
fpu		: yes
fpu_exception	: yes
cpuid level	: 13
wp		: yes
flags		: fpu vme de pse tsc msr pae mce cx8 apic sep mtrr pge mca cmov pat pse36 clflush dts acpi mmx fxsr sse sse2 ss ht tm pbe syscall nx rdtscp lm constant_tsc arch_perfmon pebs bts rep_good nopl xtopology nonstop_tsc aperfmperf eagerfpu pni pclmulqdq dtes64 monitor ds_cpl vmx smx est tm2 ssse3 cx16 xtpr pdcm pcid sse4_1 sse4_2 x2apic popcnt tsc_deadline_timer aes xsave avx f16c rdrand lahf_lm ida arat epb xsaveopt pln pts dtherm tpr_shadow vnmi flexpriority ept vpid fsgsbase smep erms
bogomips	: 6784.59
clflush size	: 64
cache_alignment	: 64
address sizes	: 36 bits physical, 48 bits virtual
power management:

processor	: 5
vendor_id	: GenuineIntel
cpu family	: 6
model		: 58
model name	: Intel(R) Core(TM) i7-3770 CPU @ 3.40GHz
stepping	: 9
microcode	: 0x17
cpu MHz		: 3672.000
cache size	: 8192 KB
physical id	: 0
siblings	: 8
core id		: 1
cpu cores	: 4
apicid		: 3
initial apicid	: 3
fpu		: yes
fpu_exception	: yes
cpuid level	: 13
wp		: yes
flags		: fpu vme de pse tsc msr pae mce cx8 apic sep mtrr pge mca cmov pat pse36 clflush dts acpi mmx fxsr sse sse2 ss ht tm pbe syscall nx rdtscp lm constant_tsc arch_perfmon pebs bts rep_good nopl xtopology nonstop_tsc aperfmperf eagerfpu pni pclmulqdq dtes64 monitor ds_cpl vmx smx est tm2 ssse3 cx16 xtpr pdcm pcid sse4_1 sse4_2 x2apic popcnt tsc_deadline_timer aes xsave avx f16c rdrand lahf_lm ida arat epb xsaveopt pln pts dtherm tpr_shadow vnmi flexpriority ept vpid fsgsbase smep erms
bogomips	: 6784.59
clflush size	: 64
cache_alignment	: 64
address sizes	: 36 bits physical, 48 bits virtual
power management:

processor	: 6
vendor_id	: GenuineIntel
cpu family	: 6
model		: 58
model name	: Intel(R) Core(TM) i7-3770 CPU @ 3.40GHz
stepping	: 9
microcode	: 0x17
cpu MHz		: 3672.000
cache size	: 8192 KB
physical id	: 0
siblings	: 8
core id		: 2
cpu cores	: 4
apicid		: 5
initial apicid	: 5
fpu		: yes
fpu_exception	: yes
cpuid level	: 13
wp		: yes
flags		: fpu vme de pse tsc msr pae mce cx8 apic sep mtrr pge mca cmov pat pse36 clflush dts acpi mmx fxsr sse sse2 ss ht tm pbe syscall nx rdtscp lm constant_tsc arch_perfmon pebs bts rep_good nopl xtopology nonstop_tsc aperfmperf eagerfpu pni pclmulqdq dtes64 monitor ds_cpl vmx smx est tm2 ssse3 cx16 xtpr pdcm pcid sse4_1 sse4_2 x2apic popcnt tsc_deadline_timer aes xsave avx f16c rdrand lahf_lm ida arat epb xsaveopt pln pts dtherm tpr_shadow vnmi flexpriority ept vpid fsgsbase smep erms
bogomips	: 6784.59
clflush size	: 64
cache_alignment	: 64
address sizes	: 36 bits physical, 48 bits virtual
power management:

processor	: 7
vendor_id	: GenuineIntel
cpu family	: 6
model		: 58
model name	: Intel(R) Core(TM) i7-3770 CPU @ 3.40GHz
stepping	: 9
microcode	: 0x17
cpu MHz		: 3672.000
cache size	: 8192 KB
physical id	: 0
siblings	: 8
core id		: 3
cpu cores	: 4
apicid		: 7
initial apicid	: 7
fpu		: yes
fpu_exception	: yes
cpuid level	: 13
wp		: yes
flags		: fpu vme de pse tsc msr pae mce cx8 apic sep mtrr pge mca cmov pat pse36 clflush dts acpi mmx fxsr sse sse2 ss ht tm pbe syscall nx rdtscp lm constant_tsc arch_perfmon pebs bts rep_good nopl xtopology nonstop_tsc aperfmperf eagerfpu pni pclmulqdq dtes64 monitor ds_cpl vmx smx est tm2 ssse3 cx16 xtpr pdcm pcid sse4_1 sse4_2 x2apic popcnt tsc_deadline_timer aes xsave avx f16c rdrand lahf_lm ida arat epb xsaveopt pln pts dtherm tpr_shadow vnmi flexpriority ept vpid fsgsbase smep erms
bogomips	: 6784.59
clflush size	: 64
cache_alignment	: 64
address sizes	: 36 bits physical, 48 bits virtual
power management:



Memory: 4k page, physical 8016148k(179948k free), swap 0k(0k free)

vm_info: OpenJDK 64-Bit Server VM (24.75-b04) for linux-amd64 JRE (1.7.0_75-b13), built on Jan 29 2015 14:43:34 by "buildd" with gcc 4.7.2

time: Mon Sep  5 12:30:32 2016
elapsed time: 7 seconds

